CNF-SAT-VC: 1,2,3,6,8
APPROX-VC-1: 1,2,3,6,8
APPROX-VC-2: 1,2,3,4,5,6,7,8
0, 38972, 0, 282, 0, 143
CNF-SAT-VC: 1,2,3,6,8
APPROX-VC-1: 1,2,3,6,8
APPROX-VC-2: 1,2,3,4,5,6,7,8
0, 33183, 0, 141, 0, 43
CNF-SAT-VC: 1,2,3,6,8
APPROX-VC-1: 1,2,3,6,8
APPROX-VC-2: 1,2,3,4,5,6,7,8
0, 31701, 0, 134, 0, 34
CNF-SAT-VC: 1,2,3,6,8
APPROX-VC-1: 1,2,3,6,8
APPROX-VC-2: 1,2,3,4,5,6,7,8
0, 32328, 0, 134, 0, 42
CNF-SAT-VC: 1,2,3,6,8
APPROX-VC-1: 1,2,3,6,8
APPROX-VC-2: 1,2,3,4,5,6,7,8
0, 31731, 0, 118, 0, 42
CNF-SAT-VC: 1,2,3,6,8
APPROX-VC-1: 1,2,3,6,8
APPROX-VC-2: 1,2,3,4,5,6,7,8
0, 32902, 0, 151, 0, 42
CNF-SAT-VC: 1,2,3,6,8
APPROX-VC-1: 1,2,3,6,8
APPROX-VC-2: 1,2,3,4,5,6,7,8
0, 31692, 0, 140, 0, 36
CNF-SAT-VC: 1,2,3,6,8
APPROX-VC-1: 1,2,3,6,8
APPROX-VC-2: 1,2,3,4,5,6,7,8
0, 31805, 0, 134, 0, 31
CNF-SAT-VC: 1,2,3,6,8
APPROX-VC-1: 1,2,3,6,8
APPROX-VC-2: 1,2,3,4,5,6,7,8
0, 31833, 0, 135, 0, 40
CNF-SAT-VC: 1,2,3,6,8
APPROX-VC-1: 1,2,3,6,8
APPROX-VC-2: 1,2,3,4,5,6,7,8
0, 31623, 0, 131, 0, 42
CNF-SAT-VC: 1,2,4,6
APPROX-VC-1: 1,2,4,6
APPROX-VC-2: 1,2,3,4,6,8
0, 2853, 0, 141, 0, 36
CNF-SAT-VC: 1,2,4,6
APPROX-VC-1: 1,2,4,6
APPROX-VC-2: 1,2,3,4,6,8
0, 3635, 0, 26, 0, 36
CNF-SAT-VC: 1,2,4,6
APPROX-VC-1: 1,2,4,6
APPROX-VC-2: 1,2,3,4,6,8
0, 3287, 0, 16, 0, 32
CNF-SAT-VC: 1,2,4,6
APPROX-VC-1: 1,2,4,6
APPROX-VC-2: 1,2,3,4,6,8
0, 3065, 0, 16, 0, 23
CNF-SAT-VC: 1,2,4,6
APPROX-VC-1: 1,2,4,6
APPROX-VC-2: 1,2,3,4,6,8
0, 3605, 0, 17, 0, 30
CNF-SAT-VC: 1,2,4,6
APPROX-VC-1: 1,2,4,6
APPROX-VC-2: 1,2,3,4,6,8
0, 3404, 0, 18, 0, 26
CNF-SAT-VC: 1,2,4,6
APPROX-VC-1: 1,2,4,6
APPROX-VC-2: 1,2,3,4,6,8
0, 4822, 0, 18, 0, 29
CNF-SAT-VC: 1,2,4,6
APPROX-VC-1: 1,2,4,6
APPROX-VC-2: 1,2,3,4,6,8
0, 2821, 0, 17, 0, 26
CNF-SAT-VC: 1,2,4,6
APPROX-VC-1: 1,2,4,6
APPROX-VC-2: 1,2,3,4,6,8
0, 3336, 0, 18, 0, 26
CNF-SAT-VC: 1,2,4,6
APPROX-VC-1: 1,2,4,6
APPROX-VC-2: 1,2,3,4,6,8
0, 3364, 0, 18, 0, 27
CNF-SAT-VC: 1,2,3,4
APPROX-VC-1: 1,2,3,4
APPROX-VC-2: 1,2,3,4,5,8,9,10
0, 3744, 0, 16, 0, 24
CNF-SAT-VC: 1,2,3,4
APPROX-VC-1: 1,2,3,4
APPROX-VC-2: 1,2,3,4,5,8,9,10
0, 3575, 0, 16, 0, 26
CNF-SAT-VC: 1,2,3,4
APPROX-VC-1: 1,2,3,4
APPROX-VC-2: 1,2,3,4,5,8,9,10
0, 3658, 0, 17, 0, 25
CNF-SAT-VC: 1,2,3,4
APPROX-VC-1: 1,2,3,4
APPROX-VC-2: 1,2,3,4,5,8,9,10
0, 3698, 0, 65, 0, 32
CNF-SAT-VC: 1,2,3,4
APPROX-VC-1: 1,2,3,4
APPROX-VC-2: 1,2,3,4,5,8,9,10
0, 3585, 0, 18, 0, 27
CNF-SAT-VC: 1,2,3,4
APPROX-VC-1: 1,2,3,4
APPROX-VC-2: 1,2,3,4,5,8,9,10
0, 4060, 0, 17, 0, 43
CNF-SAT-VC: 1,2,3,4
APPROX-VC-1: 1,2,3,4
APPROX-VC-2: 1,2,3,4,5,8,9,10
0, 3961, 0, 18, 0, 28
CNF-SAT-VC: 1,2,3,4
APPROX-VC-1: 1,2,3,4
APPROX-VC-2: 1,2,3,4,5,8,9,10
0, 3720, 0, 17, 0, 27
CNF-SAT-VC: 1,2,3,4
APPROX-VC-1: 1,2,3,4
APPROX-VC-2: 1,2,3,4,5,8,9,10
0, 3793, 0, 17, 0, 25
CNF-SAT-VC: 1,2,3,4
APPROX-VC-1: 1,2,3,4
APPROX-VC-2: 1,2,3,4,5,8,9,10
0, 3697, 0, 17, 0, 26
CNF-SAT-VC: 1,2,3,4,5
APPROX-VC-1: 1,2,3,4,5
APPROX-VC-2: 1,2,3,4,5,9
0, 9883, 0, 20, 0, 27
CNF-SAT-VC: 1,2,3,4,5
APPROX-VC-1: 1,2,3,4,5
APPROX-VC-2: 1,2,3,4,5,9
0, 14378, 0, 48, 0, 38
CNF-SAT-VC: 1,2,3,4,5
APPROX-VC-1: 1,2,3,4,5
APPROX-VC-2: 1,2,3,4,5,9
0, 9931, 0, 50, 0, 48
CNF-SAT-VC: 1,2,3,4,5
APPROX-VC-1: 1,2,3,4,5
APPROX-VC-2: 1,2,3,4,5,9
0, 12714, 0, 17, 0, 23
CNF-SAT-VC: 1,2,3,4,5
APPROX-VC-1: 1,2,3,4,5
APPROX-VC-2: 1,2,3,4,5,9
0, 9814, 0, 21, 0, 28
CNF-SAT-VC: 1,2,3,4,5
APPROX-VC-1: 1,2,3,4,5
APPROX-VC-2: 1,2,3,4,5,9
0, 10414, 0, 36, 0, 36
CNF-SAT-VC: 1,2,3,4,5
APPROX-VC-1: 1,2,3,4,5
APPROX-VC-2: 1,2,3,4,5,9
0, 10085, 0, 18, 0, 24
CNF-SAT-VC: 1,2,3,4,5
APPROX-VC-1: 1,2,3,4,5
APPROX-VC-2: 1,2,3,4,5,9
0, 10347, 0, 29, 0, 54
CNF-SAT-VC: 1,2,3,4,5
APPROX-VC-1: 1,2,3,4,5
APPROX-VC-2: 1,2,3,4,5,9
0, 11702, 0, 77, 0, 31
CNF-SAT-VC: 1,2,3,4,5
APPROX-VC-1: 1,2,3,4,5
APPROX-VC-2: 1,2,3,4,5,9
0, 10233, 0, 80, 0, 33
CNF-SAT-VC: 2,3,8,9
APPROX-VC-1: 2,3,8,9
APPROX-VC-2: 1,2,3,5,8,9
0, 3676, 0, 86, 0, 40
CNF-SAT-VC: 2,3,8,9
APPROX-VC-1: 2,3,8,9
APPROX-VC-2: 1,2,3,5,8,9
0, 4076, 0, 78, 0, 25
CNF-SAT-VC: 2,3,8,9
APPROX-VC-1: 2,3,8,9
APPROX-VC-2: 1,2,3,5,8,9
0, 4042, 0, 54, 0, 25
CNF-SAT-VC: 2,3,8,9
APPROX-VC-1: 2,3,8,9
APPROX-VC-2: 1,2,3,5,8,9
0, 3772, 0, 75, 0, 24
CNF-SAT-VC: 2,3,8,9
APPROX-VC-1: 2,3,8,9
APPROX-VC-2: 1,2,3,5,8,9
0, 3827, 0, 76, 0, 29
CNF-SAT-VC: 2,3,8,9
APPROX-VC-1: 2,3,8,9
APPROX-VC-2: 1,2,3,5,8,9
0, 3957, 0, 75, 0, 33
CNF-SAT-VC: 2,3,8,9
APPROX-VC-1: 2,3,8,9
APPROX-VC-2: 1,2,3,5,8,9
0, 5303, 0, 87, 0, 28
CNF-SAT-VC: 2,3,8,9
APPROX-VC-1: 2,3,8,9
APPROX-VC-2: 1,2,3,5,8,9
0, 3953, 0, 118, 0, 24
CNF-SAT-VC: 2,3,8,9
APPROX-VC-1: 2,3,8,9
APPROX-VC-2: 1,2,3,5,8,9
0, 3850, 0, 47, 0, 32
CNF-SAT-VC: 2,3,8,9
APPROX-VC-1: 2,3,8,9
APPROX-VC-2: 1,2,3,5,8,9
0, 3709, 0, 18, 0, 27
CNF-SAT-VC: 1,2,3,4,5
APPROX-VC-1: 1,2,3,4,5
APPROX-VC-2: 1,2,3,4,5,6,7,10
0, 11722, 0, 86, 0, 26
CNF-SAT-VC: 1,2,3,4,5
APPROX-VC-1: 1,2,3,4,5
APPROX-VC-2: 1,2,3,4,5,6,7,10
0, 11641, 0, 95, 0, 37
CNF-SAT-VC: 1,2,3,4,5
APPROX-VC-1: 1,2,3,4,5
APPROX-VC-2: 1,2,3,4,5,6,7,10
0, 12210, 0, 114, 0, 39
CNF-SAT-VC: 1,2,3,4,5
APPROX-VC-1: 1,2,3,4,5
APPROX-VC-2: 1,2,3,4,5,6,7,10
0, 11662, 0, 121, 0, 25
CNF-SAT-VC: 1,2,3,4,5
APPROX-VC-1: 1,2,3,4,5
APPROX-VC-2: 1,2,3,4,5,6,7,10
0, 11639, 0, 118, 0, 39
CNF-SAT-VC: 1,2,3,4,5
APPROX-VC-1: 1,2,3,4,5
APPROX-VC-2: 1,2,3,4,5,6,7,10
0, 11656, 0, 97, 0, 40
CNF-SAT-VC: 1,2,3,4,5
APPROX-VC-1: 1,2,3,4,5
APPROX-VC-2: 1,2,3,4,5,6,7,10
0, 11690, 0, 134, 0, 24
CNF-SAT-VC: 1,2,3,4,5
APPROX-VC-1: 1,2,3,4,5
APPROX-VC-2: 1,2,3,4,5,6,7,10
0, 11707, 0, 129, 0, 41
CNF-SAT-VC: 1,2,3,4,5
APPROX-VC-1: 1,2,3,4,5
APPROX-VC-2: 1,2,3,4,5,6,7,10
0, 11699, 0, 119, 0, 33
CNF-SAT-VC: 1,2,3,4,5
APPROX-VC-1: 1,2,3,4,5
APPROX-VC-2: 1,2,3,4,5,6,7,10
0, 11711, 0, 118, 0, 32
CNF-SAT-VC: 1,2,3,4,7,8
APPROX-VC-1: 1,2,3,4,7,8
APPROX-VC-2: 1,2,3,4,5,6,7,8,9,10
0, 108105, 0, 143, 0, 49
CNF-SAT-VC: 1,2,3,4,7,8
APPROX-VC-1: 1,2,3,4,7,8
APPROX-VC-2: 1,2,3,4,5,6,7,8,9,10
0, 106159, 0, 124, 0, 33
CNF-SAT-VC: 1,2,3,4,7,8
APPROX-VC-1: 1,2,3,4,7,8
APPROX-VC-2: 1,2,3,4,5,6,7,8,9,10
0, 108249, 0, 129, 0, 44
CNF-SAT-VC: 1,2,3,4,7,8
APPROX-VC-1: 1,2,3,4,7,8
APPROX-VC-2: 1,2,3,4,5,6,7,8,9,10
0, 110937, 0, 26, 0, 39
CNF-SAT-VC: 1,2,3,4,7,8
APPROX-VC-1: 1,2,3,4,7,8
APPROX-VC-2: 1,2,3,4,5,6,7,8,9,10
0, 106805, 0, 115, 0, 38
CNF-SAT-VC: 1,2,3,4,7,8
APPROX-VC-1: 1,2,3,4,7,8
APPROX-VC-2: 1,2,3,4,5,6,7,8,9,10
0, 188861, 0, 79, 0, 39
CNF-SAT-VC: 1,2,3,4,7,8
APPROX-VC-1: 1,2,3,4,7,8
APPROX-VC-2: 1,2,3,4,5,6,7,8,9,10
0, 115952, 0, 83, 0, 45
CNF-SAT-VC: 1,2,3,4,7,8
APPROX-VC-1: 1,2,3,4,7,8
APPROX-VC-2: 1,2,3,4,5,6,7,8,9,10
0, 113923, 0, 19, 0, 29
CNF-SAT-VC: 1,2,3,4,7,8
APPROX-VC-1: 1,2,3,4,7,8
APPROX-VC-2: 1,2,3,4,5,6,7,8,9,10
0, 114902, 0, 130, 0, 39
CNF-SAT-VC: 1,2,3,4,7,8
APPROX-VC-1: 1,2,3,4,7,8
APPROX-VC-2: 1,2,3,4,5,6,7,8,9,10
0, 107561, 0, 88, 0, 44
CNF-SAT-VC: 1,2,3,6,8
APPROX-VC-1: 1,2,3,6,8
APPROX-VC-2: 1,2,3,4,5,8,9,10
0, 12326, 0, 117, 0, 34
CNF-SAT-VC: 1,2,3,6,8
APPROX-VC-1: 1,2,3,6,8
APPROX-VC-2: 1,2,3,4,5,8,9,10
0, 12287, 0, 78, 0, 43
CNF-SAT-VC: 1,2,3,6,8
APPROX-VC-1: 1,2,3,6,8
APPROX-VC-2: 1,2,3,4,5,8,9,10
0, 9134, 0, 126, 0, 41
CNF-SAT-VC: 1,2,3,6,8
APPROX-VC-1: 1,2,3,6,8
APPROX-VC-2: 1,2,3,4,5,8,9,10
0, 11271, 0, 83, 0, 49
CNF-SAT-VC: 1,2,3,6,8
APPROX-VC-1: 1,2,3,6,8
APPROX-VC-2: 1,2,3,4,5,8,9,10
0, 8908, 0, 118, 0, 24
CNF-SAT-VC: 1,2,3,6,8
APPROX-VC-1: 1,2,3,6,8
APPROX-VC-2: 1,2,3,4,5,8,9,10
0, 9111, 0, 135, 0, 30
CNF-SAT-VC: 1,2,3,6,8
APPROX-VC-1: 1,2,3,6,8
APPROX-VC-2: 1,2,3,4,5,8,9,10
0, 10500, 0, 108, 0, 42
CNF-SAT-VC: 1,2,3,6,8
APPROX-VC-1: 1,2,3,6,8
APPROX-VC-2: 1,2,3,4,5,8,9,10
0, 8894, 0, 91, 0, 25
CNF-SAT-VC: 1,2,3,6,8
APPROX-VC-1: 1,2,3,6,8
APPROX-VC-2: 1,2,3,4,5,8,9,10
0, 8916, 0, 86, 0, 32
CNF-SAT-VC: 1,2,3,6,8
APPROX-VC-1: 1,2,3,6,8
APPROX-VC-2: 1,2,3,4,5,8,9,10
0, 8893, 0, 120, 0, 29
CNF-SAT-VC: 1,2,5,6,8
APPROX-VC-1: 1,2,5,6,8
APPROX-VC-2: 1,2,3,4,5,6,7,8
0, 43817, 0, 127, 0, 33
CNF-SAT-VC: 1,2,5,6,8
APPROX-VC-1: 1,2,5,6,8
APPROX-VC-2: 1,2,3,4,5,6,7,8
0, 45083, 0, 130, 0, 35
CNF-SAT-VC: 1,2,5,6,8
APPROX-VC-1: 1,2,5,6,8
APPROX-VC-2: 1,2,3,4,5,6,7,8
0, 43965, 0, 148, 0, 41
CNF-SAT-VC: 1,2,5,6,8
APPROX-VC-1: 1,2,5,6,8
APPROX-VC-2: 1,2,3,4,5,6,7,8
0, 48118, 0, 129, 0, 41
CNF-SAT-VC: 1,2,5,6,8
APPROX-VC-1: 1,2,5,6,8
APPROX-VC-2: 1,2,3,4,5,6,7,8
0, 46721, 0, 132, 0, 41
CNF-SAT-VC: 1,2,5,6,8
APPROX-VC-1: 1,2,5,6,8
APPROX-VC-2: 1,2,3,4,5,6,7,8
0, 44335, 0, 127, 0, 30
CNF-SAT-VC: 1,2,5,6,8
APPROX-VC-1: 1,2,5,6,8
APPROX-VC-2: 1,2,3,4,5,6,7,8
0, 44448, 0, 121, 0, 37
CNF-SAT-VC: 1,2,5,6,8
APPROX-VC-1: 1,2,5,6,8
APPROX-VC-2: 1,2,3,4,5,6,7,8
0, 43862, 0, 135, 0, 33
CNF-SAT-VC: 1,2,5,6,8
APPROX-VC-1: 1,2,5,6,8
APPROX-VC-2: 1,2,3,4,5,6,7,8
0, 43926, 0, 132, 0, 41
CNF-SAT-VC: 1,2,5,6,8
APPROX-VC-1: 1,2,5,6,8
APPROX-VC-2: 1,2,3,4,5,6,7,8
0, 45549, 0, 119, 0, 37
CNF-SAT-VC: 1,2,3,4,5
APPROX-VC-1: 1,2,3,4,5
APPROX-VC-2: 1,2,3,4,5,9
0, 16848, 0, 124, 0, 33
CNF-SAT-VC: 1,2,3,4,5
APPROX-VC-1: 1,2,3,4,5
APPROX-VC-2: 1,2,3,4,5,9
0, 15782, 0, 126, 0, 28
CNF-SAT-VC: 1,2,3,4,5
APPROX-VC-1: 1,2,3,4,5
APPROX-VC-2: 1,2,3,4,5,9
0, 17411, 0, 132, 0, 39
CNF-SAT-VC: 1,2,3,4,5
APPROX-VC-1: 1,2,3,4,5
APPROX-VC-2: 1,2,3,4,5,9
0, 15786, 0, 120, 0, 39
CNF-SAT-VC: 1,2,3,4,5
APPROX-VC-1: 1,2,3,4,5
APPROX-VC-2: 1,2,3,4,5,9
0, 15757, 0, 127, 0, 38
CNF-SAT-VC: 1,2,3,4,5
APPROX-VC-1: 1,2,3,4,5
APPROX-VC-2: 1,2,3,4,5,9
0, 15717, 0, 144, 0, 35
CNF-SAT-VC: 1,2,3,4,5
APPROX-VC-1: 1,2,3,4,5
APPROX-VC-2: 1,2,3,4,5,9
0, 15779, 0, 118, 0, 29
CNF-SAT-VC: 1,2,3,4,5
APPROX-VC-1: 1,2,3,4,5
APPROX-VC-2: 1,2,3,4,5,9
0, 15700, 0, 130, 0, 39
CNF-SAT-VC: 1,2,3,4,5
APPROX-VC-1: 1,2,3,4,5
APPROX-VC-2: 1,2,3,4,5,9
0, 16851, 0, 140, 0, 39
CNF-SAT-VC: 1,2,3,4,5
APPROX-VC-1: 1,2,3,4,5
APPROX-VC-2: 1,2,3,4,5,9
0, 16851, 0, 118, 0, 27
