CNF-SAT-VC: 2,3,6,7,8,9,14,15
APPROX-VC-1: 1,3,4,5,6,8,9,13
APPROX-VC-2: 1,2,3,4,5,6,7,8,9,10,11,12,13,15
10, 2767, 0, 104, 0, 84
CNF-SAT-VC: 2,3,6,7,8,9,14,15
APPROX-VC-1: 1,3,4,5,6,8,9,13
APPROX-VC-2: 1,2,3,4,5,6,7,8,9,10,11,12,13,15
10, 8558, 0, 64, 0, 56
CNF-SAT-VC: 2,3,6,7,8,9,14,15
APPROX-VC-1: 1,3,4,5,6,8,9,13
APPROX-VC-2: 1,2,3,4,5,6,7,8,9,10,11,12,13,15
10, 31404, 0, 65, 0, 60
CNF-SAT-VC: 2,3,6,7,8,9,14,15
APPROX-VC-1: 1,3,4,5,6,8,9,13
APPROX-VC-2: 1,2,3,4,5,6,7,8,9,10,11,12,13,15
10, 11442, 0, 74, 0, 68
CNF-SAT-VC: 2,3,6,7,8,9,14,15
APPROX-VC-1: 1,3,4,5,6,8,9,13
APPROX-VC-2: 1,2,3,4,5,6,7,8,9,10,11,12,13,15
9, 992965, 0, 50, 0, 45
CNF-SAT-VC: 2,3,6,7,8,9,14,15
APPROX-VC-1: 1,3,4,5,6,8,9,13
APPROX-VC-2: 1,2,3,4,5,6,7,8,9,10,11,12,13,15
9, 973035, 0, 43, 0, 51
CNF-SAT-VC: 2,3,6,7,8,9,14,15
APPROX-VC-1: 1,3,4,5,6,8,9,13
APPROX-VC-2: 1,2,3,4,5,6,7,8,9,10,11,12,13,15
9, 973354, 0, 53, 0, 15
CNF-SAT-VC: 2,3,6,7,8,9,14,15
APPROX-VC-1: 1,3,4,5,6,8,9,13
APPROX-VC-2: 1,2,3,4,5,6,7,8,9,10,11,12,13,15
10, 2025, 0, 51, 0, 14
CNF-SAT-VC: 2,3,6,7,8,9,14,15
APPROX-VC-1: 1,3,4,5,6,8,9,13
APPROX-VC-2: 1,2,3,4,5,6,7,8,9,10,11,12,13,15
10, 11005, 0, 47, 0, 43
CNF-SAT-VC: 2,3,6,7,8,9,14,15
APPROX-VC-1: 1,3,4,5,6,8,9,13
APPROX-VC-2: 1,2,3,4,5,6,7,8,9,10,11,12,13,15
9, 987961, 0, 32, 0, 44
CNF-SAT-VC: 1,3,8,9,11,12,15
APPROX-VC-1: 1,3,8,9,11,12,15
APPROX-VC-2: 1,2,3,6,7,8,9,10,11,12,14,15
13, 165510, 0, 47, 0, 14
CNF-SAT-VC: 1,3,8,9,11,12,15
APPROX-VC-1: 1,3,8,9,11,12,15
APPROX-VC-2: 1,2,3,6,7,8,9,10,11,12,14,15
13, 133512, 0, 49, 0, 43
CNF-SAT-VC: 1,3,8,9,11,12,15
APPROX-VC-1: 1,3,8,9,11,12,15
APPROX-VC-2: 1,2,3,6,7,8,9,10,11,12,14,15
13, 134959, 0, 46, 0, 44
CNF-SAT-VC: 1,3,8,9,11,12,15
APPROX-VC-1: 1,3,8,9,11,12,15
APPROX-VC-2: 1,2,3,6,7,8,9,10,11,12,14,15
13, 111569, 0, 51, 0, 29
CNF-SAT-VC: 1,3,8,9,11,12,15
APPROX-VC-1: 1,3,8,9,11,12,15
APPROX-VC-2: 1,2,3,6,7,8,9,10,11,12,14,15
13, 175388, 0, 15, 0, 69
CNF-SAT-VC: 1,3,8,9,11,12,15
APPROX-VC-1: 1,3,8,9,11,12,15
APPROX-VC-2: 1,2,3,6,7,8,9,10,11,12,14,15
13, 145977, 0, 42, 0, 46
CNF-SAT-VC: 1,3,8,9,11,12,15
APPROX-VC-1: 1,3,8,9,11,12,15
APPROX-VC-2: 1,2,3,6,7,8,9,10,11,12,14,15
13, 120553, 0, 46, 0, 43
CNF-SAT-VC: 1,3,8,9,11,12,15
APPROX-VC-1: 1,3,8,9,11,12,15
APPROX-VC-2: 1,2,3,6,7,8,9,10,11,12,14,15
13, 139025, 0, 48, 0, 13
CNF-SAT-VC: 1,3,8,9,11,12,15
APPROX-VC-1: 1,3,8,9,11,12,15
APPROX-VC-2: 1,2,3,6,7,8,9,10,11,12,14,15
13, 157572, 0, 42, 0, 46
CNF-SAT-VC: 1,3,8,9,11,12,15
APPROX-VC-1: 1,3,8,9,11,12,15
APPROX-VC-2: 1,2,3,6,7,8,9,10,11,12,14,15
13, 151198, 0, 42, 0, 58
CNF-SAT-VC: 2,3,8,11,13,14,15
APPROX-VC-1: 1,2,7,8,10,13,14
APPROX-VC-2: 1,2,4,7,8,9,10,11,13,14
1, 219603, 0, 45, 0, 43
CNF-SAT-VC: 2,3,8,11,13,14,15
APPROX-VC-1: 1,2,7,8,10,13,14
APPROX-VC-2: 1,2,4,7,8,9,10,11,13,14
1, 220118, 0, 46, 0, 43
CNF-SAT-VC: 2,3,8,11,13,14,15
APPROX-VC-1: 1,2,7,8,10,13,14
APPROX-VC-2: 1,2,4,7,8,9,10,11,13,14
1, 220741, 0, 44, 0, 44
CNF-SAT-VC: 2,3,8,11,13,14,15
APPROX-VC-1: 1,2,7,8,10,13,14
APPROX-VC-2: 1,2,4,7,8,9,10,11,13,14
1, 219932, 0, 48, 0, 43
CNF-SAT-VC: 2,3,8,11,13,14,15
APPROX-VC-1: 1,2,7,8,10,13,14
APPROX-VC-2: 1,2,4,7,8,9,10,11,13,14
1, 225079, 0, 45, 0, 43
CNF-SAT-VC: 2,3,8,11,13,14,15
APPROX-VC-1: 1,2,7,8,10,13,14
APPROX-VC-2: 1,2,4,7,8,9,10,11,13,14
1, 222344, 0, 48, 0, 13
CNF-SAT-VC: 2,3,8,11,13,14,15
APPROX-VC-1: 1,2,7,8,10,13,14
APPROX-VC-2: 1,2,4,7,8,9,10,11,13,14
1, 218535, 0, 41, 0, 48
CNF-SAT-VC: 2,3,8,11,13,14,15
APPROX-VC-1: 1,2,7,8,10,13,14
APPROX-VC-2: 1,2,4,7,8,9,10,11,13,14
1, 223574, 0, 13, 0, 14
CNF-SAT-VC: 2,3,8,11,13,14,15
APPROX-VC-1: 1,2,7,8,10,13,14
APPROX-VC-2: 1,2,4,7,8,9,10,11,13,14
1, 221491, 0, 77, 0, 65
CNF-SAT-VC: 2,3,8,11,13,14,15
APPROX-VC-1: 1,2,7,8,10,13,14
APPROX-VC-2: 1,2,4,7,8,9,10,11,13,14
1, 226418, 0, 52, 0, 14
CNF-SAT-VC: 2,3,4,5,7,8
APPROX-VC-1: 2,3,4,5,7,8
APPROX-VC-2: 1,2,3,4,5,6,7,8,9,12,13,15
0, 124941, 0, 43, 0, 14
CNF-SAT-VC: 2,3,4,5,7,8
APPROX-VC-1: 2,3,4,5,7,8
APPROX-VC-2: 1,2,3,4,5,6,7,8,9,12,13,15
0, 125263, 0, 59, 0, 53
CNF-SAT-VC: 2,3,4,5,7,8
APPROX-VC-1: 2,3,4,5,7,8
APPROX-VC-2: 1,2,3,4,5,6,7,8,9,12,13,15
0, 125129, 0, 61, 0, 56
CNF-SAT-VC: 2,3,4,5,7,8
APPROX-VC-1: 2,3,4,5,7,8
APPROX-VC-2: 1,2,3,4,5,6,7,8,9,12,13,15
0, 124988, 0, 43, 0, 51
CNF-SAT-VC: 2,3,4,5,7,8
APPROX-VC-1: 2,3,4,5,7,8
APPROX-VC-2: 1,2,3,4,5,6,7,8,9,12,13,15
0, 124719, 0, 13, 0, 16
CNF-SAT-VC: 2,3,4,5,7,8
APPROX-VC-1: 2,3,4,5,7,8
APPROX-VC-2: 1,2,3,4,5,6,7,8,9,12,13,15
0, 125022, 0, 64, 0, 56
CNF-SAT-VC: 2,3,4,5,7,8
APPROX-VC-1: 2,3,4,5,7,8
APPROX-VC-2: 1,2,3,4,5,6,7,8,9,12,13,15
0, 124940, 0, 19, 0, 14
CNF-SAT-VC: 2,3,4,5,7,8
APPROX-VC-1: 2,3,4,5,7,8
APPROX-VC-2: 1,2,3,4,5,6,7,8,9,12,13,15
0, 124655, 0, 56, 0, 51
CNF-SAT-VC: 2,3,4,5,7,8
APPROX-VC-1: 2,3,4,5,7,8
APPROX-VC-2: 1,2,3,4,5,6,7,8,9,12,13,15
0, 124604, 0, 64, 0, 59
CNF-SAT-VC: 2,3,4,5,7,8
APPROX-VC-1: 2,3,4,5,7,8
APPROX-VC-2: 1,2,3,4,5,6,7,8,9,12,13,15
0, 125308, 0, 59, 0, 55
CNF-SAT-VC: 1,2,5,10,11,13,15
APPROX-VC-1: 1,2,3,5,10,11,13
APPROX-VC-2: 1,2,3,4,5,7,8,9,10,11,13,15
1, 502963, 0, 56, 0, 51
CNF-SAT-VC: 1,2,5,10,11,13,15
APPROX-VC-1: 1,2,3,5,10,11,13
APPROX-VC-2: 1,2,3,4,5,7,8,9,10,11,13,15
1, 487469, 0, 51, 0, 14
CNF-SAT-VC: 1,2,5,10,11,13,15
APPROX-VC-1: 1,2,3,5,10,11,13
APPROX-VC-2: 1,2,3,4,5,7,8,9,10,11,13,15
1, 492014, 0, 49, 0, 44
CNF-SAT-VC: 1,2,5,10,11,13,15
APPROX-VC-1: 1,2,3,5,10,11,13
APPROX-VC-2: 1,2,3,4,5,7,8,9,10,11,13,15
1, 488079, 0, 65, 0, 60
CNF-SAT-VC: 1,2,5,10,11,13,15
APPROX-VC-1: 1,2,3,5,10,11,13
APPROX-VC-2: 1,2,3,4,5,7,8,9,10,11,13,15
1, 489096, 0, 47, 0, 41
CNF-SAT-VC: 1,2,5,10,11,13,15
APPROX-VC-1: 1,2,3,5,10,11,13
APPROX-VC-2: 1,2,3,4,5,7,8,9,10,11,13,15
1, 490645, 0, 43, 0, 49
CNF-SAT-VC: 1,2,5,10,11,13,15
APPROX-VC-1: 1,2,3,5,10,11,13
APPROX-VC-2: 1,2,3,4,5,7,8,9,10,11,13,15
1, 490608, 0, 65, 0, 62
CNF-SAT-VC: 1,2,5,10,11,13,15
APPROX-VC-1: 1,2,3,5,10,11,13
APPROX-VC-2: 1,2,3,4,5,7,8,9,10,11,13,15
1, 496930, 0, 47, 0, 13
CNF-SAT-VC: 1,2,5,10,11,13,15
APPROX-VC-1: 1,2,3,5,10,11,13
APPROX-VC-2: 1,2,3,4,5,7,8,9,10,11,13,15
1, 494599, 0, 13, 0, 60
CNF-SAT-VC: 1,2,5,10,11,13,15
APPROX-VC-1: 1,2,3,5,10,11,13
APPROX-VC-2: 1,2,3,4,5,7,8,9,10,11,13,15
1, 487656, 0, 46, 0, 15
CNF-SAT-VC: 1,2,3,4,6,7,8,11
APPROX-VC-1: 1,2,3,4,6,7,8,11
APPROX-VC-2: 1,2,3,4,5,6,7,8,11,12,13,15
8, 709176, 0, 44, 0, 51
CNF-SAT-VC: 1,2,3,4,6,7,8,11
APPROX-VC-1: 1,2,3,4,6,7,8,11
APPROX-VC-2: 1,2,3,4,5,6,7,8,11,12,13,15
8, 660866, 0, 42, 0, 44
CNF-SAT-VC: 1,2,3,4,6,7,8,11
APPROX-VC-1: 1,2,3,4,6,7,8,11
APPROX-VC-2: 1,2,3,4,5,6,7,8,11,12,13,15
8, 648222, 0, 43, 0, 48
CNF-SAT-VC: 1,2,3,4,6,7,8,11
APPROX-VC-1: 1,2,3,4,6,7,8,11
APPROX-VC-2: 1,2,3,4,5,6,7,8,11,12,13,15
8, 744309, 0, 43, 0, 43
CNF-SAT-VC: 1,2,3,4,6,7,8,11
APPROX-VC-1: 1,2,3,4,6,7,8,11
APPROX-VC-2: 1,2,3,4,5,6,7,8,11,12,13,15
8, 688401, 0, 57, 0, 15
CNF-SAT-VC: 1,2,3,4,6,7,8,11
APPROX-VC-1: 1,2,3,4,6,7,8,11
APPROX-VC-2: 1,2,3,4,5,6,7,8,11,12,13,15
8, 648790, 0, 48, 0, 15
CNF-SAT-VC: 1,2,3,4,6,7,8,11
APPROX-VC-1: 1,2,3,4,6,7,8,11
APPROX-VC-2: 1,2,3,4,5,6,7,8,11,12,13,15
8, 691071, 0, 50, 0, 14
CNF-SAT-VC: 1,2,3,4,6,7,8,11
APPROX-VC-1: 1,2,3,4,6,7,8,11
APPROX-VC-2: 1,2,3,4,5,6,7,8,11,12,13,15
8, 696562, 0, 52, 0, 15
CNF-SAT-VC: 1,2,3,4,6,7,8,11
APPROX-VC-1: 1,2,3,4,6,7,8,11
APPROX-VC-2: 1,2,3,4,5,6,7,8,11,12,13,15
8, 685611, 0, 45, 0, 15
CNF-SAT-VC: 1,2,3,4,6,7,8,11
APPROX-VC-1: 1,2,3,4,6,7,8,11
APPROX-VC-2: 1,2,3,4,5,6,7,8,11,12,13,15
8, 657304, 0, 59, 0, 51
CNF-SAT-VC: 1,3,4,6,8,10,12,13
APPROX-VC-1: 1,3,4,6,10,11,12,13
APPROX-VC-2: 1,2,3,4,5,6,7,10,11,12,13,14
16, 466461, 0, 43, 0, 48
CNF-SAT-VC: 1,3,4,6,8,10,12,13
APPROX-VC-1: 1,3,4,6,10,11,12,13
APPROX-VC-2: 1,2,3,4,5,6,7,10,11,12,13,14
16, 473966, 0, 59, 0, 53
CNF-SAT-VC: 1,3,4,6,8,10,12,13
APPROX-VC-1: 1,3,4,6,10,11,12,13
APPROX-VC-2: 1,2,3,4,5,6,7,10,11,12,13,14
16, 578129, 0, 44, 0, 14
CNF-SAT-VC: 1,3,4,6,8,10,12,13
APPROX-VC-1: 1,3,4,6,10,11,12,13
APPROX-VC-2: 1,2,3,4,5,6,7,10,11,12,13,14
16, 470966, 0, 48, 0, 46
CNF-SAT-VC: 1,3,4,6,8,10,12,13
APPROX-VC-1: 1,3,4,6,10,11,12,13
APPROX-VC-2: 1,2,3,4,5,6,7,10,11,12,13,14
16, 457100, 0, 49, 0, 15
CNF-SAT-VC: 1,3,4,6,8,10,12,13
APPROX-VC-1: 1,3,4,6,10,11,12,13
APPROX-VC-2: 1,2,3,4,5,6,7,10,11,12,13,14
16, 497316, 0, 44, 0, 14
CNF-SAT-VC: 1,3,4,6,8,10,12,13
APPROX-VC-1: 1,3,4,6,10,11,12,13
APPROX-VC-2: 1,2,3,4,5,6,7,10,11,12,13,14
16, 425455, 0, 54, 0, 16
CNF-SAT-VC: 1,3,4,6,8,10,12,13
APPROX-VC-1: 1,3,4,6,10,11,12,13
APPROX-VC-2: 1,2,3,4,5,6,7,10,11,12,13,14
16, 404210, 0, 42, 0, 47
CNF-SAT-VC: 1,3,4,6,8,10,12,13
APPROX-VC-1: 1,3,4,6,10,11,12,13
APPROX-VC-2: 1,2,3,4,5,6,7,10,11,12,13,14
16, 414801, 0, 44, 0, 44
CNF-SAT-VC: 1,3,4,6,8,10,12,13
APPROX-VC-1: 1,3,4,6,10,11,12,13
APPROX-VC-2: 1,2,3,4,5,6,7,10,11,12,13,14
16, 416124, 0, 46, 0, 42
CNF-SAT-VC: 1,2,3,5,8,9,10
APPROX-VC-1: 1,2,3,5,8,9,10
APPROX-VC-2: 1,2,3,4,5,7,8,9,10,11,13,15
0, 605333, 0, 45, 0, 44
CNF-SAT-VC: 1,2,3,5,8,9,10
APPROX-VC-1: 1,2,3,5,8,9,10
APPROX-VC-2: 1,2,3,4,5,7,8,9,10,11,13,15
0, 607844, 0, 46, 0, 44
CNF-SAT-VC: 1,2,3,5,8,9,10
APPROX-VC-1: 1,2,3,5,8,9,10
APPROX-VC-2: 1,2,3,4,5,7,8,9,10,11,13,15
0, 608795, 0, 46, 0, 13
CNF-SAT-VC: 1,2,3,5,8,9,10
APPROX-VC-1: 1,2,3,5,8,9,10
APPROX-VC-2: 1,2,3,4,5,7,8,9,10,11,13,15
0, 611065, 0, 60, 0, 53
CNF-SAT-VC: 1,2,3,5,8,9,10
APPROX-VC-1: 1,2,3,5,8,9,10
APPROX-VC-2: 1,2,3,4,5,7,8,9,10,11,13,15
0, 606009, 0, 46, 0, 47
CNF-SAT-VC: 1,2,3,5,8,9,10
APPROX-VC-1: 1,2,3,5,8,9,10
APPROX-VC-2: 1,2,3,4,5,7,8,9,10,11,13,15
0, 604515, 0, 70, 0, 45
CNF-SAT-VC: 1,2,3,5,8,9,10
APPROX-VC-1: 1,2,3,5,8,9,10
APPROX-VC-2: 1,2,3,4,5,7,8,9,10,11,13,15
0, 604936, 0, 33, 0, 28
CNF-SAT-VC: 1,2,3,5,8,9,10
APPROX-VC-1: 1,2,3,5,8,9,10
APPROX-VC-2: 1,2,3,4,5,7,8,9,10,11,13,15
0, 609306, 0, 49, 0, 44
CNF-SAT-VC: 1,2,3,5,8,9,10
APPROX-VC-1: 1,2,3,5,8,9,10
APPROX-VC-2: 1,2,3,4,5,7,8,9,10,11,13,15
0, 606656, 0, 13, 0, 48
CNF-SAT-VC: 1,2,3,5,8,9,10
APPROX-VC-1: 1,2,3,5,8,9,10
APPROX-VC-2: 1,2,3,4,5,7,8,9,10,11,13,15
0, 606157, 0, 49, 0, 44
CNF-SAT-VC: 2,4,7,8,11,13,14
APPROX-VC-1: 2,3,4,5,9,10,11,13
APPROX-VC-2: 1,2,3,4,5,6,7,8,9,11,12,13,14,15
6, 298908, 0, 42, 0, 57
CNF-SAT-VC: 2,4,7,8,11,13,14
APPROX-VC-1: 2,3,4,5,9,10,11,13
APPROX-VC-2: 1,2,3,4,5,6,7,8,9,11,12,13,14,15
6, 282188, 0, 14, 0, 44
CNF-SAT-VC: 2,4,7,8,11,13,14
APPROX-VC-1: 2,3,4,5,9,10,11,13
APPROX-VC-2: 1,2,3,4,5,6,7,8,9,11,12,13,14,15
6, 284066, 0, 49, 0, 14
CNF-SAT-VC: 2,4,7,8,11,13,14
APPROX-VC-1: 2,3,4,5,9,10,11,13
APPROX-VC-2: 1,2,3,4,5,6,7,8,9,11,12,13,14,15
6, 280438, 0, 48, 0, 44
CNF-SAT-VC: 2,4,7,8,11,13,14
APPROX-VC-1: 2,3,4,5,9,10,11,13
APPROX-VC-2: 1,2,3,4,5,6,7,8,9,11,12,13,14,15
6, 278358, 0, 46, 0, 43
CNF-SAT-VC: 2,4,7,8,11,13,14
APPROX-VC-1: 2,3,4,5,9,10,11,13
APPROX-VC-2: 1,2,3,4,5,6,7,8,9,11,12,13,14,15
6, 282034, 0, 46, 0, 43
CNF-SAT-VC: 2,4,7,8,11,13,14
APPROX-VC-1: 2,3,4,5,9,10,11,13
APPROX-VC-2: 1,2,3,4,5,6,7,8,9,11,12,13,14,15
6, 286572, 0, 57, 0, 14
CNF-SAT-VC: 2,4,7,8,11,13,14
APPROX-VC-1: 2,3,4,5,9,10,11,13
APPROX-VC-2: 1,2,3,4,5,6,7,8,9,11,12,13,14,15
6, 343462, 0, 43, 0, 47
CNF-SAT-VC: 2,4,7,8,11,13,14
APPROX-VC-1: 2,3,4,5,9,10,11,13
APPROX-VC-2: 1,2,3,4,5,6,7,8,9,11,12,13,14,15
6, 282082, 0, 49, 0, 43
CNF-SAT-VC: 2,4,7,8,11,13,14
APPROX-VC-1: 2,3,4,5,9,10,11,13
APPROX-VC-2: 1,2,3,4,5,6,7,8,9,11,12,13,14,15
6, 281251, 0, 65, 0, 79
CNF-SAT-VC: 2,3,5,7,8,11,12
APPROX-VC-1: 2,3,5,7,8,11,12
APPROX-VC-2: 1,2,3,4,5,7,8,9,11,13
1, 699041, 0, 44, 0, 13
CNF-SAT-VC: 2,3,5,7,8,11,12
APPROX-VC-1: 2,3,5,7,8,11,12
APPROX-VC-2: 1,2,3,4,5,7,8,9,11,13
1, 698599, 0, 44, 0, 13
CNF-SAT-VC: 2,3,5,7,8,11,12
APPROX-VC-1: 2,3,5,7,8,11,12
APPROX-VC-2: 1,2,3,4,5,7,8,9,11,13
1, 700764, 0, 15, 0, 14
CNF-SAT-VC: 2,3,5,7,8,11,12
APPROX-VC-1: 2,3,5,7,8,11,12
APPROX-VC-2: 1,2,3,4,5,7,8,9,11,13
1, 699038, 0, 46, 0, 17
CNF-SAT-VC: 2,3,5,7,8,11,12
APPROX-VC-1: 2,3,5,7,8,11,12
APPROX-VC-2: 1,2,3,4,5,7,8,9,11,13
1, 704193, 0, 49, 0, 43
CNF-SAT-VC: 2,3,5,7,8,11,12
APPROX-VC-1: 2,3,5,7,8,11,12
APPROX-VC-2: 1,2,3,4,5,7,8,9,11,13
1, 700179, 0, 16, 0, 14
CNF-SAT-VC: 2,3,5,7,8,11,12
APPROX-VC-1: 2,3,5,7,8,11,12
APPROX-VC-2: 1,2,3,4,5,7,8,9,11,13
1, 701414, 0, 48, 0, 14
CNF-SAT-VC: 2,3,5,7,8,11,12
APPROX-VC-1: 2,3,5,7,8,11,12
APPROX-VC-2: 1,2,3,4,5,7,8,9,11,13
1, 701048, 0, 65, 0, 61
CNF-SAT-VC: 2,3,5,7,8,11,12
APPROX-VC-1: 2,3,5,7,8,11,12
APPROX-VC-2: 1,2,3,4,5,7,8,9,11,13
1, 696765, 0, 50, 0, 13
CNF-SAT-VC: 2,3,5,7,8,11,12
APPROX-VC-1: 2,3,5,7,8,11,12
APPROX-VC-2: 1,2,3,4,5,7,8,9,11,13
1, 699013, 0, 44, 0, 14
