CNF-SAT-VC: timeout
APPROX-VC-1: 5,6,7,8,10,11,13,16,17,18
APPROX-VC-2: 1,2,3,4,5,6,7,8,9,10,11,12,13,15,16,18,19,20
300, 0, 0, 202, 0, 185
CNF-SAT-VC: timeout
APPROX-VC-1: 5,6,7,8,10,11,13,16,17,18
APPROX-VC-2: 1,2,3,4,5,6,7,8,9,10,11,12,13,15,16,18,19,20
300, 0, 0, 93, 0, 102
CNF-SAT-VC: timeout
APPROX-VC-1: 5,6,7,8,10,11,13,16,17,18
APPROX-VC-2: 1,2,3,4,5,6,7,8,9,10,11,12,13,15,16,18,19,20
300, 0, 0, 117, 0, 132
CNF-SAT-VC: timeout
APPROX-VC-1: 5,6,7,8,10,11,13,16,17,18
APPROX-VC-2: 1,2,3,4,5,6,7,8,9,10,11,12,13,15,16,18,19,20
300, 0, 0, 118, 0, 133
CNF-SAT-VC: timeout
APPROX-VC-1: 5,6,7,8,10,11,13,16,17,18
APPROX-VC-2: 1,2,3,4,5,6,7,8,9,10,11,12,13,15,16,18,19,20
300, 0, 0, 93, 0, 97
CNF-SAT-VC: timeout
APPROX-VC-1: 5,6,7,8,10,11,13,16,17,18
APPROX-VC-2: 1,2,3,4,5,6,7,8,9,10,11,12,13,15,16,18,19,20
300, 0, 0, 76, 0, 80
CNF-SAT-VC: timeout
APPROX-VC-1: 5,6,7,8,10,11,13,16,17,18
APPROX-VC-2: 1,2,3,4,5,6,7,8,9,10,11,12,13,15,16,18,19,20
300, 0, 0, 71, 0, 41
CNF-SAT-VC: timeout
APPROX-VC-1: 5,6,7,8,10,11,13,16,17,18
APPROX-VC-2: 1,2,3,4,5,6,7,8,9,10,11,12,13,15,16,18,19,20
300, 0, 0, 69, 0, 78
CNF-SAT-VC: timeout
APPROX-VC-1: 5,6,7,8,10,11,13,16,17,18
APPROX-VC-2: 1,2,3,4,5,6,7,8,9,10,11,12,13,15,16,18,19,20
300, 0, 0, 60, 0, 65
CNF-SAT-VC: timeout
APPROX-VC-1: 5,6,7,8,10,11,13,16,17,18
APPROX-VC-2: 1,2,3,4,5,6,7,8,9,10,11,12,13,15,16,18,19,20
300, 0, 0, 66, 0, 57
CNF-SAT-VC: timeout
APPROX-VC-1: 1,2,3,4,5,6,7,9,11,12,16
APPROX-VC-2: 1,2,3,4,5,6,7,9,11,12,13,14,15,16,17,19
300, 0, 0, 67, 0, 60
CNF-SAT-VC: timeout
APPROX-VC-1: 1,2,3,4,5,6,7,9,11,12,16
APPROX-VC-2: 1,2,3,4,5,6,7,9,11,12,13,14,15,16,17,19
300, 0, 0, 65, 0, 56
CNF-SAT-VC: timeout
APPROX-VC-1: 1,2,3,4,5,6,7,9,11,12,16
APPROX-VC-2: 1,2,3,4,5,6,7,9,11,12,13,14,15,16,17,19
300, 0, 0, 65, 0, 59
CNF-SAT-VC: timeout
APPROX-VC-1: 1,2,3,4,5,6,7,9,11,12,16
APPROX-VC-2: 1,2,3,4,5,6,7,9,11,12,13,14,15,16,17,19
300, 0, 0, 70, 0, 59
CNF-SAT-VC: timeout
APPROX-VC-1: 1,2,3,4,5,6,7,9,11,12,16
APPROX-VC-2: 1,2,3,4,5,6,7,9,11,12,13,14,15,16,17,19
300, 0, 0, 61, 0, 54
CNF-SAT-VC: timeout
APPROX-VC-1: 1,2,3,4,5,6,7,9,11,12,16
APPROX-VC-2: 1,2,3,4,5,6,7,9,11,12,13,14,15,16,17,19
300, 0, 0, 64, 0, 56
CNF-SAT-VC: timeout
APPROX-VC-1: 1,2,3,4,5,6,7,9,11,12,16
APPROX-VC-2: 1,2,3,4,5,6,7,9,11,12,13,14,15,16,17,19
300, 0, 0, 64, 0, 56
CNF-SAT-VC: timeout
APPROX-VC-1: 1,2,3,4,5,6,7,9,11,12,16
APPROX-VC-2: 1,2,3,4,5,6,7,9,11,12,13,14,15,16,17,19
300, 0, 0, 60, 0, 55
CNF-SAT-VC: timeout
APPROX-VC-1: 1,2,3,4,5,6,7,9,11,12,16
APPROX-VC-2: 1,2,3,4,5,6,7,9,11,12,13,14,15,16,17,19
300, 0, 0, 61, 0, 56
CNF-SAT-VC: timeout
APPROX-VC-1: 1,2,3,4,5,6,7,9,11,12,16
APPROX-VC-2: 1,2,3,4,5,6,7,9,11,12,13,14,15,16,17,19
300, 0, 0, 60, 0, 55
CNF-SAT-VC: timeout
APPROX-VC-1: 1,2,3,7,8,9,10,11,12
APPROX-VC-2: 1,2,3,4,5,6,7,8,9,10,11,12,14,20
300, 0, 0, 18, 0, 44
CNF-SAT-VC: timeout
APPROX-VC-1: 1,2,3,7,8,9,10,11,12
APPROX-VC-2: 1,2,3,4,5,6,7,8,9,10,11,12,14,20
300, 0, 0, 58, 0, 55
CNF-SAT-VC: timeout
APPROX-VC-1: 1,2,3,7,8,9,10,11,12
APPROX-VC-2: 1,2,3,4,5,6,7,8,9,10,11,12,14,20
300, 0, 0, 69, 0, 62
CNF-SAT-VC: timeout
APPROX-VC-1: 1,2,3,7,8,9,10,11,12
APPROX-VC-2: 1,2,3,4,5,6,7,8,9,10,11,12,14,20
300, 0, 0, 56, 0, 53
CNF-SAT-VC: timeout
APPROX-VC-1: 1,2,3,7,8,9,10,11,12
APPROX-VC-2: 1,2,3,4,5,6,7,8,9,10,11,12,14,20
300, 0, 0, 16, 0, 47
CNF-SAT-VC: timeout
APPROX-VC-1: 1,2,3,7,8,9,10,11,12
APPROX-VC-2: 1,2,3,4,5,6,7,8,9,10,11,12,14,20
300, 0, 0, 55, 0, 54
CNF-SAT-VC: timeout
APPROX-VC-1: 1,2,3,7,8,9,10,11,12
APPROX-VC-2: 1,2,3,4,5,6,7,8,9,10,11,12,14,20
300, 0, 0, 15, 0, 46
CNF-SAT-VC: timeout
APPROX-VC-1: 1,2,3,7,8,9,10,11,12
APPROX-VC-2: 1,2,3,4,5,6,7,8,9,10,11,12,14,20
300, 0, 0, 53, 0, 52
CNF-SAT-VC: timeout
APPROX-VC-1: 1,2,3,7,8,9,10,11,12
APPROX-VC-2: 1,2,3,4,5,6,7,8,9,10,11,12,14,20
300, 0, 0, 15, 0, 15
CNF-SAT-VC: timeout
APPROX-VC-1: 1,2,3,7,8,9,10,11,12
APPROX-VC-2: 1,2,3,4,5,6,7,8,9,10,11,12,14,20
300, 0, 0, 74, 0, 14
CNF-SAT-VC: timeout
APPROX-VC-1: 1,2,3,4,6,7,8,11,13
APPROX-VC-2: 1,2,3,4,5,6,7,8,10,12,14,17,18,20
300, 0, 0, 43, 0, 49
CNF-SAT-VC: timeout
APPROX-VC-1: 1,2,3,4,6,7,8,11,13
APPROX-VC-2: 1,2,3,4,5,6,7,8,10,12,14,17,18,20
300, 0, 0, 25, 0, 45
CNF-SAT-VC: timeout
APPROX-VC-1: 1,2,3,4,6,7,8,11,13
APPROX-VC-2: 1,2,3,4,5,6,7,8,10,12,14,17,18,20
300, 0, 0, 47, 0, 15
CNF-SAT-VC: timeout
APPROX-VC-1: 1,2,3,4,6,7,8,11,13
APPROX-VC-2: 1,2,3,4,5,6,7,8,10,12,14,17,18,20
300, 0, 0, 63, 0, 59
CNF-SAT-VC: timeout
APPROX-VC-1: 1,2,3,4,6,7,8,11,13
APPROX-VC-2: 1,2,3,4,5,6,7,8,10,12,14,17,18,20
300, 0, 0, 63, 0, 59
CNF-SAT-VC: timeout
APPROX-VC-1: 1,2,3,4,6,7,8,11,13
APPROX-VC-2: 1,2,3,4,5,6,7,8,10,12,14,17,18,20
300, 0, 0, 63, 0, 58
CNF-SAT-VC: timeout
APPROX-VC-1: 1,2,3,4,6,7,8,11,13
APPROX-VC-2: 1,2,3,4,5,6,7,8,10,12,14,17,18,20
300, 0, 0, 62, 0, 57
CNF-SAT-VC: timeout
APPROX-VC-1: 1,2,3,4,6,7,8,11,13
APPROX-VC-2: 1,2,3,4,5,6,7,8,10,12,14,17,18,20
300, 0, 0, 50, 0, 15
CNF-SAT-VC: timeout
APPROX-VC-1: 1,2,3,4,6,7,8,11,13
APPROX-VC-2: 1,2,3,4,5,6,7,8,10,12,14,17,18,20
300, 0, 0, 61, 0, 57
CNF-SAT-VC: timeout
APPROX-VC-1: 1,2,3,4,6,7,8,11,13
APPROX-VC-2: 1,2,3,4,5,6,7,8,10,12,14,17,18,20
300, 0, 0, 49, 0, 15
CNF-SAT-VC: timeout
APPROX-VC-1: 1,2,3,4,5,7,9,12,15
APPROX-VC-2: 1,2,3,4,5,6,7,8,9,10,12,13,15,16
300, 0, 0, 14, 0, 47
CNF-SAT-VC: timeout
APPROX-VC-1: 1,2,3,4,5,7,9,12,15
APPROX-VC-2: 1,2,3,4,5,6,7,8,9,10,12,13,15,16
300, 0, 0, 14, 0, 54
CNF-SAT-VC: timeout
APPROX-VC-1: 1,2,3,4,5,7,9,12,15
APPROX-VC-2: 1,2,3,4,5,6,7,8,9,10,12,13,15,16
300, 0, 0, 60, 0, 56
CNF-SAT-VC: timeout
APPROX-VC-1: 1,2,3,4,5,7,9,12,15
APPROX-VC-2: 1,2,3,4,5,6,7,8,9,10,12,13,15,16
300, 0, 0, 62, 0, 59
CNF-SAT-VC: timeout
APPROX-VC-1: 1,2,3,4,5,7,9,12,15
APPROX-VC-2: 1,2,3,4,5,6,7,8,9,10,12,13,15,16
300, 0, 0, 62, 0, 58
CNF-SAT-VC: timeout
APPROX-VC-1: 1,2,3,4,5,7,9,12,15
APPROX-VC-2: 1,2,3,4,5,6,7,8,9,10,12,13,15,16
300, 0, 0, 67, 0, 60
CNF-SAT-VC: timeout
APPROX-VC-1: 1,2,3,4,5,7,9,12,15
APPROX-VC-2: 1,2,3,4,5,6,7,8,9,10,12,13,15,16
300, 0, 0, 61, 0, 56
CNF-SAT-VC: timeout
APPROX-VC-1: 1,2,3,4,5,7,9,12,15
APPROX-VC-2: 1,2,3,4,5,6,7,8,9,10,12,13,15,16
300, 0, 0, 64, 0, 68
CNF-SAT-VC: timeout
APPROX-VC-1: 1,2,3,4,5,7,9,12,15
APPROX-VC-2: 1,2,3,4,5,6,7,8,9,10,12,13,15,16
300, 0, 0, 17, 0, 55
CNF-SAT-VC: timeout
APPROX-VC-1: 1,2,3,4,5,7,9,12,15
APPROX-VC-2: 1,2,3,4,5,6,7,8,9,10,12,13,15,16
300, 0, 0, 66, 0, 62
CNF-SAT-VC: timeout
APPROX-VC-1: 1,2,3,4,6,7,9,10,12,13,17
APPROX-VC-2: 1,2,3,4,5,6,7,8,9,10,11,12,13,14,15,16,17,20
300, 0, 0, 53, 0, 14
CNF-SAT-VC: timeout
APPROX-VC-1: 1,2,3,4,6,7,9,10,12,13,17
APPROX-VC-2: 1,2,3,4,5,6,7,8,9,10,11,12,13,14,15,16,17,20
300, 0, 0, 61, 0, 58
CNF-SAT-VC: timeout
APPROX-VC-1: 1,2,3,4,6,7,9,10,12,13,17
APPROX-VC-2: 1,2,3,4,5,6,7,8,9,10,11,12,13,14,15,16,17,20
300, 0, 0, 15, 0, 50
CNF-SAT-VC: timeout
APPROX-VC-1: 1,2,3,4,6,7,9,10,12,13,17
APPROX-VC-2: 1,2,3,4,5,6,7,8,9,10,11,12,13,14,15,16,17,20
300, 0, 0, 18, 0, 20
CNF-SAT-VC: timeout
APPROX-VC-1: 1,2,3,4,6,7,9,10,12,13,17
APPROX-VC-2: 1,2,3,4,5,6,7,8,9,10,11,12,13,14,15,16,17,20
300, 0, 0, 44, 0, 17
CNF-SAT-VC: timeout
APPROX-VC-1: 1,2,3,4,6,7,9,10,12,13,17
APPROX-VC-2: 1,2,3,4,5,6,7,8,9,10,11,12,13,14,15,16,17,20
300, 0, 0, 47, 0, 14
CNF-SAT-VC: timeout
APPROX-VC-1: 1,2,3,4,6,7,9,10,12,13,17
APPROX-VC-2: 1,2,3,4,5,6,7,8,9,10,11,12,13,14,15,16,17,20
300, 0, 0, 63, 0, 59
CNF-SAT-VC: timeout
APPROX-VC-1: 1,2,3,4,6,7,9,10,12,13,17
APPROX-VC-2: 1,2,3,4,5,6,7,8,9,10,11,12,13,14,15,16,17,20
300, 0, 0, 63, 0, 60
CNF-SAT-VC: timeout
APPROX-VC-1: 1,2,3,4,6,7,9,10,12,13,17
APPROX-VC-2: 1,2,3,4,5,6,7,8,9,10,11,12,13,14,15,16,17,20
300, 0, 0, 47, 0, 15
CNF-SAT-VC: timeout
APPROX-VC-1: 1,2,3,4,6,7,9,10,12,13,17
APPROX-VC-2: 1,2,3,4,5,6,7,8,9,10,11,12,13,14,15,16,17,20
300, 0, 0, 46, 0, 15
CNF-SAT-VC: timeout
APPROX-VC-1: 2,3,5,7,8,10,11,12,13,15
APPROX-VC-2: 1,2,3,5,6,7,8,10,11,12,13,15,16,18
300, 0, 0, 57, 0, 15
CNF-SAT-VC: timeout
APPROX-VC-1: 2,3,5,7,8,10,11,12,13,15
APPROX-VC-2: 1,2,3,5,6,7,8,10,11,12,13,15,16,18
300, 0, 0, 63, 0, 56
CNF-SAT-VC: timeout
APPROX-VC-1: 2,3,5,7,8,10,11,12,13,15
APPROX-VC-2: 1,2,3,5,6,7,8,10,11,12,13,15,16,18
300, 0, 0, 66, 0, 61
CNF-SAT-VC: timeout
APPROX-VC-1: 2,3,5,7,8,10,11,12,13,15
APPROX-VC-2: 1,2,3,5,6,7,8,10,11,12,13,15,16,18
300, 0, 0, 79, 0, 74
CNF-SAT-VC: timeout
APPROX-VC-1: 2,3,5,7,8,10,11,12,13,15
APPROX-VC-2: 1,2,3,5,6,7,8,10,11,12,13,15,16,18
300, 0, 0, 64, 0, 59
CNF-SAT-VC: timeout
APPROX-VC-1: 2,3,5,7,8,10,11,12,13,15
APPROX-VC-2: 1,2,3,5,6,7,8,10,11,12,13,15,16,18
300, 0, 0, 61, 0, 55
CNF-SAT-VC: timeout
APPROX-VC-1: 2,3,5,7,8,10,11,12,13,15
APPROX-VC-2: 1,2,3,5,6,7,8,10,11,12,13,15,16,18
300, 0, 0, 57, 0, 52
CNF-SAT-VC: timeout
APPROX-VC-1: 2,3,5,7,8,10,11,12,13,15
APPROX-VC-2: 1,2,3,5,6,7,8,10,11,12,13,15,16,18
300, 0, 0, 46, 0, 12
CNF-SAT-VC: timeout
APPROX-VC-1: 2,3,5,7,8,10,11,12,13,15
APPROX-VC-2: 1,2,3,5,6,7,8,10,11,12,13,15,16,18
300, 0, 0, 15, 0, 48
CNF-SAT-VC: timeout
APPROX-VC-1: 2,3,5,7,8,10,11,12,13,15
APPROX-VC-2: 1,2,3,5,6,7,8,10,11,12,13,15,16,18
300, 0, 0, 67, 0, 60
CNF-SAT-VC: timeout
APPROX-VC-1: 1,2,7,8,9,10,11,12,15,20
APPROX-VC-2: 1,2,3,5,6,7,8,9,10,11,13,15,16,17,18,20
300, 0, 0, 61, 0, 57
CNF-SAT-VC: timeout
APPROX-VC-1: 1,2,7,8,9,10,11,12,15,20
APPROX-VC-2: 1,2,3,5,6,7,8,9,10,11,13,15,16,17,18,20
300, 0, 0, 49, 0, 13
CNF-SAT-VC: timeout
APPROX-VC-1: 1,2,7,8,9,10,11,12,15,20
APPROX-VC-2: 1,2,3,5,6,7,8,9,10,11,13,15,16,17,18,20
300, 0, 0, 50, 0, 13
CNF-SAT-VC: timeout
APPROX-VC-1: 1,2,7,8,9,10,11,12,15,20
APPROX-VC-2: 1,2,3,5,6,7,8,9,10,11,13,15,16,17,18,20
300, 0, 0, 15, 0, 36
CNF-SAT-VC: timeout
APPROX-VC-1: 1,2,7,8,9,10,11,12,15,20
APPROX-VC-2: 1,2,3,5,6,7,8,9,10,11,13,15,16,17,18,20
300, 0, 0, 67, 0, 59
CNF-SAT-VC: timeout
APPROX-VC-1: 1,2,7,8,9,10,11,12,15,20
APPROX-VC-2: 1,2,3,5,6,7,8,9,10,11,13,15,16,17,18,20
300, 0, 0, 15, 0, 47
CNF-SAT-VC: timeout
APPROX-VC-1: 1,2,7,8,9,10,11,12,15,20
APPROX-VC-2: 1,2,3,5,6,7,8,9,10,11,13,15,16,17,18,20
300, 0, 0, 63, 0, 60
CNF-SAT-VC: timeout
APPROX-VC-1: 1,2,7,8,9,10,11,12,15,20
APPROX-VC-2: 1,2,3,5,6,7,8,9,10,11,13,15,16,17,18,20
300, 0, 0, 48, 0, 13
CNF-SAT-VC: timeout
APPROX-VC-1: 1,2,7,8,9,10,11,12,15,20
APPROX-VC-2: 1,2,3,5,6,7,8,9,10,11,13,15,16,17,18,20
300, 0, 0, 61, 0, 56
CNF-SAT-VC: timeout
APPROX-VC-1: 1,2,7,8,9,10,11,12,15,20
APPROX-VC-2: 1,2,3,5,6,7,8,9,10,11,13,15,16,17,18,20
300, 0, 0, 66, 0, 62
CNF-SAT-VC: timeout
APPROX-VC-1: 3,5,6,7,8,9,11,12,13,15
APPROX-VC-2: 1,2,3,5,6,7,9,10,11,15,16,17,18,20
300, 0, 0, 60, 0, 55
CNF-SAT-VC: timeout
APPROX-VC-1: 3,5,6,7,8,9,11,12,13,15
APPROX-VC-2: 1,2,3,5,6,7,9,10,11,15,16,17,18,20
300, 0, 0, 15, 0, 45
CNF-SAT-VC: timeout
APPROX-VC-1: 3,5,6,7,8,9,11,12,13,15
APPROX-VC-2: 1,2,3,5,6,7,9,10,11,15,16,17,18,20
300, 0, 0, 61, 0, 57
CNF-SAT-VC: timeout
APPROX-VC-1: 3,5,6,7,8,9,11,12,13,15
APPROX-VC-2: 1,2,3,5,6,7,9,10,11,15,16,17,18,20
300, 0, 0, 15, 0, 51
CNF-SAT-VC: timeout
APPROX-VC-1: 3,5,6,7,8,9,11,12,13,15
APPROX-VC-2: 1,2,3,5,6,7,9,10,11,15,16,17,18,20
300, 0, 0, 30, 0, 30
CNF-SAT-VC: timeout
APPROX-VC-1: 3,5,6,7,8,9,11,12,13,15
APPROX-VC-2: 1,2,3,5,6,7,9,10,11,15,16,17,18,20
300, 0, 0, 61, 0, 55
CNF-SAT-VC: timeout
APPROX-VC-1: 3,5,6,7,8,9,11,12,13,15
APPROX-VC-2: 1,2,3,5,6,7,9,10,11,15,16,17,18,20
300, 0, 0, 58, 0, 54
CNF-SAT-VC: timeout
APPROX-VC-1: 3,5,6,7,8,9,11,12,13,15
APPROX-VC-2: 1,2,3,5,6,7,9,10,11,15,16,17,18,20
300, 0, 0, 61, 0, 55
CNF-SAT-VC: timeout
APPROX-VC-1: 3,5,6,7,8,9,11,12,13,15
APPROX-VC-2: 1,2,3,5,6,7,9,10,11,15,16,17,18,20
300, 0, 0, 59, 0, 54
CNF-SAT-VC: timeout
APPROX-VC-1: 3,5,6,7,8,9,11,12,13,15
APPROX-VC-2: 1,2,3,5,6,7,9,10,11,15,16,17,18,20
300, 0, 0, 63, 0, 58
CNF-SAT-VC: timeout
APPROX-VC-1: 1,2,3,4,5,6,8,12,13
APPROX-VC-2: 1,2,3,4,5,6,8,10,11,12,13,15,16,18
300, 0, 0, 50, 0, 12
CNF-SAT-VC: timeout
APPROX-VC-1: 1,2,3,4,5,6,8,12,13
APPROX-VC-2: 1,2,3,4,5,6,8,10,11,12,13,15,16,18
300, 0, 0, 61, 0, 54
CNF-SAT-VC: timeout
APPROX-VC-1: 1,2,3,4,5,6,8,12,13
APPROX-VC-2: 1,2,3,4,5,6,8,10,11,12,13,15,16,18
300, 0, 0, 61, 0, 56
CNF-SAT-VC: timeout
APPROX-VC-1: 1,2,3,4,5,6,8,12,13
APPROX-VC-2: 1,2,3,4,5,6,8,10,11,12,13,15,16,18
300, 0, 0, 60, 0, 55
CNF-SAT-VC: timeout
APPROX-VC-1: 1,2,3,4,5,6,8,12,13
APPROX-VC-2: 1,2,3,4,5,6,8,10,11,12,13,15,16,18
300, 0, 0, 15, 0, 48
CNF-SAT-VC: timeout
APPROX-VC-1: 1,2,3,4,5,6,8,12,13
APPROX-VC-2: 1,2,3,4,5,6,8,10,11,12,13,15,16,18
300, 0, 0, 61, 0, 57
CNF-SAT-VC: timeout
APPROX-VC-1: 1,2,3,4,5,6,8,12,13
APPROX-VC-2: 1,2,3,4,5,6,8,10,11,12,13,15,16,18
300, 0, 0, 15, 0, 51
CNF-SAT-VC: timeout
APPROX-VC-1: 1,2,3,4,5,6,8,12,13
APPROX-VC-2: 1,2,3,4,5,6,8,10,11,12,13,15,16,18
300, 0, 0, 61, 0, 56
CNF-SAT-VC: timeout
APPROX-VC-1: 1,2,3,4,5,6,8,12,13
APPROX-VC-2: 1,2,3,4,5,6,8,10,11,12,13,15,16,18
300, 0, 0, 47, 0, 12
CNF-SAT-VC: timeout
APPROX-VC-1: 1,2,3,4,5,6,8,12,13
APPROX-VC-2: 1,2,3,4,5,6,8,10,11,12,13,15,16,18
300, 0, 0, 14, 0, 35
