CNF-SAT-VC: timeout
APPROX-VC-1: 2,4,5,8,9,10,11,14,18,19,22
APPROX-VC-2: 1,2,3,4,5,6,7,8,9,10,11,14,18,19,20,22
300, 0, 0, 47, 0, 47
CNF-SAT-VC: timeout
APPROX-VC-1: 2,4,5,8,9,10,11,14,18,19,22
APPROX-VC-2: 1,2,3,4,5,6,7,8,9,10,11,14,18,19,20,22
300, 0, 0, 33, 0, 17
CNF-SAT-VC: timeout
APPROX-VC-1: 2,4,5,8,9,10,11,14,18,19,22
APPROX-VC-2: 1,2,3,4,5,6,7,8,9,10,11,14,18,19,20,22
300, 0, 0, 46, 0, 17
CNF-SAT-VC: timeout
APPROX-VC-1: 2,4,5,8,9,10,11,14,18,19,22
APPROX-VC-2: 1,2,3,4,5,6,7,8,9,10,11,14,18,19,20,22
300, 0, 0, 36, 0, 17
CNF-SAT-VC: timeout
APPROX-VC-1: 2,4,5,8,9,10,11,14,18,19,22
APPROX-VC-2: 1,2,3,4,5,6,7,8,9,10,11,14,18,19,20,22
300, 0, 0, 44, 0, 32
CNF-SAT-VC: timeout
APPROX-VC-1: 2,4,5,8,9,10,11,14,18,19,22
APPROX-VC-2: 1,2,3,4,5,6,7,8,9,10,11,14,18,19,20,22
300, 0, 0, 43, 0, 47
CNF-SAT-VC: timeout
APPROX-VC-1: 2,4,5,8,9,10,11,14,18,19,22
APPROX-VC-2: 1,2,3,4,5,6,7,8,9,10,11,14,18,19,20,22
300, 0, 0, 41, 0, 17
CNF-SAT-VC: timeout
APPROX-VC-1: 2,4,5,8,9,10,11,14,18,19,22
APPROX-VC-2: 1,2,3,4,5,6,7,8,9,10,11,14,18,19,20,22
300, 0, 0, 19, 0, 47
CNF-SAT-VC: timeout
APPROX-VC-1: 2,4,5,8,9,10,11,14,18,19,22
APPROX-VC-2: 1,2,3,4,5,6,7,8,9,10,11,14,18,19,20,22
300, 0, 0, 38, 0, 18
CNF-SAT-VC: timeout
APPROX-VC-1: 2,4,5,8,9,10,11,14,18,19,22
APPROX-VC-2: 1,2,3,4,5,6,7,8,9,10,11,14,18,19,20,22
300, 0, 0, 19, 0, 18
CNF-SAT-VC: timeout
APPROX-VC-1: 1,2,4,5,6,7,9,10,15,16,19,22,23
APPROX-VC-2: 1,2,3,4,5,6,7,8,9,10,12,14,15,16,17,19,22,23
300, 0, 0, 49, 0, 55
CNF-SAT-VC: timeout
APPROX-VC-1: 1,2,4,5,6,7,9,10,15,16,19,22,23
APPROX-VC-2: 1,2,3,4,5,6,7,8,9,10,12,14,15,16,17,19,22,23
300, 0, 0, 50, 0, 19
CNF-SAT-VC: timeout
APPROX-VC-1: 1,2,4,5,6,7,9,10,15,16,19,22,23
APPROX-VC-2: 1,2,3,4,5,6,7,8,9,10,12,14,15,16,17,19,22,23
300, 0, 0, 18, 0, 38
CNF-SAT-VC: timeout
APPROX-VC-1: 1,2,4,5,6,7,9,10,15,16,19,22,23
APPROX-VC-2: 1,2,3,4,5,6,7,8,9,10,12,14,15,16,17,19,22,23
300, 0, 0, 41, 0, 51
CNF-SAT-VC: timeout
APPROX-VC-1: 1,2,4,5,6,7,9,10,15,16,19,22,23
APPROX-VC-2: 1,2,3,4,5,6,7,8,9,10,12,14,15,16,17,19,22,23
300, 0, 0, 21, 0, 50
CNF-SAT-VC: timeout
APPROX-VC-1: 1,2,4,5,6,7,9,10,15,16,19,22,23
APPROX-VC-2: 1,2,3,4,5,6,7,8,9,10,12,14,15,16,17,19,22,23
300, 0, 0, 44, 0, 24
CNF-SAT-VC: timeout
APPROX-VC-1: 1,2,4,5,6,7,9,10,15,16,19,22,23
APPROX-VC-2: 1,2,3,4,5,6,7,8,9,10,12,14,15,16,17,19,22,23
300, 0, 0, 20, 0, 50
CNF-SAT-VC: timeout
APPROX-VC-1: 1,2,4,5,6,7,9,10,15,16,19,22,23
APPROX-VC-2: 1,2,3,4,5,6,7,8,9,10,12,14,15,16,17,19,22,23
300, 0, 0, 18, 0, 36
CNF-SAT-VC: timeout
APPROX-VC-1: 1,2,4,5,6,7,9,10,15,16,19,22,23
APPROX-VC-2: 1,2,3,4,5,6,7,8,9,10,12,14,15,16,17,19,22,23
300, 0, 0, 52, 0, 21
CNF-SAT-VC: timeout
APPROX-VC-1: 1,2,4,5,6,7,9,10,15,16,19,22,23
APPROX-VC-2: 1,2,3,4,5,6,7,8,9,10,12,14,15,16,17,19,22,23
300, 0, 0, 18, 0, 28
CNF-SAT-VC: timeout
APPROX-VC-1: 2,3,4,7,8,10,11,12,13,17,20,22
APPROX-VC-2: 1,2,3,4,6,7,8,9,10,11,12,13,14,15,16,17,18,19,20,22
300, 0, 0, 38, 0, 19
CNF-SAT-VC: timeout
APPROX-VC-1: 2,3,4,7,8,10,11,12,13,17,20,22
APPROX-VC-2: 1,2,3,4,6,7,8,9,10,11,12,13,14,15,16,17,18,19,20,22
300, 0, 0, 45, 0, 57
CNF-SAT-VC: timeout
APPROX-VC-1: 2,3,4,7,8,10,11,12,13,17,20,22
APPROX-VC-2: 1,2,3,4,6,7,8,9,10,11,12,13,14,15,16,17,18,19,20,22
300, 0, 0, 23, 0, 49
CNF-SAT-VC: timeout
APPROX-VC-1: 2,3,4,7,8,10,11,12,13,17,20,22
APPROX-VC-2: 1,2,3,4,6,7,8,9,10,11,12,13,14,15,16,17,18,19,20,22
300, 0, 0, 51, 0, 21
CNF-SAT-VC: timeout
APPROX-VC-1: 2,3,4,7,8,10,11,12,13,17,20,22
APPROX-VC-2: 1,2,3,4,6,7,8,9,10,11,12,13,14,15,16,17,18,19,20,22
300, 0, 0, 55, 0, 19
CNF-SAT-VC: timeout
APPROX-VC-1: 2,3,4,7,8,10,11,12,13,17,20,22
APPROX-VC-2: 1,2,3,4,6,7,8,9,10,11,12,13,14,15,16,17,18,19,20,22
300, 0, 0, 34, 0, 48
CNF-SAT-VC: timeout
APPROX-VC-1: 2,3,4,7,8,10,11,12,13,17,20,22
APPROX-VC-2: 1,2,3,4,6,7,8,9,10,11,12,13,14,15,16,17,18,19,20,22
300, 0, 0, 57, 0, 24
CNF-SAT-VC: timeout
APPROX-VC-1: 2,3,4,7,8,10,11,12,13,17,20,22
APPROX-VC-2: 1,2,3,4,6,7,8,9,10,11,12,13,14,15,16,17,18,19,20,22
300, 0, 0, 16, 0, 48
CNF-SAT-VC: timeout
APPROX-VC-1: 2,3,4,7,8,10,11,12,13,17,20,22
APPROX-VC-2: 1,2,3,4,6,7,8,9,10,11,12,13,14,15,16,17,18,19,20,22
300, 0, 0, 20, 0, 19
CNF-SAT-VC: timeout
APPROX-VC-1: 2,3,4,7,8,10,11,12,13,17,20,22
APPROX-VC-2: 1,2,3,4,6,7,8,9,10,11,12,13,14,15,16,17,18,19,20,22
300, 0, 0, 38, 0, 19
CNF-SAT-VC: timeout
APPROX-VC-1: 2,4,5,6,7,9,10,12,13,15,20,21
APPROX-VC-2: 1,2,4,5,6,7,9,10,11,12,13,14,15,16,18,19,20,21,22,25
300, 0, 0, 18, 0, 27
CNF-SAT-VC: timeout
APPROX-VC-1: 2,4,5,6,7,9,10,12,13,15,20,21
APPROX-VC-2: 1,2,4,5,6,7,9,10,11,12,13,14,15,16,18,19,20,21,22,25
300, 0, 0, 20, 0, 19
CNF-SAT-VC: timeout
APPROX-VC-1: 2,4,5,6,7,9,10,12,13,15,20,21
APPROX-VC-2: 1,2,4,5,6,7,9,10,11,12,13,14,15,16,18,19,20,21,22,25
300, 0, 0, 23, 0, 23
CNF-SAT-VC: timeout
APPROX-VC-1: 2,4,5,6,7,9,10,12,13,15,20,21
APPROX-VC-2: 1,2,4,5,6,7,9,10,11,12,13,14,15,16,18,19,20,21,22,25
300, 0, 0, 19, 0, 23
CNF-SAT-VC: timeout
APPROX-VC-1: 2,4,5,6,7,9,10,12,13,15,20,21
APPROX-VC-2: 1,2,4,5,6,7,9,10,11,12,13,14,15,16,18,19,20,21,22,25
300, 0, 0, 50, 0, 21
CNF-SAT-VC: timeout
APPROX-VC-1: 2,4,5,6,7,9,10,12,13,15,20,21
APPROX-VC-2: 1,2,4,5,6,7,9,10,11,12,13,14,15,16,18,19,20,21,22,25
300, 0, 0, 56, 0, 63
CNF-SAT-VC: timeout
APPROX-VC-1: 2,4,5,6,7,9,10,12,13,15,20,21
APPROX-VC-2: 1,2,4,5,6,7,9,10,11,12,13,14,15,16,18,19,20,21,22,25
300, 0, 0, 43, 0, 16
CNF-SAT-VC: timeout
APPROX-VC-1: 2,4,5,6,7,9,10,12,13,15,20,21
APPROX-VC-2: 1,2,4,5,6,7,9,10,11,12,13,14,15,16,18,19,20,21,22,25
300, 0, 0, 19, 0, 24
CNF-SAT-VC: timeout
APPROX-VC-1: 2,4,5,6,7,9,10,12,13,15,20,21
APPROX-VC-2: 1,2,4,5,6,7,9,10,11,12,13,14,15,16,18,19,20,21,22,25
300, 0, 0, 66, 0, 56
CNF-SAT-VC: timeout
APPROX-VC-1: 2,4,5,6,7,9,10,12,13,15,20,21
APPROX-VC-2: 1,2,4,5,6,7,9,10,11,12,13,14,15,16,18,19,20,21,22,25
300, 0, 0, 31, 0, 25
CNF-SAT-VC: timeout
APPROX-VC-1: 1,2,4,5,6,7,8,9,11,14,18,19,20
APPROX-VC-2: 1,2,3,4,5,6,7,8,9,11,12,14,17,18,19,20,22,24
300, 0, 0, 68, 0, 63
CNF-SAT-VC: timeout
APPROX-VC-1: 1,2,4,5,6,7,8,9,11,14,18,19,20
APPROX-VC-2: 1,2,3,4,5,6,7,8,9,11,12,14,17,18,19,20,22,24
300, 0, 0, 17, 0, 14
CNF-SAT-VC: timeout
APPROX-VC-1: 1,2,4,5,6,7,8,9,11,14,18,19,20
APPROX-VC-2: 1,2,3,4,5,6,7,8,9,11,12,14,17,18,19,20,22,24
300, 0, 0, 41, 0, 15
CNF-SAT-VC: timeout
APPROX-VC-1: 1,2,4,5,6,7,8,9,11,14,18,19,20
APPROX-VC-2: 1,2,3,4,5,6,7,8,9,11,12,14,17,18,19,20,22,24
300, 0, 0, 53, 0, 62
CNF-SAT-VC: timeout
APPROX-VC-1: 1,2,4,5,6,7,8,9,11,14,18,19,20
APPROX-VC-2: 1,2,3,4,5,6,7,8,9,11,12,14,17,18,19,20,22,24
300, 0, 0, 48, 0, 15
CNF-SAT-VC: timeout
APPROX-VC-1: 1,2,4,5,6,7,8,9,11,14,18,19,20
APPROX-VC-2: 1,2,3,4,5,6,7,8,9,11,12,14,17,18,19,20,22,24
300, 0, 0, 21, 0, 48
CNF-SAT-VC: timeout
APPROX-VC-1: 1,2,4,5,6,7,8,9,11,14,18,19,20
APPROX-VC-2: 1,2,3,4,5,6,7,8,9,11,12,14,17,18,19,20,22,24
300, 0, 0, 18, 0, 22
CNF-SAT-VC: timeout
APPROX-VC-1: 1,2,4,5,6,7,8,9,11,14,18,19,20
APPROX-VC-2: 1,2,3,4,5,6,7,8,9,11,12,14,17,18,19,20,22,24
300, 0, 0, 44, 0, 15
CNF-SAT-VC: timeout
APPROX-VC-1: 1,2,4,5,6,7,8,9,11,14,18,19,20
APPROX-VC-2: 1,2,3,4,5,6,7,8,9,11,12,14,17,18,19,20,22,24
300, 0, 0, 19, 0, 48
CNF-SAT-VC: timeout
APPROX-VC-1: 1,2,4,5,6,7,8,9,11,14,18,19,20
APPROX-VC-2: 1,2,3,4,5,6,7,8,9,11,12,14,17,18,19,20,22,24
300, 0, 0, 56, 0, 18
CNF-SAT-VC: timeout
APPROX-VC-1: 1,4,7,8,9,10,11,13,14,15,16,18,21,23
APPROX-VC-2: 1,2,3,4,5,6,7,8,9,10,11,12,13,14,15,16,18,19,20,21,22,23
300, 0, 0, 18, 0, 29
CNF-SAT-VC: timeout
APPROX-VC-1: 1,4,7,8,9,10,11,13,14,15,16,18,21,23
APPROX-VC-2: 1,2,3,4,5,6,7,8,9,10,11,12,13,14,15,16,18,19,20,21,22,23
300, 0, 0, 42, 0, 49
CNF-SAT-VC: timeout
APPROX-VC-1: 1,4,7,8,9,10,11,13,14,15,16,18,21,23
APPROX-VC-2: 1,2,3,4,5,6,7,8,9,10,11,12,13,14,15,16,18,19,20,21,22,23
300, 0, 0, 54, 0, 45
CNF-SAT-VC: timeout
APPROX-VC-1: 1,4,7,8,9,10,11,13,14,15,16,18,21,23
APPROX-VC-2: 1,2,3,4,5,6,7,8,9,10,11,12,13,14,15,16,18,19,20,21,22,23
300, 0, 0, 39, 0, 17
CNF-SAT-VC: timeout
APPROX-VC-1: 1,4,7,8,9,10,11,13,14,15,16,18,21,23
APPROX-VC-2: 1,2,3,4,5,6,7,8,9,10,11,12,13,14,15,16,18,19,20,21,22,23
300, 0, 0, 20, 0, 50
CNF-SAT-VC: timeout
APPROX-VC-1: 1,4,7,8,9,10,11,13,14,15,16,18,21,23
APPROX-VC-2: 1,2,3,4,5,6,7,8,9,10,11,12,13,14,15,16,18,19,20,21,22,23
300, 0, 0, 30, 0, 40
CNF-SAT-VC: timeout
APPROX-VC-1: 1,4,7,8,9,10,11,13,14,15,16,18,21,23
APPROX-VC-2: 1,2,3,4,5,6,7,8,9,10,11,12,13,14,15,16,18,19,20,21,22,23
300, 0, 0, 45, 0, 25
CNF-SAT-VC: timeout
APPROX-VC-1: 1,4,7,8,9,10,11,13,14,15,16,18,21,23
APPROX-VC-2: 1,2,3,4,5,6,7,8,9,10,11,12,13,14,15,16,18,19,20,21,22,23
300, 0, 0, 46, 0, 57
CNF-SAT-VC: timeout
APPROX-VC-1: 1,4,7,8,9,10,11,13,14,15,16,18,21,23
APPROX-VC-2: 1,2,3,4,5,6,7,8,9,10,11,12,13,14,15,16,18,19,20,21,22,23
300, 0, 0, 40, 0, 50
CNF-SAT-VC: timeout
APPROX-VC-1: 1,4,7,8,9,10,11,13,14,15,16,18,21,23
APPROX-VC-2: 1,2,3,4,5,6,7,8,9,10,11,12,13,14,15,16,18,19,20,21,22,23
300, 0, 0, 50, 0, 57
CNF-SAT-VC: timeout
APPROX-VC-1: 2,4,5,6,7,8,9,11,12,15,17,21,24
APPROX-VC-2: 1,2,3,4,5,6,7,8,9,10,11,12,13,15,17,18,21,22,23,24
300, 0, 0, 20, 0, 22
CNF-SAT-VC: timeout
APPROX-VC-1: 2,4,5,6,7,8,9,11,12,15,17,21,24
APPROX-VC-2: 1,2,3,4,5,6,7,8,9,10,11,12,13,15,17,18,21,22,23,24
300, 0, 0, 41, 0, 16
CNF-SAT-VC: timeout
APPROX-VC-1: 2,4,5,6,7,8,9,11,12,15,17,21,24
APPROX-VC-2: 1,2,3,4,5,6,7,8,9,10,11,12,13,15,17,18,21,22,23,24
300, 0, 0, 19, 0, 26
CNF-SAT-VC: timeout
APPROX-VC-1: 2,4,5,6,7,8,9,11,12,15,17,21,24
APPROX-VC-2: 1,2,3,4,5,6,7,8,9,10,11,12,13,15,17,18,21,22,23,24
300, 0, 0, 20, 0, 56
CNF-SAT-VC: timeout
APPROX-VC-1: 2,4,5,6,7,8,9,11,12,15,17,21,24
APPROX-VC-2: 1,2,3,4,5,6,7,8,9,10,11,12,13,15,17,18,21,22,23,24
300, 0, 0, 64, 0, 61
CNF-SAT-VC: timeout
APPROX-VC-1: 2,4,5,6,7,8,9,11,12,15,17,21,24
APPROX-VC-2: 1,2,3,4,5,6,7,8,9,10,11,12,13,15,17,18,21,22,23,24
300, 0, 0, 55, 0, 20
CNF-SAT-VC: timeout
APPROX-VC-1: 2,4,5,6,7,8,9,11,12,15,17,21,24
APPROX-VC-2: 1,2,3,4,5,6,7,8,9,10,11,12,13,15,17,18,21,22,23,24
300, 0, 0, 57, 0, 20
CNF-SAT-VC: timeout
APPROX-VC-1: 2,4,5,6,7,8,9,11,12,15,17,21,24
APPROX-VC-2: 1,2,3,4,5,6,7,8,9,10,11,12,13,15,17,18,21,22,23,24
300, 0, 0, 21, 0, 51
CNF-SAT-VC: timeout
APPROX-VC-1: 2,4,5,6,7,8,9,11,12,15,17,21,24
APPROX-VC-2: 1,2,3,4,5,6,7,8,9,10,11,12,13,15,17,18,21,22,23,24
300, 0, 0, 26, 0, 56
CNF-SAT-VC: timeout
APPROX-VC-1: 2,4,5,6,7,8,9,11,12,15,17,21,24
APPROX-VC-2: 1,2,3,4,5,6,7,8,9,10,11,12,13,15,17,18,21,22,23,24
300, 0, 0, 56, 0, 20
CNF-SAT-VC: timeout
APPROX-VC-1: 1,2,3,5,7,8,9,10,13,14,15,17,19
APPROX-VC-2: 1,2,3,4,5,6,7,8,9,10,11,12,13,14,15,16,17,18,19,23
300, 0, 0, 58, 0, 19
CNF-SAT-VC: timeout
APPROX-VC-1: 1,2,3,5,7,8,9,10,13,14,15,17,19
APPROX-VC-2: 1,2,3,4,5,6,7,8,9,10,11,12,13,14,15,16,17,18,19,23
300, 0, 0, 63, 0, 59
CNF-SAT-VC: timeout
APPROX-VC-1: 1,2,3,5,7,8,9,10,13,14,15,17,19
APPROX-VC-2: 1,2,3,4,5,6,7,8,9,10,11,12,13,14,15,16,17,18,19,23
300, 0, 0, 65, 0, 61
CNF-SAT-VC: timeout
APPROX-VC-1: 1,2,3,5,7,8,9,10,13,14,15,17,19
APPROX-VC-2: 1,2,3,4,5,6,7,8,9,10,11,12,13,14,15,16,17,18,19,23
300, 0, 0, 46, 0, 20
CNF-SAT-VC: timeout
APPROX-VC-1: 1,2,3,5,7,8,9,10,13,14,15,17,19
APPROX-VC-2: 1,2,3,4,5,6,7,8,9,10,11,12,13,14,15,16,17,18,19,23
300, 0, 0, 63, 0, 60
CNF-SAT-VC: timeout
APPROX-VC-1: 1,2,3,5,7,8,9,10,13,14,15,17,19
APPROX-VC-2: 1,2,3,4,5,6,7,8,9,10,11,12,13,14,15,16,17,18,19,23
300, 0, 0, 63, 0, 59
CNF-SAT-VC: timeout
APPROX-VC-1: 1,2,3,5,7,8,9,10,13,14,15,17,19
APPROX-VC-2: 1,2,3,4,5,6,7,8,9,10,11,12,13,14,15,16,17,18,19,23
300, 0, 0, 63, 0, 60
CNF-SAT-VC: timeout
APPROX-VC-1: 1,2,3,5,7,8,9,10,13,14,15,17,19
APPROX-VC-2: 1,2,3,4,5,6,7,8,9,10,11,12,13,14,15,16,17,18,19,23
300, 0, 0, 46, 0, 22
CNF-SAT-VC: timeout
APPROX-VC-1: 1,2,3,5,7,8,9,10,13,14,15,17,19
APPROX-VC-2: 1,2,3,4,5,6,7,8,9,10,11,12,13,14,15,16,17,18,19,23
300, 0, 0, 64, 0, 60
CNF-SAT-VC: timeout
APPROX-VC-1: 1,2,3,5,7,8,9,10,13,14,15,17,19
APPROX-VC-2: 1,2,3,4,5,6,7,8,9,10,11,12,13,14,15,16,17,18,19,23
300, 0, 0, 63, 0, 60
CNF-SAT-VC: timeout
APPROX-VC-1: 1,2,3,5,6,8,10,11,12,13,20,21
APPROX-VC-2: 1,2,3,4,5,6,7,9,10,11,12,13,14,15,16,18,20,25
300, 0, 0, 61, 0, 57
CNF-SAT-VC: timeout
APPROX-VC-1: 1,2,3,5,6,8,10,11,12,13,20,21
APPROX-VC-2: 1,2,3,4,5,6,7,9,10,11,12,13,14,15,16,18,20,25
300, 0, 0, 55, 0, 52
CNF-SAT-VC: timeout
APPROX-VC-1: 1,2,3,5,6,8,10,11,12,13,20,21
APPROX-VC-2: 1,2,3,4,5,6,7,9,10,11,12,13,14,15,16,18,20,25
300, 0, 0, 54, 0, 15
CNF-SAT-VC: timeout
APPROX-VC-1: 1,2,3,5,6,8,10,11,12,13,20,21
APPROX-VC-2: 1,2,3,4,5,6,7,9,10,11,12,13,14,15,16,18,20,25
300, 0, 0, 46, 0, 22
CNF-SAT-VC: timeout
APPROX-VC-1: 1,2,3,5,6,8,10,11,12,13,20,21
APPROX-VC-2: 1,2,3,4,5,6,7,9,10,11,12,13,14,15,16,18,20,25
300, 0, 0, 66, 0, 63
CNF-SAT-VC: timeout
APPROX-VC-1: 1,2,3,5,6,8,10,11,12,13,20,21
APPROX-VC-2: 1,2,3,4,5,6,7,9,10,11,12,13,14,15,16,18,20,25
300, 0, 0, 51, 0, 16
CNF-SAT-VC: timeout
APPROX-VC-1: 1,2,3,5,6,8,10,11,12,13,20,21
APPROX-VC-2: 1,2,3,4,5,6,7,9,10,11,12,13,14,15,16,18,20,25
300, 0, 0, 49, 0, 15
CNF-SAT-VC: timeout
APPROX-VC-1: 1,2,3,5,6,8,10,11,12,13,20,21
APPROX-VC-2: 1,2,3,4,5,6,7,9,10,11,12,13,14,15,16,18,20,25
300, 0, 0, 19, 0, 55
CNF-SAT-VC: timeout
APPROX-VC-1: 1,2,3,5,6,8,10,11,12,13,20,21
APPROX-VC-2: 1,2,3,4,5,6,7,9,10,11,12,13,14,15,16,18,20,25
300, 0, 0, 46, 0, 19
CNF-SAT-VC: timeout
APPROX-VC-1: 1,2,3,5,6,8,10,11,12,13,20,21
APPROX-VC-2: 1,2,3,4,5,6,7,9,10,11,12,13,14,15,16,18,20,25
300, 0, 0, 64, 0, 60
CNF-SAT-VC: timeout
APPROX-VC-1: 1,2,3,4,6,7,9,11,12,13,14,17,19
APPROX-VC-2: 1,2,3,4,5,6,7,9,10,11,12,13,14,15,17,18,19,20,22,23,24,25
300, 0, 0, 18, 0, 53
CNF-SAT-VC: timeout
APPROX-VC-1: 1,2,3,4,6,7,9,11,12,13,14,17,19
APPROX-VC-2: 1,2,3,4,5,6,7,9,10,11,12,13,14,15,17,18,19,20,22,23,24,25
300, 0, 0, 63, 0, 61
CNF-SAT-VC: timeout
APPROX-VC-1: 1,2,3,4,6,7,9,11,12,13,14,17,19
APPROX-VC-2: 1,2,3,4,5,6,7,9,10,11,12,13,14,15,17,18,19,20,22,23,24,25
300, 0, 0, 52, 0, 17
CNF-SAT-VC: timeout
APPROX-VC-1: 1,2,3,4,6,7,9,11,12,13,14,17,19
APPROX-VC-2: 1,2,3,4,5,6,7,9,10,11,12,13,14,15,17,18,19,20,22,23,24,25
300, 0, 0, 70, 0, 64
CNF-SAT-VC: timeout
APPROX-VC-1: 1,2,3,4,6,7,9,11,12,13,14,17,19
APPROX-VC-2: 1,2,3,4,5,6,7,9,10,11,12,13,14,15,17,18,19,20,22,23,24,25
300, 0, 0, 17, 0, 23
CNF-SAT-VC: timeout
APPROX-VC-1: 1,2,3,4,6,7,9,11,12,13,14,17,19
APPROX-VC-2: 1,2,3,4,5,6,7,9,10,11,12,13,14,15,17,18,19,20,22,23,24,25
300, 0, 0, 18, 0, 21
CNF-SAT-VC: timeout
APPROX-VC-1: 1,2,3,4,6,7,9,11,12,13,14,17,19
APPROX-VC-2: 1,2,3,4,5,6,7,9,10,11,12,13,14,15,17,18,19,20,22,23,24,25
300, 0, 0, 64, 0, 61
CNF-SAT-VC: timeout
APPROX-VC-1: 1,2,3,4,6,7,9,11,12,13,14,17,19
APPROX-VC-2: 1,2,3,4,5,6,7,9,10,11,12,13,14,15,17,18,19,20,22,23,24,25
300, 0, 0, 50, 0, 17
CNF-SAT-VC: timeout
APPROX-VC-1: 1,2,3,4,6,7,9,11,12,13,14,17,19
APPROX-VC-2: 1,2,3,4,5,6,7,9,10,11,12,13,14,15,17,18,19,20,22,23,24,25
300, 0, 0, 62, 0, 60
CNF-SAT-VC: timeout
APPROX-VC-1: 1,2,3,4,6,7,9,11,12,13,14,17,19
APPROX-VC-2: 1,2,3,4,5,6,7,9,10,11,12,13,14,15,17,18,19,20,22,23,24,25
300, 0, 0, 51, 0, 23
