CNF-SAT-VC: timeout
APPROX-VC-1: 1,2,4,5,8,9,12,15,16,17,18,19,23,28
APPROX-VC-2: 1,2,4,5,6,8,9,12,13,14,15,16,17,18,19,22,23,28
300, 0, 0, 73, 0, 61
CNF-SAT-VC: timeout
APPROX-VC-1: 1,2,4,5,8,9,12,15,16,17,18,19,23,28
APPROX-VC-2: 1,2,4,5,6,8,9,12,13,14,15,16,17,18,19,22,23,28
300, 0, 0, 48, 0, 21
CNF-SAT-VC: timeout
APPROX-VC-1: 1,2,4,5,8,9,12,15,16,17,18,19,23,28
APPROX-VC-2: 1,2,4,5,6,8,9,12,13,14,15,16,17,18,19,22,23,28
300, 0, 0, 71, 0, 74
CNF-SAT-VC: timeout
APPROX-VC-1: 1,2,4,5,8,9,12,15,16,17,18,19,23,28
APPROX-VC-2: 1,2,4,5,6,8,9,12,13,14,15,16,17,18,19,22,23,28
300, 0, 0, 57, 0, 19
CNF-SAT-VC: timeout
APPROX-VC-1: 1,2,4,5,8,9,12,15,16,17,18,19,23,28
APPROX-VC-2: 1,2,4,5,6,8,9,12,13,14,15,16,17,18,19,22,23,28
300, 0, 0, 69, 0, 66
CNF-SAT-VC: timeout
APPROX-VC-1: 1,2,4,5,8,9,12,15,16,17,18,19,23,28
APPROX-VC-2: 1,2,4,5,6,8,9,12,13,14,15,16,17,18,19,22,23,28
300, 0, 0, 60, 0, 54
CNF-SAT-VC: timeout
APPROX-VC-1: 1,2,4,5,8,9,12,15,16,17,18,19,23,28
APPROX-VC-2: 1,2,4,5,6,8,9,12,13,14,15,16,17,18,19,22,23,28
300, 0, 0, 20, 0, 21
CNF-SAT-VC: timeout
APPROX-VC-1: 1,2,4,5,8,9,12,15,16,17,18,19,23,28
APPROX-VC-2: 1,2,4,5,6,8,9,12,13,14,15,16,17,18,19,22,23,28
300, 0, 0, 19, 0, 58
CNF-SAT-VC: timeout
APPROX-VC-1: 1,2,4,5,8,9,12,15,16,17,18,19,23,28
APPROX-VC-2: 1,2,4,5,6,8,9,12,13,14,15,16,17,18,19,22,23,28
300, 0, 0, 22, 0, 49
CNF-SAT-VC: timeout
APPROX-VC-1: 1,2,4,5,8,9,12,15,16,17,18,19,23,28
APPROX-VC-2: 1,2,4,5,6,8,9,12,13,14,15,16,17,18,19,22,23,28
300, 0, 0, 68, 0, 63
CNF-SAT-VC: timeout
APPROX-VC-1: 1,3,4,6,7,9,10,11,12,15,18,19,20,22,27
APPROX-VC-2: 1,2,3,4,6,7,8,9,10,11,12,14,15,16,17,19,20,22,23,26,27,29
300, 0, 0, 70, 0, 67
CNF-SAT-VC: timeout
APPROX-VC-1: 1,3,4,6,7,9,10,11,12,15,18,19,20,22,27
APPROX-VC-2: 1,2,3,4,6,7,8,9,10,11,12,14,15,16,17,19,20,22,23,26,27,29
300, 0, 0, 68, 0, 61
CNF-SAT-VC: timeout
APPROX-VC-1: 1,3,4,6,7,9,10,11,12,15,18,19,20,22,27
APPROX-VC-2: 1,2,3,4,6,7,8,9,10,11,12,14,15,16,17,19,20,22,23,26,27,29
300, 0, 0, 82, 0, 80
CNF-SAT-VC: timeout
APPROX-VC-1: 1,3,4,6,7,9,10,11,12,15,18,19,20,22,27
APPROX-VC-2: 1,2,3,4,6,7,8,9,10,11,12,14,15,16,17,19,20,22,23,26,27,29
300, 0, 0, 59, 0, 22
CNF-SAT-VC: timeout
APPROX-VC-1: 1,3,4,6,7,9,10,11,12,15,18,19,20,22,27
APPROX-VC-2: 1,2,3,4,6,7,8,9,10,11,12,14,15,16,17,19,20,22,23,26,27,29
300, 0, 0, 67, 0, 62
CNF-SAT-VC: timeout
APPROX-VC-1: 1,3,4,6,7,9,10,11,12,15,18,19,20,22,27
APPROX-VC-2: 1,2,3,4,6,7,8,9,10,11,12,14,15,16,17,19,20,22,23,26,27,29
300, 0, 0, 68, 0, 66
CNF-SAT-VC: timeout
APPROX-VC-1: 1,3,4,6,7,9,10,11,12,15,18,19,20,22,27
APPROX-VC-2: 1,2,3,4,6,7,8,9,10,11,12,14,15,16,17,19,20,22,23,26,27,29
300, 0, 0, 63, 0, 60
CNF-SAT-VC: timeout
APPROX-VC-1: 1,3,4,6,7,9,10,11,12,15,18,19,20,22,27
APPROX-VC-2: 1,2,3,4,6,7,8,9,10,11,12,14,15,16,17,19,20,22,23,26,27,29
300, 0, 0, 63, 0, 21
CNF-SAT-VC: timeout
APPROX-VC-1: 1,3,4,6,7,9,10,11,12,15,18,19,20,22,27
APPROX-VC-2: 1,2,3,4,6,7,8,9,10,11,12,14,15,16,17,19,20,22,23,26,27,29
300, 0, 0, 53, 0, 21
CNF-SAT-VC: timeout
APPROX-VC-1: 1,3,4,6,7,9,10,11,12,15,18,19,20,22,27
APPROX-VC-2: 1,2,3,4,6,7,8,9,10,11,12,14,15,16,17,19,20,22,23,26,27,29
300, 0, 0, 61, 0, 52
CNF-SAT-VC: timeout
APPROX-VC-1: 1,2,3,4,6,9,10,12,13,14,16,19,20,21,24,26
APPROX-VC-2: 1,2,3,4,5,6,7,8,9,10,11,12,13,14,15,16,17,18,19,20,21,22,23,24,26,27,29,30
300, 0, 0, 84, 0, 80
CNF-SAT-VC: timeout
APPROX-VC-1: 1,2,3,4,6,9,10,12,13,14,16,19,20,21,24,26
APPROX-VC-2: 1,2,3,4,5,6,7,8,9,10,11,12,13,14,15,16,17,18,19,20,21,22,23,24,26,27,29,30
300, 0, 0, 66, 0, 63
CNF-SAT-VC: timeout
APPROX-VC-1: 1,2,3,4,6,9,10,12,13,14,16,19,20,21,24,26
APPROX-VC-2: 1,2,3,4,5,6,7,8,9,10,11,12,13,14,15,16,17,18,19,20,21,22,23,24,26,27,29,30
300, 0, 0, 62, 0, 56
CNF-SAT-VC: timeout
APPROX-VC-1: 1,2,3,4,6,9,10,12,13,14,16,19,20,21,24,26
APPROX-VC-2: 1,2,3,4,5,6,7,8,9,10,11,12,13,14,15,16,17,18,19,20,21,22,23,24,26,27,29,30
300, 0, 0, 86, 0, 84
CNF-SAT-VC: timeout
APPROX-VC-1: 1,2,3,4,6,9,10,12,13,14,16,19,20,21,24,26
APPROX-VC-2: 1,2,3,4,5,6,7,8,9,10,11,12,13,14,15,16,17,18,19,20,21,22,23,24,26,27,29,30
300, 0, 0, 53, 0, 22
CNF-SAT-VC: timeout
APPROX-VC-1: 1,2,3,4,6,9,10,12,13,14,16,19,20,21,24,26
APPROX-VC-2: 1,2,3,4,5,6,7,8,9,10,11,12,13,14,15,16,17,18,19,20,21,22,23,24,26,27,29,30
300, 0, 0, 21, 0, 23
CNF-SAT-VC: timeout
APPROX-VC-1: 1,2,3,4,6,9,10,12,13,14,16,19,20,21,24,26
APPROX-VC-2: 1,2,3,4,5,6,7,8,9,10,11,12,13,14,15,16,17,18,19,20,21,22,23,24,26,27,29,30
300, 0, 0, 71, 0, 67
CNF-SAT-VC: timeout
APPROX-VC-1: 1,2,3,4,6,9,10,12,13,14,16,19,20,21,24,26
APPROX-VC-2: 1,2,3,4,5,6,7,8,9,10,11,12,13,14,15,16,17,18,19,20,21,22,23,24,26,27,29,30
300, 0, 0, 69, 0, 65
CNF-SAT-VC: timeout
APPROX-VC-1: 1,2,3,4,6,9,10,12,13,14,16,19,20,21,24,26
APPROX-VC-2: 1,2,3,4,5,6,7,8,9,10,11,12,13,14,15,16,17,18,19,20,21,22,23,24,26,27,29,30
300, 0, 0, 69, 0, 66
CNF-SAT-VC: timeout
APPROX-VC-1: 1,2,3,4,6,9,10,12,13,14,16,19,20,21,24,26
APPROX-VC-2: 1,2,3,4,5,6,7,8,9,10,11,12,13,14,15,16,17,18,19,20,21,22,23,24,26,27,29,30
300, 0, 0, 73, 0, 68
CNF-SAT-VC: timeout
APPROX-VC-1: 1,2,5,6,8,11,16,19,20,21,23,24,25
APPROX-VC-2: 1,2,4,5,6,7,8,9,11,12,15,16,17,18,19,20,21,23,24,25,28,30
300, 0, 0, 67, 0, 65
CNF-SAT-VC: timeout
APPROX-VC-1: 1,2,5,6,8,11,16,19,20,21,23,24,25
APPROX-VC-2: 1,2,4,5,6,7,8,9,11,12,15,16,17,18,19,20,21,23,24,25,28,30
300, 0, 0, 66, 0, 58
CNF-SAT-VC: timeout
APPROX-VC-1: 1,2,5,6,8,11,16,19,20,21,23,24,25
APPROX-VC-2: 1,2,4,5,6,7,8,9,11,12,15,16,17,18,19,20,21,23,24,25,28,30
300, 0, 0, 62, 0, 60
CNF-SAT-VC: timeout
APPROX-VC-1: 1,2,5,6,8,11,16,19,20,21,23,24,25
APPROX-VC-2: 1,2,4,5,6,7,8,9,11,12,15,16,17,18,19,20,21,23,24,25,28,30
300, 0, 0, 65, 0, 61
CNF-SAT-VC: timeout
APPROX-VC-1: 1,2,5,6,8,11,16,19,20,21,23,24,25
APPROX-VC-2: 1,2,4,5,6,7,8,9,11,12,15,16,17,18,19,20,21,23,24,25,28,30
300, 0, 0, 65, 0, 63
CNF-SAT-VC: timeout
APPROX-VC-1: 1,2,5,6,8,11,16,19,20,21,23,24,25
APPROX-VC-2: 1,2,4,5,6,7,8,9,11,12,15,16,17,18,19,20,21,23,24,25,28,30
300, 0, 0, 69, 0, 66
CNF-SAT-VC: timeout
APPROX-VC-1: 1,2,5,6,8,11,16,19,20,21,23,24,25
APPROX-VC-2: 1,2,4,5,6,7,8,9,11,12,15,16,17,18,19,20,21,23,24,25,28,30
300, 0, 0, 67, 0, 64
CNF-SAT-VC: timeout
APPROX-VC-1: 1,2,5,6,8,11,16,19,20,21,23,24,25
APPROX-VC-2: 1,2,4,5,6,7,8,9,11,12,15,16,17,18,19,20,21,23,24,25,28,30
300, 0, 0, 61, 0, 59
CNF-SAT-VC: timeout
APPROX-VC-1: 1,2,5,6,8,11,16,19,20,21,23,24,25
APPROX-VC-2: 1,2,4,5,6,7,8,9,11,12,15,16,17,18,19,20,21,23,24,25,28,30
300, 0, 0, 66, 0, 63
CNF-SAT-VC: timeout
APPROX-VC-1: 1,2,5,6,8,11,16,19,20,21,23,24,25
APPROX-VC-2: 1,2,4,5,6,7,8,9,11,12,15,16,17,18,19,20,21,23,24,25,28,30
300, 0, 0, 65, 0, 62
CNF-SAT-VC: timeout
APPROX-VC-1: 1,4,5,6,7,9,11,12,13,14,16,18,19,21,22
APPROX-VC-2: 1,2,3,4,5,6,7,8,9,10,11,12,13,14,16,18,20,21,23,24,28,29
300, 0, 0, 64, 0, 61
CNF-SAT-VC: timeout
APPROX-VC-1: 1,4,5,6,7,9,11,12,13,14,16,18,19,21,22
APPROX-VC-2: 1,2,3,4,5,6,7,8,9,10,11,12,13,14,16,18,20,21,23,24,28,29
300, 0, 0, 68, 0, 65
CNF-SAT-VC: timeout
APPROX-VC-1: 1,4,5,6,7,9,11,12,13,14,16,18,19,21,22
APPROX-VC-2: 1,2,3,4,5,6,7,8,9,10,11,12,13,14,16,18,20,21,23,24,28,29
300, 0, 0, 38, 0, 37
CNF-SAT-VC: timeout
APPROX-VC-1: 1,4,5,6,7,9,11,12,13,14,16,18,19,21,22
APPROX-VC-2: 1,2,3,4,5,6,7,8,9,10,11,12,13,14,16,18,20,21,23,24,28,29
300, 0, 0, 68, 0, 63
CNF-SAT-VC: timeout
APPROX-VC-1: 1,4,5,6,7,9,11,12,13,14,16,18,19,21,22
APPROX-VC-2: 1,2,3,4,5,6,7,8,9,10,11,12,13,14,16,18,20,21,23,24,28,29
300, 0, 0, 61, 0, 58
CNF-SAT-VC: timeout
APPROX-VC-1: 1,4,5,6,7,9,11,12,13,14,16,18,19,21,22
APPROX-VC-2: 1,2,3,4,5,6,7,8,9,10,11,12,13,14,16,18,20,21,23,24,28,29
300, 0, 0, 82, 0, 77
CNF-SAT-VC: timeout
APPROX-VC-1: 1,4,5,6,7,9,11,12,13,14,16,18,19,21,22
APPROX-VC-2: 1,2,3,4,5,6,7,8,9,10,11,12,13,14,16,18,20,21,23,24,28,29
300, 0, 0, 66, 0, 63
CNF-SAT-VC: timeout
APPROX-VC-1: 1,4,5,6,7,9,11,12,13,14,16,18,19,21,22
APPROX-VC-2: 1,2,3,4,5,6,7,8,9,10,11,12,13,14,16,18,20,21,23,24,28,29
300, 0, 0, 67, 0, 61
CNF-SAT-VC: timeout
APPROX-VC-1: 1,4,5,6,7,9,11,12,13,14,16,18,19,21,22
APPROX-VC-2: 1,2,3,4,5,6,7,8,9,10,11,12,13,14,16,18,20,21,23,24,28,29
300, 0, 0, 62, 0, 59
CNF-SAT-VC: timeout
APPROX-VC-1: 1,4,5,6,7,9,11,12,13,14,16,18,19,21,22
APPROX-VC-2: 1,2,3,4,5,6,7,8,9,10,11,12,13,14,16,18,20,21,23,24,28,29
300, 0, 0, 77, 0, 74
CNF-SAT-VC: timeout
APPROX-VC-1: 1,2,3,5,6,8,9,10,11,13,14,15,17,19,20
APPROX-VC-2: 1,2,3,4,5,6,8,9,10,11,12,13,14,15,16,17,18,19,20,22,23,26,28,29
300, 0, 0, 65, 0, 63
CNF-SAT-VC: timeout
APPROX-VC-1: 1,2,3,5,6,8,9,10,11,13,14,15,17,19,20
APPROX-VC-2: 1,2,3,4,5,6,8,9,10,11,12,13,14,15,16,17,18,19,20,22,23,26,28,29
300, 0, 0, 68, 0, 65
CNF-SAT-VC: timeout
APPROX-VC-1: 1,2,3,5,6,8,9,10,11,13,14,15,17,19,20
APPROX-VC-2: 1,2,3,4,5,6,8,9,10,11,12,13,14,15,16,17,18,19,20,22,23,26,28,29
300, 0, 0, 68, 0, 65
CNF-SAT-VC: timeout
APPROX-VC-1: 1,2,3,5,6,8,9,10,11,13,14,15,17,19,20
APPROX-VC-2: 1,2,3,4,5,6,8,9,10,11,12,13,14,15,16,17,18,19,20,22,23,26,28,29
300, 0, 0, 67, 0, 61
CNF-SAT-VC: timeout
APPROX-VC-1: 1,2,3,5,6,8,9,10,11,13,14,15,17,19,20
APPROX-VC-2: 1,2,3,4,5,6,8,9,10,11,12,13,14,15,16,17,18,19,20,22,23,26,28,29
300, 0, 0, 66, 0, 64
CNF-SAT-VC: timeout
APPROX-VC-1: 1,2,3,5,6,8,9,10,11,13,14,15,17,19,20
APPROX-VC-2: 1,2,3,4,5,6,8,9,10,11,12,13,14,15,16,17,18,19,20,22,23,26,28,29
300, 0, 0, 61, 0, 41
CNF-SAT-VC: timeout
APPROX-VC-1: 1,2,3,5,6,8,9,10,11,13,14,15,17,19,20
APPROX-VC-2: 1,2,3,4,5,6,8,9,10,11,12,13,14,15,16,17,18,19,20,22,23,26,28,29
300, 0, 0, 78, 0, 77
CNF-SAT-VC: timeout
APPROX-VC-1: 1,2,3,5,6,8,9,10,11,13,14,15,17,19,20
APPROX-VC-2: 1,2,3,4,5,6,8,9,10,11,12,13,14,15,16,17,18,19,20,22,23,26,28,29
300, 0, 0, 71, 0, 81
CNF-SAT-VC: timeout
APPROX-VC-1: 1,2,3,5,6,8,9,10,11,13,14,15,17,19,20
APPROX-VC-2: 1,2,3,4,5,6,8,9,10,11,12,13,14,15,16,17,18,19,20,22,23,26,28,29
300, 0, 0, 83, 0, 79
CNF-SAT-VC: timeout
APPROX-VC-1: 1,2,3,5,6,8,9,10,11,13,14,15,17,19,20
APPROX-VC-2: 1,2,3,4,5,6,8,9,10,11,12,13,14,15,16,17,18,19,20,22,23,26,28,29
300, 0, 0, 23, 0, 51
CNF-SAT-VC: timeout
APPROX-VC-1: 1,2,3,4,7,8,9,10,12,13,15,16,17,19,24
APPROX-VC-2: 1,2,3,4,5,6,7,8,9,10,11,12,13,14,16,17,19,21,22,23,24,25,26,27,28,29
300, 0, 0, 62, 0, 58
CNF-SAT-VC: timeout
APPROX-VC-1: 1,2,3,4,7,8,9,10,12,13,15,16,17,19,24
APPROX-VC-2: 1,2,3,4,5,6,7,8,9,10,11,12,13,14,16,17,19,21,22,23,24,25,26,27,28,29
300, 0, 0, 35, 0, 38
CNF-SAT-VC: timeout
APPROX-VC-1: 1,2,3,4,7,8,9,10,12,13,15,16,17,19,24
APPROX-VC-2: 1,2,3,4,5,6,7,8,9,10,11,12,13,14,16,17,19,21,22,23,24,25,26,27,28,29
300, 0, 0, 66, 0, 64
CNF-SAT-VC: timeout
APPROX-VC-1: 1,2,3,4,7,8,9,10,12,13,15,16,17,19,24
APPROX-VC-2: 1,2,3,4,5,6,7,8,9,10,11,12,13,14,16,17,19,21,22,23,24,25,26,27,28,29
300, 0, 0, 19, 0, 58
CNF-SAT-VC: timeout
APPROX-VC-1: 1,2,3,4,7,8,9,10,12,13,15,16,17,19,24
APPROX-VC-2: 1,2,3,4,5,6,7,8,9,10,11,12,13,14,16,17,19,21,22,23,24,25,26,27,28,29
300, 0, 0, 38, 0, 51
CNF-SAT-VC: timeout
APPROX-VC-1: 1,2,3,4,7,8,9,10,12,13,15,16,17,19,24
APPROX-VC-2: 1,2,3,4,5,6,7,8,9,10,11,12,13,14,16,17,19,21,22,23,24,25,26,27,28,29
300, 0, 0, 20, 0, 81
CNF-SAT-VC: timeout
APPROX-VC-1: 1,2,3,4,7,8,9,10,12,13,15,16,17,19,24
APPROX-VC-2: 1,2,3,4,5,6,7,8,9,10,11,12,13,14,16,17,19,21,22,23,24,25,26,27,28,29
300, 0, 0, 37, 0, 63
CNF-SAT-VC: timeout
APPROX-VC-1: 1,2,3,4,7,8,9,10,12,13,15,16,17,19,24
APPROX-VC-2: 1,2,3,4,5,6,7,8,9,10,11,12,13,14,16,17,19,21,22,23,24,25,26,27,28,29
300, 0, 0, 48, 0, 23
CNF-SAT-VC: timeout
APPROX-VC-1: 1,2,3,4,7,8,9,10,12,13,15,16,17,19,24
APPROX-VC-2: 1,2,3,4,5,6,7,8,9,10,11,12,13,14,16,17,19,21,22,23,24,25,26,27,28,29
300, 0, 0, 60, 0, 59
CNF-SAT-VC: timeout
APPROX-VC-1: 1,2,3,4,7,8,9,10,12,13,15,16,17,19,24
APPROX-VC-2: 1,2,3,4,5,6,7,8,9,10,11,12,13,14,16,17,19,21,22,23,24,25,26,27,28,29
300, 0, 0, 70, 0, 67
CNF-SAT-VC: timeout
APPROX-VC-1: 1,3,4,5,6,7,8,9,10,11,12,13,15,16,22,27
APPROX-VC-2: 1,2,3,4,5,6,7,8,9,11,12,13,16,17,21,22,25,27,28,30
300, 0, 0, 52, 0, 20
CNF-SAT-VC: timeout
APPROX-VC-1: 1,3,4,5,6,7,8,9,10,11,12,13,15,16,22,27
APPROX-VC-2: 1,2,3,4,5,6,7,8,9,11,12,13,16,17,21,22,25,27,28,30
300, 0, 0, 69, 0, 63
CNF-SAT-VC: timeout
APPROX-VC-1: 1,3,4,5,6,7,8,9,10,11,12,13,15,16,22,27
APPROX-VC-2: 1,2,3,4,5,6,7,8,9,11,12,13,16,17,21,22,25,27,28,30
300, 0, 0, 19, 0, 53
CNF-SAT-VC: timeout
APPROX-VC-1: 1,3,4,5,6,7,8,9,10,11,12,13,15,16,22,27
APPROX-VC-2: 1,2,3,4,5,6,7,8,9,11,12,13,16,17,21,22,25,27,28,30
300, 0, 0, 19, 0, 60
CNF-SAT-VC: timeout
APPROX-VC-1: 1,3,4,5,6,7,8,9,10,11,12,13,15,16,22,27
APPROX-VC-2: 1,2,3,4,5,6,7,8,9,11,12,13,16,17,21,22,25,27,28,30
300, 0, 0, 22, 0, 62
CNF-SAT-VC: timeout
APPROX-VC-1: 1,3,4,5,6,7,8,9,10,11,12,13,15,16,22,27
APPROX-VC-2: 1,2,3,4,5,6,7,8,9,11,12,13,16,17,21,22,25,27,28,30
300, 0, 0, 51, 0, 20
CNF-SAT-VC: timeout
APPROX-VC-1: 1,3,4,5,6,7,8,9,10,11,12,13,15,16,22,27
APPROX-VC-2: 1,2,3,4,5,6,7,8,9,11,12,13,16,17,21,22,25,27,28,30
300, 0, 0, 19, 0, 53
CNF-SAT-VC: timeout
APPROX-VC-1: 1,3,4,5,6,7,8,9,10,11,12,13,15,16,22,27
APPROX-VC-2: 1,2,3,4,5,6,7,8,9,11,12,13,16,17,21,22,25,27,28,30
300, 0, 0, 70, 0, 63
CNF-SAT-VC: timeout
APPROX-VC-1: 1,3,4,5,6,7,8,9,10,11,12,13,15,16,22,27
APPROX-VC-2: 1,2,3,4,5,6,7,8,9,11,12,13,16,17,21,22,25,27,28,30
300, 0, 0, 62, 0, 57
CNF-SAT-VC: timeout
APPROX-VC-1: 1,3,4,5,6,7,8,9,10,11,12,13,15,16,22,27
APPROX-VC-2: 1,2,3,4,5,6,7,8,9,11,12,13,16,17,21,22,25,27,28,30
300, 0, 0, 67, 0, 63
CNF-SAT-VC: timeout
APPROX-VC-1: 1,2,5,6,8,9,10,11,12,15,17,18,21,26,30
APPROX-VC-2: 1,2,3,4,5,6,7,8,9,10,11,12,13,14,15,16,17,18,20,21,22,24,26,29
300, 0, 0, 71, 0, 67
CNF-SAT-VC: timeout
APPROX-VC-1: 1,2,5,6,8,9,10,11,12,15,17,18,21,26,30
APPROX-VC-2: 1,2,3,4,5,6,7,8,9,10,11,12,13,14,15,16,17,18,20,21,22,24,26,29
300, 0, 0, 48, 0, 20
CNF-SAT-VC: timeout
APPROX-VC-1: 1,2,5,6,8,9,10,11,12,15,17,18,21,26,30
APPROX-VC-2: 1,2,3,4,5,6,7,8,9,10,11,12,13,14,15,16,17,18,20,21,22,24,26,29
300, 0, 0, 64, 0, 57
CNF-SAT-VC: timeout
APPROX-VC-1: 1,2,5,6,8,9,10,11,12,15,17,18,21,26,30
APPROX-VC-2: 1,2,3,4,5,6,7,8,9,10,11,12,13,14,15,16,17,18,20,21,22,24,26,29
300, 0, 0, 54, 0, 21
CNF-SAT-VC: timeout
APPROX-VC-1: 1,2,5,6,8,9,10,11,12,15,17,18,21,26,30
APPROX-VC-2: 1,2,3,4,5,6,7,8,9,10,11,12,13,14,15,16,17,18,20,21,22,24,26,29
300, 0, 0, 33, 0, 41
CNF-SAT-VC: timeout
APPROX-VC-1: 1,2,5,6,8,9,10,11,12,15,17,18,21,26,30
APPROX-VC-2: 1,2,3,4,5,6,7,8,9,10,11,12,13,14,15,16,17,18,20,21,22,24,26,29
300, 0, 0, 64, 0, 60
CNF-SAT-VC: timeout
APPROX-VC-1: 1,2,5,6,8,9,10,11,12,15,17,18,21,26,30
APPROX-VC-2: 1,2,3,4,5,6,7,8,9,10,11,12,13,14,15,16,17,18,20,21,22,24,26,29
300, 0, 0, 64, 0, 63
CNF-SAT-VC: timeout
APPROX-VC-1: 1,2,5,6,8,9,10,11,12,15,17,18,21,26,30
APPROX-VC-2: 1,2,3,4,5,6,7,8,9,10,11,12,13,14,15,16,17,18,20,21,22,24,26,29
300, 0, 0, 61, 0, 60
CNF-SAT-VC: timeout
APPROX-VC-1: 1,2,5,6,8,9,10,11,12,15,17,18,21,26,30
APPROX-VC-2: 1,2,3,4,5,6,7,8,9,10,11,12,13,14,15,16,17,18,20,21,22,24,26,29
300, 0, 0, 72, 0, 67
CNF-SAT-VC: timeout
APPROX-VC-1: 1,2,5,6,8,9,10,11,12,15,17,18,21,26,30
APPROX-VC-2: 1,2,3,4,5,6,7,8,9,10,11,12,13,14,15,16,17,18,20,21,22,24,26,29
300, 0, 0, 70, 0, 68
CNF-SAT-VC: timeout
APPROX-VC-1: 1,2,4,5,6,8,9,10,13,15,17,19,20,23,25,28
APPROX-VC-2: 1,2,3,4,5,6,7,8,9,10,11,12,13,15,16,17,18,19,24,25,26,27,28,29
300, 0, 0, 69, 0, 63
CNF-SAT-VC: timeout
APPROX-VC-1: 1,2,4,5,6,8,9,10,13,15,17,19,20,23,25,28
APPROX-VC-2: 1,2,3,4,5,6,7,8,9,10,11,12,13,15,16,17,18,19,24,25,26,27,28,29
300, 0, 0, 65, 0, 61
CNF-SAT-VC: timeout
APPROX-VC-1: 1,2,4,5,6,8,9,10,13,15,17,19,20,23,25,28
APPROX-VC-2: 1,2,3,4,5,6,7,8,9,10,11,12,13,15,16,17,18,19,24,25,26,27,28,29
300, 0, 0, 66, 0, 63
CNF-SAT-VC: timeout
APPROX-VC-1: 1,2,4,5,6,8,9,10,13,15,17,19,20,23,25,28
APPROX-VC-2: 1,2,3,4,5,6,7,8,9,10,11,12,13,15,16,17,18,19,24,25,26,27,28,29
300, 0, 0, 64, 0, 63
CNF-SAT-VC: timeout
APPROX-VC-1: 1,2,4,5,6,8,9,10,13,15,17,19,20,23,25,28
APPROX-VC-2: 1,2,3,4,5,6,7,8,9,10,11,12,13,15,16,17,18,19,24,25,26,27,28,29
300, 0, 0, 67, 0, 61
CNF-SAT-VC: timeout
APPROX-VC-1: 1,2,4,5,6,8,9,10,13,15,17,19,20,23,25,28
APPROX-VC-2: 1,2,3,4,5,6,7,8,9,10,11,12,13,15,16,17,18,19,24,25,26,27,28,29
300, 0, 0, 66, 0, 63
CNF-SAT-VC: timeout
APPROX-VC-1: 1,2,4,5,6,8,9,10,13,15,17,19,20,23,25,28
APPROX-VC-2: 1,2,3,4,5,6,7,8,9,10,11,12,13,15,16,17,18,19,24,25,26,27,28,29
300, 0, 0, 65, 0, 62
CNF-SAT-VC: timeout
APPROX-VC-1: 1,2,4,5,6,8,9,10,13,15,17,19,20,23,25,28
APPROX-VC-2: 1,2,3,4,5,6,7,8,9,10,11,12,13,15,16,17,18,19,24,25,26,27,28,29
300, 0, 0, 66, 0, 63
CNF-SAT-VC: timeout
APPROX-VC-1: 1,2,4,5,6,8,9,10,13,15,17,19,20,23,25,28
APPROX-VC-2: 1,2,3,4,5,6,7,8,9,10,11,12,13,15,16,17,18,19,24,25,26,27,28,29
300, 0, 0, 67, 0, 63
CNF-SAT-VC: timeout
APPROX-VC-1: 1,2,4,5,6,8,9,10,13,15,17,19,20,23,25,28
APPROX-VC-2: 1,2,3,4,5,6,7,8,9,10,11,12,13,15,16,17,18,19,24,25,26,27,28,29
300, 0, 0, 66, 0, 63
