CNF-SAT-VC: timeout
APPROX-VC-1: 1,2,3,4,5,6,7,9,14,16,18,19,20,21,23,27,28
APPROX-VC-2: 1,2,3,4,5,6,7,8,9,10,14,16,17,18,19,20,21,23,24,26,29,30,31,35
300, 0, 0, 71, 0, 61
CNF-SAT-VC: timeout
APPROX-VC-1: 1,2,3,4,5,6,7,9,14,16,18,19,20,21,23,27,28
APPROX-VC-2: 1,2,3,4,5,6,7,8,9,10,14,16,17,18,19,20,21,23,24,26,29,30,31,35
300, 0, 0, 67, 0, 61
CNF-SAT-VC: timeout
APPROX-VC-1: 1,2,3,4,5,6,7,9,14,16,18,19,20,21,23,27,28
APPROX-VC-2: 1,2,3,4,5,6,7,8,9,10,14,16,17,18,19,20,21,23,24,26,29,30,31,35
300, 0, 0, 93, 0, 88
CNF-SAT-VC: timeout
APPROX-VC-1: 1,2,3,4,5,6,7,9,14,16,18,19,20,21,23,27,28
APPROX-VC-2: 1,2,3,4,5,6,7,8,9,10,14,16,17,18,19,20,21,23,24,26,29,30,31,35
300, 0, 0, 81, 0, 74
CNF-SAT-VC: timeout
APPROX-VC-1: 1,2,3,4,5,6,7,9,14,16,18,19,20,21,23,27,28
APPROX-VC-2: 1,2,3,4,5,6,7,8,9,10,14,16,17,18,19,20,21,23,24,26,29,30,31,35
300, 0, 0, 77, 0, 70
CNF-SAT-VC: timeout
APPROX-VC-1: 1,2,3,4,5,6,7,9,14,16,18,19,20,21,23,27,28
APPROX-VC-2: 1,2,3,4,5,6,7,8,9,10,14,16,17,18,19,20,21,23,24,26,29,30,31,35
300, 0, 0, 78, 0, 71
CNF-SAT-VC: timeout
APPROX-VC-1: 1,2,3,4,5,6,7,9,14,16,18,19,20,21,23,27,28
APPROX-VC-2: 1,2,3,4,5,6,7,8,9,10,14,16,17,18,19,20,21,23,24,26,29,30,31,35
300, 0, 0, 66, 0, 65
CNF-SAT-VC: timeout
APPROX-VC-1: 1,2,3,4,5,6,7,9,14,16,18,19,20,21,23,27,28
APPROX-VC-2: 1,2,3,4,5,6,7,8,9,10,14,16,17,18,19,20,21,23,24,26,29,30,31,35
300, 0, 0, 69, 0, 64
CNF-SAT-VC: timeout
APPROX-VC-1: 1,2,3,4,5,6,7,9,14,16,18,19,20,21,23,27,28
APPROX-VC-2: 1,2,3,4,5,6,7,8,9,10,14,16,17,18,19,20,21,23,24,26,29,30,31,35
300, 0, 0, 68, 0, 61
CNF-SAT-VC: timeout
APPROX-VC-1: 1,2,3,4,5,6,7,9,14,16,18,19,20,21,23,27,28
APPROX-VC-2: 1,2,3,4,5,6,7,8,9,10,14,16,17,18,19,20,21,23,24,26,29,30,31,35
300, 0, 0, 74, 0, 70
CNF-SAT-VC: timeout
APPROX-VC-1: 1,2,3,5,6,8,10,12,17,22,24,26,27,28,30,32,34,35
APPROX-VC-2: 1,2,3,4,5,6,7,8,9,10,11,12,13,14,15,16,17,19,20,21,22,24,26,27,30,31,32,33,34,35
300, 0, 0, 76, 0, 73
CNF-SAT-VC: timeout
APPROX-VC-1: 1,2,3,5,6,8,10,12,17,22,24,26,27,28,30,32,34,35
APPROX-VC-2: 1,2,3,4,5,6,7,8,9,10,11,12,13,14,15,16,17,19,20,21,22,24,26,27,30,31,32,33,34,35
300, 0, 0, 73, 0, 69
CNF-SAT-VC: timeout
APPROX-VC-1: 1,2,3,5,6,8,10,12,17,22,24,26,27,28,30,32,34,35
APPROX-VC-2: 1,2,3,4,5,6,7,8,9,10,11,12,13,14,15,16,17,19,20,21,22,24,26,27,30,31,32,33,34,35
300, 0, 0, 68, 0, 63
CNF-SAT-VC: timeout
APPROX-VC-1: 1,2,3,5,6,8,10,12,17,22,24,26,27,28,30,32,34,35
APPROX-VC-2: 1,2,3,4,5,6,7,8,9,10,11,12,13,14,15,16,17,19,20,21,22,24,26,27,30,31,32,33,34,35
300, 0, 0, 79, 0, 70
CNF-SAT-VC: timeout
APPROX-VC-1: 1,2,3,5,6,8,10,12,17,22,24,26,27,28,30,32,34,35
APPROX-VC-2: 1,2,3,4,5,6,7,8,9,10,11,12,13,14,15,16,17,19,20,21,22,24,26,27,30,31,32,33,34,35
300, 0, 0, 75, 0, 70
CNF-SAT-VC: timeout
APPROX-VC-1: 1,2,3,5,6,8,10,12,17,22,24,26,27,28,30,32,34,35
APPROX-VC-2: 1,2,3,4,5,6,7,8,9,10,11,12,13,14,15,16,17,19,20,21,22,24,26,27,30,31,32,33,34,35
300, 0, 0, 74, 0, 71
CNF-SAT-VC: timeout
APPROX-VC-1: 1,2,3,5,6,8,10,12,17,22,24,26,27,28,30,32,34,35
APPROX-VC-2: 1,2,3,4,5,6,7,8,9,10,11,12,13,14,15,16,17,19,20,21,22,24,26,27,30,31,32,33,34,35
300, 0, 0, 68, 0, 64
CNF-SAT-VC: timeout
APPROX-VC-1: 1,2,3,5,6,8,10,12,17,22,24,26,27,28,30,32,34,35
APPROX-VC-2: 1,2,3,4,5,6,7,8,9,10,11,12,13,14,15,16,17,19,20,21,22,24,26,27,30,31,32,33,34,35
300, 0, 0, 69, 0, 66
CNF-SAT-VC: timeout
APPROX-VC-1: 1,2,3,5,6,8,10,12,17,22,24,26,27,28,30,32,34,35
APPROX-VC-2: 1,2,3,4,5,6,7,8,9,10,11,12,13,14,15,16,17,19,20,21,22,24,26,27,30,31,32,33,34,35
300, 0, 0, 71, 0, 69
CNF-SAT-VC: timeout
APPROX-VC-1: 1,2,3,5,6,8,10,12,17,22,24,26,27,28,30,32,34,35
APPROX-VC-2: 1,2,3,4,5,6,7,8,9,10,11,12,13,14,15,16,17,19,20,21,22,24,26,27,30,31,32,33,34,35
300, 0, 0, 59, 0, 59
CNF-SAT-VC: timeout
APPROX-VC-1: 1,2,5,6,7,9,13,14,15,16,18,20,21,25,27,33
APPROX-VC-2: 1,2,4,5,6,7,9,10,11,12,13,14,15,16,17,18,19,20,21,22,25,27,28,30,31,32,33,34
300, 0, 0, 86, 0, 82
CNF-SAT-VC: timeout
APPROX-VC-1: 1,2,5,6,7,9,13,14,15,16,18,20,21,25,27,33
APPROX-VC-2: 1,2,4,5,6,7,9,10,11,12,13,14,15,16,17,18,19,20,21,22,25,27,28,30,31,32,33,34
300, 0, 0, 69, 0, 68
CNF-SAT-VC: timeout
APPROX-VC-1: 1,2,5,6,7,9,13,14,15,16,18,20,21,25,27,33
APPROX-VC-2: 1,2,4,5,6,7,9,10,11,12,13,14,15,16,17,18,19,20,21,22,25,27,28,30,31,32,33,34
300, 0, 0, 68, 0, 61
CNF-SAT-VC: timeout
APPROX-VC-1: 1,2,5,6,7,9,13,14,15,16,18,20,21,25,27,33
APPROX-VC-2: 1,2,4,5,6,7,9,10,11,12,13,14,15,16,17,18,19,20,21,22,25,27,28,30,31,32,33,34
300, 0, 0, 68, 0, 66
CNF-SAT-VC: timeout
APPROX-VC-1: 1,2,5,6,7,9,13,14,15,16,18,20,21,25,27,33
APPROX-VC-2: 1,2,4,5,6,7,9,10,11,12,13,14,15,16,17,18,19,20,21,22,25,27,28,30,31,32,33,34
300, 0, 0, 57, 0, 53
CNF-SAT-VC: timeout
APPROX-VC-1: 1,2,5,6,7,9,13,14,15,16,18,20,21,25,27,33
APPROX-VC-2: 1,2,4,5,6,7,9,10,11,12,13,14,15,16,17,18,19,20,21,22,25,27,28,30,31,32,33,34
300, 0, 0, 55, 0, 53
CNF-SAT-VC: timeout
APPROX-VC-1: 1,2,5,6,7,9,13,14,15,16,18,20,21,25,27,33
APPROX-VC-2: 1,2,4,5,6,7,9,10,11,12,13,14,15,16,17,18,19,20,21,22,25,27,28,30,31,32,33,34
300, 0, 0, 55, 0, 53
CNF-SAT-VC: timeout
APPROX-VC-1: 1,2,5,6,7,9,13,14,15,16,18,20,21,25,27,33
APPROX-VC-2: 1,2,4,5,6,7,9,10,11,12,13,14,15,16,17,18,19,20,21,22,25,27,28,30,31,32,33,34
300, 0, 0, 54, 0, 56
CNF-SAT-VC: timeout
APPROX-VC-1: 1,2,5,6,7,9,13,14,15,16,18,20,21,25,27,33
APPROX-VC-2: 1,2,4,5,6,7,9,10,11,12,13,14,15,16,17,18,19,20,21,22,25,27,28,30,31,32,33,34
300, 0, 0, 49, 0, 67
CNF-SAT-VC: timeout
APPROX-VC-1: 1,2,5,6,7,9,13,14,15,16,18,20,21,25,27,33
APPROX-VC-2: 1,2,4,5,6,7,9,10,11,12,13,14,15,16,17,18,19,20,21,22,25,27,28,30,31,32,33,34
300, 0, 0, 63, 0, 61
CNF-SAT-VC: timeout
APPROX-VC-1: 1,2,4,6,7,11,12,13,14,16,18,19,20,21,24,32
APPROX-VC-2: 1,2,3,4,5,6,7,10,11,12,13,14,16,18,19,20,21,23,24,26,27,28,29,32,34,35
300, 0, 0, 63, 0, 61
CNF-SAT-VC: timeout
APPROX-VC-1: 1,2,4,6,7,11,12,13,14,16,18,19,20,21,24,32
APPROX-VC-2: 1,2,3,4,5,6,7,10,11,12,13,14,16,18,19,20,21,23,24,26,27,28,29,32,34,35
300, 0, 0, 84, 0, 82
CNF-SAT-VC: timeout
APPROX-VC-1: 1,2,4,6,7,11,12,13,14,16,18,19,20,21,24,32
APPROX-VC-2: 1,2,3,4,5,6,7,10,11,12,13,14,16,18,19,20,21,23,24,26,27,28,29,32,34,35
300, 0, 0, 57, 0, 53
CNF-SAT-VC: timeout
APPROX-VC-1: 1,2,4,6,7,11,12,13,14,16,18,19,20,21,24,32
APPROX-VC-2: 1,2,3,4,5,6,7,10,11,12,13,14,16,18,19,20,21,23,24,26,27,28,29,32,34,35
300, 0, 0, 63, 0, 61
CNF-SAT-VC: timeout
APPROX-VC-1: 1,2,4,6,7,11,12,13,14,16,18,19,20,21,24,32
APPROX-VC-2: 1,2,3,4,5,6,7,10,11,12,13,14,16,18,19,20,21,23,24,26,27,28,29,32,34,35
300, 0, 0, 63, 0, 61
CNF-SAT-VC: timeout
APPROX-VC-1: 1,2,4,6,7,11,12,13,14,16,18,19,20,21,24,32
APPROX-VC-2: 1,2,3,4,5,6,7,10,11,12,13,14,16,18,19,20,21,23,24,26,27,28,29,32,34,35
300, 0, 0, 53, 0, 53
CNF-SAT-VC: timeout
APPROX-VC-1: 1,2,4,6,7,11,12,13,14,16,18,19,20,21,24,32
APPROX-VC-2: 1,2,3,4,5,6,7,10,11,12,13,14,16,18,19,20,21,23,24,26,27,28,29,32,34,35
300, 0, 0, 56, 0, 69
CNF-SAT-VC: timeout
APPROX-VC-1: 1,2,4,6,7,11,12,13,14,16,18,19,20,21,24,32
APPROX-VC-2: 1,2,3,4,5,6,7,10,11,12,13,14,16,18,19,20,21,23,24,26,27,28,29,32,34,35
300, 0, 0, 60, 0, 56
CNF-SAT-VC: timeout
APPROX-VC-1: 1,2,4,6,7,11,12,13,14,16,18,19,20,21,24,32
APPROX-VC-2: 1,2,3,4,5,6,7,10,11,12,13,14,16,18,19,20,21,23,24,26,27,28,29,32,34,35
300, 0, 0, 53, 0, 52
CNF-SAT-VC: timeout
APPROX-VC-1: 1,2,4,6,7,11,12,13,14,16,18,19,20,21,24,32
APPROX-VC-2: 1,2,3,4,5,6,7,10,11,12,13,14,16,18,19,20,21,23,24,26,27,28,29,32,34,35
300, 0, 0, 55, 0, 53
CNF-SAT-VC: timeout
APPROX-VC-1: 1,2,4,7,8,9,10,11,12,17,18,19,21,23,25,33
APPROX-VC-2: 1,2,3,4,5,7,8,9,10,11,12,13,14,15,16,18,19,21,23,25,26,27,30,32,33,35
300, 0, 0, 66, 0, 62
CNF-SAT-VC: timeout
APPROX-VC-1: 1,2,4,7,8,9,10,11,12,17,18,19,21,23,25,33
APPROX-VC-2: 1,2,3,4,5,7,8,9,10,11,12,13,14,15,16,18,19,21,23,25,26,27,30,32,33,35
300, 0, 0, 55, 0, 54
CNF-SAT-VC: timeout
APPROX-VC-1: 1,2,4,7,8,9,10,11,12,17,18,19,21,23,25,33
APPROX-VC-2: 1,2,3,4,5,7,8,9,10,11,12,13,14,15,16,18,19,21,23,25,26,27,30,32,33,35
300, 0, 0, 68, 0, 66
CNF-SAT-VC: timeout
APPROX-VC-1: 1,2,4,7,8,9,10,11,12,17,18,19,21,23,25,33
APPROX-VC-2: 1,2,3,4,5,7,8,9,10,11,12,13,14,15,16,18,19,21,23,25,26,27,30,32,33,35
300, 0, 0, 55, 0, 53
CNF-SAT-VC: timeout
APPROX-VC-1: 1,2,4,7,8,9,10,11,12,17,18,19,21,23,25,33
APPROX-VC-2: 1,2,3,4,5,7,8,9,10,11,12,13,14,15,16,18,19,21,23,25,26,27,30,32,33,35
300, 0, 0, 51, 0, 23
CNF-SAT-VC: timeout
APPROX-VC-1: 1,2,4,7,8,9,10,11,12,17,18,19,21,23,25,33
APPROX-VC-2: 1,2,3,4,5,7,8,9,10,11,12,13,14,15,16,18,19,21,23,25,26,27,30,32,33,35
300, 0, 0, 54, 0, 52
CNF-SAT-VC: timeout
APPROX-VC-1: 1,2,4,7,8,9,10,11,12,17,18,19,21,23,25,33
APPROX-VC-2: 1,2,3,4,5,7,8,9,10,11,12,13,14,15,16,18,19,21,23,25,26,27,30,32,33,35
300, 0, 0, 63, 0, 60
CNF-SAT-VC: timeout
APPROX-VC-1: 1,2,4,7,8,9,10,11,12,17,18,19,21,23,25,33
APPROX-VC-2: 1,2,3,4,5,7,8,9,10,11,12,13,14,15,16,18,19,21,23,25,26,27,30,32,33,35
300, 0, 0, 76, 0, 73
CNF-SAT-VC: timeout
APPROX-VC-1: 1,2,4,7,8,9,10,11,12,17,18,19,21,23,25,33
APPROX-VC-2: 1,2,3,4,5,7,8,9,10,11,12,13,14,15,16,18,19,21,23,25,26,27,30,32,33,35
300, 0, 0, 55, 0, 53
CNF-SAT-VC: timeout
APPROX-VC-1: 1,2,4,7,8,9,10,11,12,17,18,19,21,23,25,33
APPROX-VC-2: 1,2,3,4,5,7,8,9,10,11,12,13,14,15,16,18,19,21,23,25,26,27,30,32,33,35
300, 0, 0, 64, 0, 61
CNF-SAT-VC: timeout
APPROX-VC-1: 1,2,3,4,7,9,12,13,14,16,18,19,21,22,23,24,25,26,35
APPROX-VC-2: 1,2,3,4,5,7,8,9,11,12,13,14,15,16,17,18,19,20,21,23,24,25,26,29,30,31,32,33,34,35
300, 0, 0, 65, 0, 62
CNF-SAT-VC: timeout
APPROX-VC-1: 1,2,3,4,7,9,12,13,14,16,18,19,21,22,23,24,25,26,35
APPROX-VC-2: 1,2,3,4,5,7,8,9,11,12,13,14,15,16,17,18,19,20,21,23,24,25,26,29,30,31,32,33,34,35
300, 0, 0, 70, 0, 65
CNF-SAT-VC: timeout
APPROX-VC-1: 1,2,3,4,7,9,12,13,14,16,18,19,21,22,23,24,25,26,35
APPROX-VC-2: 1,2,3,4,5,7,8,9,11,12,13,14,15,16,17,18,19,20,21,23,24,25,26,29,30,31,32,33,34,35
300, 0, 0, 52, 0, 58
CNF-SAT-VC: timeout
APPROX-VC-1: 1,2,3,4,7,9,12,13,14,16,18,19,21,22,23,24,25,26,35
APPROX-VC-2: 1,2,3,4,5,7,8,9,11,12,13,14,15,16,17,18,19,20,21,23,24,25,26,29,30,31,32,33,34,35
300, 0, 0, 85, 0, 81
CNF-SAT-VC: timeout
APPROX-VC-1: 1,2,3,4,7,9,12,13,14,16,18,19,21,22,23,24,25,26,35
APPROX-VC-2: 1,2,3,4,5,7,8,9,11,12,13,14,15,16,17,18,19,20,21,23,24,25,26,29,30,31,32,33,34,35
300, 0, 0, 69, 0, 66
CNF-SAT-VC: timeout
APPROX-VC-1: 1,2,3,4,7,9,12,13,14,16,18,19,21,22,23,24,25,26,35
APPROX-VC-2: 1,2,3,4,5,7,8,9,11,12,13,14,15,16,17,18,19,20,21,23,24,25,26,29,30,31,32,33,34,35
300, 0, 0, 66, 0, 39
CNF-SAT-VC: timeout
APPROX-VC-1: 1,2,3,4,7,9,12,13,14,16,18,19,21,22,23,24,25,26,35
APPROX-VC-2: 1,2,3,4,5,7,8,9,11,12,13,14,15,16,17,18,19,20,21,23,24,25,26,29,30,31,32,33,34,35
300, 0, 0, 69, 0, 64
CNF-SAT-VC: timeout
APPROX-VC-1: 1,2,3,4,7,9,12,13,14,16,18,19,21,22,23,24,25,26,35
APPROX-VC-2: 1,2,3,4,5,7,8,9,11,12,13,14,15,16,17,18,19,20,21,23,24,25,26,29,30,31,32,33,34,35
300, 0, 0, 59, 0, 23
CNF-SAT-VC: timeout
APPROX-VC-1: 1,2,3,4,7,9,12,13,14,16,18,19,21,22,23,24,25,26,35
APPROX-VC-2: 1,2,3,4,5,7,8,9,11,12,13,14,15,16,17,18,19,20,21,23,24,25,26,29,30,31,32,33,34,35
300, 0, 0, 71, 0, 67
CNF-SAT-VC: timeout
APPROX-VC-1: 1,2,3,4,7,9,12,13,14,16,18,19,21,22,23,24,25,26,35
APPROX-VC-2: 1,2,3,4,5,7,8,9,11,12,13,14,15,16,17,18,19,20,21,23,24,25,26,29,30,31,32,33,34,35
300, 0, 0, 68, 0, 63
CNF-SAT-VC: timeout
APPROX-VC-1: 1,2,4,5,6,8,9,13,14,15,17,20,23,24,25,28,32
APPROX-VC-2: 1,2,3,4,5,6,7,8,9,11,12,13,14,15,16,17,18,19,20,21,22,23,24,25,27,28,31,32,33,35
300, 0, 0, 39, 0, 43
CNF-SAT-VC: timeout
APPROX-VC-1: 1,2,4,5,6,8,9,13,14,15,17,20,23,24,25,28,32
APPROX-VC-2: 1,2,3,4,5,6,7,8,9,11,12,13,14,15,16,17,18,19,20,21,22,23,24,25,27,28,31,32,33,35
300, 0, 0, 69, 0, 66
CNF-SAT-VC: timeout
APPROX-VC-1: 1,2,4,5,6,8,9,13,14,15,17,20,23,24,25,28,32
APPROX-VC-2: 1,2,3,4,5,6,7,8,9,11,12,13,14,15,16,17,18,19,20,21,22,23,24,25,27,28,31,32,33,35
300, 0, 0, 69, 0, 66
CNF-SAT-VC: timeout
APPROX-VC-1: 1,2,4,5,6,8,9,13,14,15,17,20,23,24,25,28,32
APPROX-VC-2: 1,2,3,4,5,6,7,8,9,11,12,13,14,15,16,17,18,19,20,21,22,23,24,25,27,28,31,32,33,35
300, 0, 0, 66, 0, 63
CNF-SAT-VC: timeout
APPROX-VC-1: 1,2,4,5,6,8,9,13,14,15,17,20,23,24,25,28,32
APPROX-VC-2: 1,2,3,4,5,6,7,8,9,11,12,13,14,15,16,17,18,19,20,21,22,23,24,25,27,28,31,32,33,35
300, 0, 0, 73, 0, 69
CNF-SAT-VC: timeout
APPROX-VC-1: 1,2,4,5,6,8,9,13,14,15,17,20,23,24,25,28,32
APPROX-VC-2: 1,2,3,4,5,6,7,8,9,11,12,13,14,15,16,17,18,19,20,21,22,23,24,25,27,28,31,32,33,35
300, 0, 0, 71, 0, 69
CNF-SAT-VC: timeout
APPROX-VC-1: 1,2,4,5,6,8,9,13,14,15,17,20,23,24,25,28,32
APPROX-VC-2: 1,2,3,4,5,6,7,8,9,11,12,13,14,15,16,17,18,19,20,21,22,23,24,25,27,28,31,32,33,35
300, 0, 0, 69, 0, 65
CNF-SAT-VC: timeout
APPROX-VC-1: 1,2,4,5,6,8,9,13,14,15,17,20,23,24,25,28,32
APPROX-VC-2: 1,2,3,4,5,6,7,8,9,11,12,13,14,15,16,17,18,19,20,21,22,23,24,25,27,28,31,32,33,35
300, 0, 0, 68, 0, 66
CNF-SAT-VC: timeout
APPROX-VC-1: 1,2,4,5,6,8,9,13,14,15,17,20,23,24,25,28,32
APPROX-VC-2: 1,2,3,4,5,6,7,8,9,11,12,13,14,15,16,17,18,19,20,21,22,23,24,25,27,28,31,32,33,35
300, 0, 0, 67, 0, 65
CNF-SAT-VC: timeout
APPROX-VC-1: 1,2,4,5,6,8,9,13,14,15,17,20,23,24,25,28,32
APPROX-VC-2: 1,2,3,4,5,6,7,8,9,11,12,13,14,15,16,17,18,19,20,21,22,23,24,25,27,28,31,32,33,35
300, 0, 0, 67, 0, 66
CNF-SAT-VC: timeout
APPROX-VC-1: 1,2,5,6,9,10,11,12,13,14,15,18,20,22,29,32,34,35
APPROX-VC-2: 1,2,3,4,5,6,7,9,10,11,12,13,14,15,17,18,20,21,22,23,24,25,27,28,30,31,32,33,34,35
300, 0, 0, 69, 0, 66
CNF-SAT-VC: timeout
APPROX-VC-1: 1,2,5,6,9,10,11,12,13,14,15,18,20,22,29,32,34,35
APPROX-VC-2: 1,2,3,4,5,6,7,9,10,11,12,13,14,15,17,18,20,21,22,23,24,25,27,28,30,31,32,33,34,35
300, 0, 0, 66, 0, 63
CNF-SAT-VC: timeout
APPROX-VC-1: 1,2,5,6,9,10,11,12,13,14,15,18,20,22,29,32,34,35
APPROX-VC-2: 1,2,3,4,5,6,7,9,10,11,12,13,14,15,17,18,20,21,22,23,24,25,27,28,30,31,32,33,34,35
300, 0, 0, 67, 0, 64
CNF-SAT-VC: timeout
APPROX-VC-1: 1,2,5,6,9,10,11,12,13,14,15,18,20,22,29,32,34,35
APPROX-VC-2: 1,2,3,4,5,6,7,9,10,11,12,13,14,15,17,18,20,21,22,23,24,25,27,28,30,31,32,33,34,35
300, 0, 0, 69, 0, 65
CNF-SAT-VC: timeout
APPROX-VC-1: 1,2,5,6,9,10,11,12,13,14,15,18,20,22,29,32,34,35
APPROX-VC-2: 1,2,3,4,5,6,7,9,10,11,12,13,14,15,17,18,20,21,22,23,24,25,27,28,30,31,32,33,34,35
300, 0, 0, 69, 0, 66
CNF-SAT-VC: timeout
APPROX-VC-1: 1,2,5,6,9,10,11,12,13,14,15,18,20,22,29,32,34,35
APPROX-VC-2: 1,2,3,4,5,6,7,9,10,11,12,13,14,15,17,18,20,21,22,23,24,25,27,28,30,31,32,33,34,35
300, 0, 0, 69, 0, 66
CNF-SAT-VC: timeout
APPROX-VC-1: 1,2,5,6,9,10,11,12,13,14,15,18,20,22,29,32,34,35
APPROX-VC-2: 1,2,3,4,5,6,7,9,10,11,12,13,14,15,17,18,20,21,22,23,24,25,27,28,30,31,32,33,34,35
300, 0, 0, 69, 0, 66
CNF-SAT-VC: timeout
APPROX-VC-1: 1,2,5,6,9,10,11,12,13,14,15,18,20,22,29,32,34,35
APPROX-VC-2: 1,2,3,4,5,6,7,9,10,11,12,13,14,15,17,18,20,21,22,23,24,25,27,28,30,31,32,33,34,35
300, 0, 0, 69, 0, 66
CNF-SAT-VC: timeout
APPROX-VC-1: 1,2,5,6,9,10,11,12,13,14,15,18,20,22,29,32,34,35
APPROX-VC-2: 1,2,3,4,5,6,7,9,10,11,12,13,14,15,17,18,20,21,22,23,24,25,27,28,30,31,32,33,34,35
300, 0, 0, 64, 0, 64
CNF-SAT-VC: timeout
APPROX-VC-1: 1,2,5,6,9,10,11,12,13,14,15,18,20,22,29,32,34,35
APPROX-VC-2: 1,2,3,4,5,6,7,9,10,11,12,13,14,15,17,18,20,21,22,23,24,25,27,28,30,31,32,33,34,35
300, 0, 0, 69, 0, 66
CNF-SAT-VC: timeout
APPROX-VC-1: 1,2,3,4,5,6,7,8,9,10,11,12,16,18,21,23,24,25,29,30,33
APPROX-VC-2: 1,2,3,4,5,6,7,8,9,10,11,12,13,14,16,17,18,21,24,25,26,27,30,32,33,35
300, 0, 0, 72, 0, 65
CNF-SAT-VC: timeout
APPROX-VC-1: 1,2,3,4,5,6,7,8,9,10,11,12,16,18,21,23,24,25,29,30,33
APPROX-VC-2: 1,2,3,4,5,6,7,8,9,10,11,12,13,14,16,17,18,21,24,25,26,27,30,32,33,35
300, 0, 0, 69, 0, 63
CNF-SAT-VC: timeout
APPROX-VC-1: 1,2,3,4,5,6,7,8,9,10,11,12,16,18,21,23,24,25,29,30,33
APPROX-VC-2: 1,2,3,4,5,6,7,8,9,10,11,12,13,14,16,17,18,21,24,25,26,27,30,32,33,35
300, 0, 0, 70, 0, 65
CNF-SAT-VC: timeout
APPROX-VC-1: 1,2,3,4,5,6,7,8,9,10,11,12,16,18,21,23,24,25,29,30,33
APPROX-VC-2: 1,2,3,4,5,6,7,8,9,10,11,12,13,14,16,17,18,21,24,25,26,27,30,32,33,35
300, 0, 0, 77, 0, 70
CNF-SAT-VC: timeout
APPROX-VC-1: 1,2,3,4,5,6,7,8,9,10,11,12,16,18,21,23,24,25,29,30,33
APPROX-VC-2: 1,2,3,4,5,6,7,8,9,10,11,12,13,14,16,17,18,21,24,25,26,27,30,32,33,35
300, 0, 0, 70, 0, 63
CNF-SAT-VC: timeout
APPROX-VC-1: 1,2,3,4,5,6,7,8,9,10,11,12,16,18,21,23,24,25,29,30,33
APPROX-VC-2: 1,2,3,4,5,6,7,8,9,10,11,12,13,14,16,17,18,21,24,25,26,27,30,32,33,35
300, 0, 0, 71, 0, 64
CNF-SAT-VC: timeout
APPROX-VC-1: 1,2,3,4,5,6,7,8,9,10,11,12,16,18,21,23,24,25,29,30,33
APPROX-VC-2: 1,2,3,4,5,6,7,8,9,10,11,12,13,14,16,17,18,21,24,25,26,27,30,32,33,35
300, 0, 0, 70, 0, 63
CNF-SAT-VC: timeout
APPROX-VC-1: 1,2,3,4,5,6,7,8,9,10,11,12,16,18,21,23,24,25,29,30,33
APPROX-VC-2: 1,2,3,4,5,6,7,8,9,10,11,12,13,14,16,17,18,21,24,25,26,27,30,32,33,35
300, 0, 0, 70, 0, 65
CNF-SAT-VC: timeout
APPROX-VC-1: 1,2,3,4,5,6,7,8,9,10,11,12,16,18,21,23,24,25,29,30,33
APPROX-VC-2: 1,2,3,4,5,6,7,8,9,10,11,12,13,14,16,17,18,21,24,25,26,27,30,32,33,35
300, 0, 0, 75, 0, 67
CNF-SAT-VC: timeout
APPROX-VC-1: 1,2,3,4,5,6,7,8,9,10,11,12,16,18,21,23,24,25,29,30,33
APPROX-VC-2: 1,2,3,4,5,6,7,8,9,10,11,12,13,14,16,17,18,21,24,25,26,27,30,32,33,35
300, 0, 0, 63, 0, 60
CNF-SAT-VC: timeout
APPROX-VC-1: 1,2,3,4,5,6,7,8,10,13,15,16,17,21,23,24,25,29,31
APPROX-VC-2: 1,2,3,4,5,6,7,8,9,10,11,14,16,17,20,21,22,23,24,25,26,27,28,29,32,33,34,35
300, 0, 0, 68, 0, 63
CNF-SAT-VC: timeout
APPROX-VC-1: 1,2,3,4,5,6,7,8,10,13,15,16,17,21,23,24,25,29,31
APPROX-VC-2: 1,2,3,4,5,6,7,8,9,10,11,14,16,17,20,21,22,23,24,25,26,27,28,29,32,33,34,35
300, 0, 0, 71, 0, 65
CNF-SAT-VC: timeout
APPROX-VC-1: 1,2,3,4,5,6,7,8,10,13,15,16,17,21,23,24,25,29,31
APPROX-VC-2: 1,2,3,4,5,6,7,8,9,10,11,14,16,17,20,21,22,23,24,25,26,27,28,29,32,33,34,35
300, 0, 0, 72, 0, 67
CNF-SAT-VC: timeout
APPROX-VC-1: 1,2,3,4,5,6,7,8,10,13,15,16,17,21,23,24,25,29,31
APPROX-VC-2: 1,2,3,4,5,6,7,8,9,10,11,14,16,17,20,21,22,23,24,25,26,27,28,29,32,33,34,35
300, 0, 0, 74, 0, 68
CNF-SAT-VC: timeout
APPROX-VC-1: 1,2,3,4,5,6,7,8,10,13,15,16,17,21,23,24,25,29,31
APPROX-VC-2: 1,2,3,4,5,6,7,8,9,10,11,14,16,17,20,21,22,23,24,25,26,27,28,29,32,33,34,35
300, 0, 0, 76, 0, 68
CNF-SAT-VC: timeout
APPROX-VC-1: 1,2,3,4,5,6,7,8,10,13,15,16,17,21,23,24,25,29,31
APPROX-VC-2: 1,2,3,4,5,6,7,8,9,10,11,14,16,17,20,21,22,23,24,25,26,27,28,29,32,33,34,35
300, 0, 0, 69, 0, 65
CNF-SAT-VC: timeout
APPROX-VC-1: 1,2,3,4,5,6,7,8,10,13,15,16,17,21,23,24,25,29,31
APPROX-VC-2: 1,2,3,4,5,6,7,8,9,10,11,14,16,17,20,21,22,23,24,25,26,27,28,29,32,33,34,35
300, 0, 0, 70, 0, 65
CNF-SAT-VC: timeout
APPROX-VC-1: 1,2,3,4,5,6,7,8,10,13,15,16,17,21,23,24,25,29,31
APPROX-VC-2: 1,2,3,4,5,6,7,8,9,10,11,14,16,17,20,21,22,23,24,25,26,27,28,29,32,33,34,35
300, 0, 0, 69, 0, 65
CNF-SAT-VC: timeout
APPROX-VC-1: 1,2,3,4,5,6,7,8,10,13,15,16,17,21,23,24,25,29,31
APPROX-VC-2: 1,2,3,4,5,6,7,8,9,10,11,14,16,17,20,21,22,23,24,25,26,27,28,29,32,33,34,35
300, 0, 0, 60, 0, 76
CNF-SAT-VC: timeout
APPROX-VC-1: 1,2,3,4,5,6,7,8,10,13,15,16,17,21,23,24,25,29,31
APPROX-VC-2: 1,2,3,4,5,6,7,8,9,10,11,14,16,17,20,21,22,23,24,25,26,27,28,29,32,33,34,35
300, 0, 0, 25, 0, 52
