CNF-SAT-VC: timeout
APPROX-VC-1: 1,2,4,5,6,7,8,9,11,12,14,16,17,20,21,23,25,27,28,29,30
APPROX-VC-2: 1,2,3,4,5,6,7,8,9,10,11,12,14,16,17,18,20,21,22,23,24,25,27,28,29,30,31,34,37,40
300, 0, 0, 77, 0, 75
CNF-SAT-VC: timeout
APPROX-VC-1: 1,2,4,5,6,7,8,9,11,12,14,16,17,20,21,23,25,27,28,29,30
APPROX-VC-2: 1,2,3,4,5,6,7,8,9,10,11,12,14,16,17,18,20,21,22,23,24,25,27,28,29,30,31,34,37,40
300, 0, 0, 26, 0, 40
CNF-SAT-VC: timeout
APPROX-VC-1: 1,2,4,5,6,7,8,9,11,12,14,16,17,20,21,23,25,27,28,29,30
APPROX-VC-2: 1,2,3,4,5,6,7,8,9,10,11,12,14,16,17,18,20,21,22,23,24,25,27,28,29,30,31,34,37,40
300, 0, 0, 76, 0, 72
CNF-SAT-VC: timeout
APPROX-VC-1: 1,2,4,5,6,7,8,9,11,12,14,16,17,20,21,23,25,27,28,29,30
APPROX-VC-2: 1,2,3,4,5,6,7,8,9,10,11,12,14,16,17,18,20,21,22,23,24,25,27,28,29,30,31,34,37,40
300, 0, 0, 25, 0, 52
CNF-SAT-VC: timeout
APPROX-VC-1: 1,2,4,5,6,7,8,9,11,12,14,16,17,20,21,23,25,27,28,29,30
APPROX-VC-2: 1,2,3,4,5,6,7,8,9,10,11,12,14,16,17,18,20,21,22,23,24,25,27,28,29,30,31,34,37,40
300, 0, 0, 31, 0, 31
CNF-SAT-VC: timeout
APPROX-VC-1: 1,2,4,5,6,7,8,9,11,12,14,16,17,20,21,23,25,27,28,29,30
APPROX-VC-2: 1,2,3,4,5,6,7,8,9,10,11,12,14,16,17,18,20,21,22,23,24,25,27,28,29,30,31,34,37,40
300, 0, 0, 27, 0, 58
CNF-SAT-VC: timeout
APPROX-VC-1: 1,2,4,5,6,7,8,9,11,12,14,16,17,20,21,23,25,27,28,29,30
APPROX-VC-2: 1,2,3,4,5,6,7,8,9,10,11,12,14,16,17,18,20,21,22,23,24,25,27,28,29,30,31,34,37,40
300, 0, 0, 76, 0, 71
CNF-SAT-VC: timeout
APPROX-VC-1: 1,2,4,5,6,7,8,9,11,12,14,16,17,20,21,23,25,27,28,29,30
APPROX-VC-2: 1,2,3,4,5,6,7,8,9,10,11,12,14,16,17,18,20,21,22,23,24,25,27,28,29,30,31,34,37,40
300, 0, 0, 67, 0, 31
CNF-SAT-VC: timeout
APPROX-VC-1: 1,2,4,5,6,7,8,9,11,12,14,16,17,20,21,23,25,27,28,29,30
APPROX-VC-2: 1,2,3,4,5,6,7,8,9,10,11,12,14,16,17,18,20,21,22,23,24,25,27,28,29,30,31,34,37,40
300, 0, 0, 75, 0, 71
CNF-SAT-VC: timeout
APPROX-VC-1: 1,2,4,5,6,7,8,9,11,12,14,16,17,20,21,23,25,27,28,29,30
APPROX-VC-2: 1,2,3,4,5,6,7,8,9,10,11,12,14,16,17,18,20,21,22,23,24,25,27,28,29,30,31,34,37,40
300, 0, 0, 72, 0, 67
CNF-SAT-VC: timeout
APPROX-VC-1: 1,3,4,5,8,9,11,12,13,17,20,23,24,25,26,27,31,32,39
APPROX-VC-2: 1,2,3,4,5,6,7,8,9,11,12,13,14,15,17,19,20,21,22,23,24,25,26,27,28,29,30,31,32,34,35,36,37,39
300, 0, 0, 71, 0, 69
CNF-SAT-VC: timeout
APPROX-VC-1: 1,3,4,5,8,9,11,12,13,17,20,23,24,25,26,27,31,32,39
APPROX-VC-2: 1,2,3,4,5,6,7,8,9,11,12,13,14,15,17,19,20,21,22,23,24,25,26,27,28,29,30,31,32,34,35,36,37,39
300, 0, 0, 57, 0, 30
CNF-SAT-VC: timeout
APPROX-VC-1: 1,3,4,5,8,9,11,12,13,17,20,23,24,25,26,27,31,32,39
APPROX-VC-2: 1,2,3,4,5,6,7,8,9,11,12,13,14,15,17,19,20,21,22,23,24,25,26,27,28,29,30,31,32,34,35,36,37,39
300, 0, 0, 75, 0, 74
CNF-SAT-VC: timeout
APPROX-VC-1: 1,3,4,5,8,9,11,12,13,17,20,23,24,25,26,27,31,32,39
APPROX-VC-2: 1,2,3,4,5,6,7,8,9,11,12,13,14,15,17,19,20,21,22,23,24,25,26,27,28,29,30,31,32,34,35,36,37,39
300, 0, 0, 61, 0, 30
CNF-SAT-VC: timeout
APPROX-VC-1: 1,3,4,5,8,9,11,12,13,17,20,23,24,25,26,27,31,32,39
APPROX-VC-2: 1,2,3,4,5,6,7,8,9,11,12,13,14,15,17,19,20,21,22,23,24,25,26,27,28,29,30,31,32,34,35,36,37,39
300, 0, 0, 70, 0, 68
CNF-SAT-VC: timeout
APPROX-VC-1: 1,3,4,5,8,9,11,12,13,17,20,23,24,25,26,27,31,32,39
APPROX-VC-2: 1,2,3,4,5,6,7,8,9,11,12,13,14,15,17,19,20,21,22,23,24,25,26,27,28,29,30,31,32,34,35,36,37,39
300, 0, 0, 62, 0, 30
CNF-SAT-VC: timeout
APPROX-VC-1: 1,3,4,5,8,9,11,12,13,17,20,23,24,25,26,27,31,32,39
APPROX-VC-2: 1,2,3,4,5,6,7,8,9,11,12,13,14,15,17,19,20,21,22,23,24,25,26,27,28,29,30,31,32,34,35,36,37,39
300, 0, 0, 72, 0, 70
CNF-SAT-VC: timeout
APPROX-VC-1: 1,3,4,5,8,9,11,12,13,17,20,23,24,25,26,27,31,32,39
APPROX-VC-2: 1,2,3,4,5,6,7,8,9,11,12,13,14,15,17,19,20,21,22,23,24,25,26,27,28,29,30,31,32,34,35,36,37,39
300, 0, 0, 59, 0, 30
CNF-SAT-VC: timeout
APPROX-VC-1: 1,3,4,5,8,9,11,12,13,17,20,23,24,25,26,27,31,32,39
APPROX-VC-2: 1,2,3,4,5,6,7,8,9,11,12,13,14,15,17,19,20,21,22,23,24,25,26,27,28,29,30,31,32,34,35,36,37,39
300, 0, 0, 73, 0, 72
CNF-SAT-VC: timeout
APPROX-VC-1: 1,3,4,5,8,9,11,12,13,17,20,23,24,25,26,27,31,32,39
APPROX-VC-2: 1,2,3,4,5,6,7,8,9,11,12,13,14,15,17,19,20,21,22,23,24,25,26,27,28,29,30,31,32,34,35,36,37,39
300, 0, 0, 58, 0, 30
CNF-SAT-VC: timeout
APPROX-VC-1: 1,3,8,10,11,12,14,16,17,19,20,21,22,23,25,26,27,28,29,31,39
APPROX-VC-2: 1,2,3,4,6,7,8,9,10,11,12,13,14,15,16,17,19,20,21,22,23,24,25,26,28,29,30,31,32,33,35,37,39,40
300, 0, 0, 66, 0, 30
CNF-SAT-VC: timeout
APPROX-VC-1: 1,3,8,10,11,12,14,16,17,19,20,21,22,23,25,26,27,28,29,31,39
APPROX-VC-2: 1,2,3,4,6,7,8,9,10,11,12,13,14,15,16,17,19,20,21,22,23,24,25,26,28,29,30,31,32,33,35,37,39,40
300, 0, 0, 31, 0, 61
CNF-SAT-VC: timeout
APPROX-VC-1: 1,3,8,10,11,12,14,16,17,19,20,21,22,23,25,26,27,28,29,31,39
APPROX-VC-2: 1,2,3,4,6,7,8,9,10,11,12,13,14,15,16,17,19,20,21,22,23,24,25,26,28,29,30,31,32,33,35,37,39,40
300, 0, 0, 80, 0, 77
CNF-SAT-VC: timeout
APPROX-VC-1: 1,3,8,10,11,12,14,16,17,19,20,21,22,23,25,26,27,28,29,31,39
APPROX-VC-2: 1,2,3,4,6,7,8,9,10,11,12,13,14,15,16,17,19,20,21,22,23,24,25,26,28,29,30,31,32,33,35,37,39,40
300, 0, 0, 68, 0, 64
CNF-SAT-VC: timeout
APPROX-VC-1: 1,3,8,10,11,12,14,16,17,19,20,21,22,23,25,26,27,28,29,31,39
APPROX-VC-2: 1,2,3,4,6,7,8,9,10,11,12,13,14,15,16,17,19,20,21,22,23,24,25,26,28,29,30,31,32,33,35,37,39,40
300, 0, 0, 71, 0, 68
CNF-SAT-VC: timeout
APPROX-VC-1: 1,3,8,10,11,12,14,16,17,19,20,21,22,23,25,26,27,28,29,31,39
APPROX-VC-2: 1,2,3,4,6,7,8,9,10,11,12,13,14,15,16,17,19,20,21,22,23,24,25,26,28,29,30,31,32,33,35,37,39,40
300, 0, 0, 69, 0, 67
CNF-SAT-VC: timeout
APPROX-VC-1: 1,3,8,10,11,12,14,16,17,19,20,21,22,23,25,26,27,28,29,31,39
APPROX-VC-2: 1,2,3,4,6,7,8,9,10,11,12,13,14,15,16,17,19,20,21,22,23,24,25,26,28,29,30,31,32,33,35,37,39,40
300, 0, 0, 73, 0, 69
CNF-SAT-VC: timeout
APPROX-VC-1: 1,3,8,10,11,12,14,16,17,19,20,21,22,23,25,26,27,28,29,31,39
APPROX-VC-2: 1,2,3,4,6,7,8,9,10,11,12,13,14,15,16,17,19,20,21,22,23,24,25,26,28,29,30,31,32,33,35,37,39,40
300, 0, 0, 30, 0, 70
CNF-SAT-VC: timeout
APPROX-VC-1: 1,3,8,10,11,12,14,16,17,19,20,21,22,23,25,26,27,28,29,31,39
APPROX-VC-2: 1,2,3,4,6,7,8,9,10,11,12,13,14,15,16,17,19,20,21,22,23,24,25,26,28,29,30,31,32,33,35,37,39,40
300, 0, 0, 69, 0, 69
CNF-SAT-VC: timeout
APPROX-VC-1: 1,3,8,10,11,12,14,16,17,19,20,21,22,23,25,26,27,28,29,31,39
APPROX-VC-2: 1,2,3,4,6,7,8,9,10,11,12,13,14,15,16,17,19,20,21,22,23,24,25,26,28,29,30,31,32,33,35,37,39,40
300, 0, 0, 29, 0, 70
CNF-SAT-VC: timeout
APPROX-VC-1: 1,2,5,6,8,10,12,13,14,17,18,19,23,29,30,31,32,37,38,40
APPROX-VC-2: 1,2,3,5,6,7,8,10,11,12,13,14,15,16,17,18,20,23,25,28,29,30,32,33,35,36,37,40
300, 0, 0, 28, 0, 33
CNF-SAT-VC: timeout
APPROX-VC-1: 1,2,5,6,8,10,12,13,14,17,18,19,23,29,30,31,32,37,38,40
APPROX-VC-2: 1,2,3,5,6,7,8,10,11,12,13,14,15,16,17,18,20,23,25,28,29,30,32,33,35,36,37,40
300, 0, 0, 27, 0, 63
CNF-SAT-VC: timeout
APPROX-VC-1: 1,2,5,6,8,10,12,13,14,17,18,19,23,29,30,31,32,37,38,40
APPROX-VC-2: 1,2,3,5,6,7,8,10,11,12,13,14,15,16,17,18,20,23,25,28,29,30,32,33,35,36,37,40
300, 0, 0, 27, 0, 60
CNF-SAT-VC: timeout
APPROX-VC-1: 1,2,5,6,8,10,12,13,14,17,18,19,23,29,30,31,32,37,38,40
APPROX-VC-2: 1,2,3,5,6,7,8,10,11,12,13,14,15,16,17,18,20,23,25,28,29,30,32,33,35,36,37,40
300, 0, 0, 27, 0, 61
CNF-SAT-VC: timeout
APPROX-VC-1: 1,2,5,6,8,10,12,13,14,17,18,19,23,29,30,31,32,37,38,40
APPROX-VC-2: 1,2,3,5,6,7,8,10,11,12,13,14,15,16,17,18,20,23,25,28,29,30,32,33,35,36,37,40
300, 0, 0, 27, 0, 79
CNF-SAT-VC: timeout
APPROX-VC-1: 1,2,5,6,8,10,12,13,14,17,18,19,23,29,30,31,32,37,38,40
APPROX-VC-2: 1,2,3,5,6,7,8,10,11,12,13,14,15,16,17,18,20,23,25,28,29,30,32,33,35,36,37,40
300, 0, 0, 26, 0, 62
CNF-SAT-VC: timeout
APPROX-VC-1: 1,2,5,6,8,10,12,13,14,17,18,19,23,29,30,31,32,37,38,40
APPROX-VC-2: 1,2,3,5,6,7,8,10,11,12,13,14,15,16,17,18,20,23,25,28,29,30,32,33,35,36,37,40
300, 0, 0, 26, 0, 26
CNF-SAT-VC: timeout
APPROX-VC-1: 1,2,5,6,8,10,12,13,14,17,18,19,23,29,30,31,32,37,38,40
APPROX-VC-2: 1,2,3,5,6,7,8,10,11,12,13,14,15,16,17,18,20,23,25,28,29,30,32,33,35,36,37,40
300, 0, 0, 25, 0, 84
CNF-SAT-VC: timeout
APPROX-VC-1: 1,2,5,6,8,10,12,13,14,17,18,19,23,29,30,31,32,37,38,40
APPROX-VC-2: 1,2,3,5,6,7,8,10,11,12,13,14,15,16,17,18,20,23,25,28,29,30,32,33,35,36,37,40
300, 0, 0, 48, 0, 74
CNF-SAT-VC: timeout
APPROX-VC-1: 1,2,5,6,8,10,12,13,14,17,18,19,23,29,30,31,32,37,38,40
APPROX-VC-2: 1,2,3,5,6,7,8,10,11,12,13,14,15,16,17,18,20,23,25,28,29,30,32,33,35,36,37,40
300, 0, 0, 76, 0, 69
CNF-SAT-VC: timeout
APPROX-VC-1: 1,2,4,5,6,7,8,10,13,17,18,20,24,29,32,33,34,35
APPROX-VC-2: 1,2,3,4,5,6,7,8,9,10,13,14,16,17,18,20,22,23,24,27,29,32,33,34,35,37,39,40
300, 0, 0, 78, 0, 72
CNF-SAT-VC: timeout
APPROX-VC-1: 1,2,4,5,6,7,8,10,13,17,18,20,24,29,32,33,34,35
APPROX-VC-2: 1,2,3,4,5,6,7,8,9,10,13,14,16,17,18,20,22,23,24,27,29,32,33,34,35,37,39,40
300, 0, 0, 73, 0, 69
CNF-SAT-VC: timeout
APPROX-VC-1: 1,2,4,5,6,7,8,10,13,17,18,20,24,29,32,33,34,35
APPROX-VC-2: 1,2,3,4,5,6,7,8,9,10,13,14,16,17,18,20,22,23,24,27,29,32,33,34,35,37,39,40
300, 0, 0, 52, 0, 25
CNF-SAT-VC: timeout
APPROX-VC-1: 1,2,4,5,6,7,8,10,13,17,18,20,24,29,32,33,34,35
APPROX-VC-2: 1,2,3,4,5,6,7,8,9,10,13,14,16,17,18,20,22,23,24,27,29,32,33,34,35,37,39,40
300, 0, 0, 69, 0, 65
CNF-SAT-VC: timeout
APPROX-VC-1: 1,2,4,5,6,7,8,10,13,17,18,20,24,29,32,33,34,35
APPROX-VC-2: 1,2,3,4,5,6,7,8,9,10,13,14,16,17,18,20,22,23,24,27,29,32,33,34,35,37,39,40
300, 0, 0, 56, 0, 28
CNF-SAT-VC: timeout
APPROX-VC-1: 1,2,4,5,6,7,8,10,13,17,18,20,24,29,32,33,34,35
APPROX-VC-2: 1,2,3,4,5,6,7,8,9,10,13,14,16,17,18,20,22,23,24,27,29,32,33,34,35,37,39,40
300, 0, 0, 57, 0, 25
CNF-SAT-VC: timeout
APPROX-VC-1: 1,2,4,5,6,7,8,10,13,17,18,20,24,29,32,33,34,35
APPROX-VC-2: 1,2,3,4,5,6,7,8,9,10,13,14,16,17,18,20,22,23,24,27,29,32,33,34,35,37,39,40
300, 0, 0, 24, 0, 84
CNF-SAT-VC: timeout
APPROX-VC-1: 1,2,4,5,6,7,8,10,13,17,18,20,24,29,32,33,34,35
APPROX-VC-2: 1,2,3,4,5,6,7,8,9,10,13,14,16,17,18,20,22,23,24,27,29,32,33,34,35,37,39,40
300, 0, 0, 23, 0, 68
CNF-SAT-VC: timeout
APPROX-VC-1: 1,2,4,5,6,7,8,10,13,17,18,20,24,29,32,33,34,35
APPROX-VC-2: 1,2,3,4,5,6,7,8,9,10,13,14,16,17,18,20,22,23,24,27,29,32,33,34,35,37,39,40
300, 0, 0, 47, 0, 75
CNF-SAT-VC: timeout
APPROX-VC-1: 1,2,4,5,6,7,8,10,13,17,18,20,24,29,32,33,34,35
APPROX-VC-2: 1,2,3,4,5,6,7,8,9,10,13,14,16,17,18,20,22,23,24,27,29,32,33,34,35,37,39,40
300, 0, 0, 22, 0, 88
CNF-SAT-VC: timeout
APPROX-VC-1: 1,2,3,4,5,6,10,11,13,14,15,16,18,20,23,28,29,30,31,33
APPROX-VC-2: 1,2,3,4,5,6,7,9,10,11,12,13,14,16,17,18,19,20,21,22,25,26,28,29,30,31,33,34,35,36,37,39
300, 0, 0, 81, 0, 77
CNF-SAT-VC: timeout
APPROX-VC-1: 1,2,3,4,5,6,10,11,13,14,15,16,18,20,23,28,29,30,31,33
APPROX-VC-2: 1,2,3,4,5,6,7,9,10,11,12,13,14,16,17,18,19,20,21,22,25,26,28,29,30,31,33,34,35,36,37,39
300, 0, 0, 71, 0, 70
CNF-SAT-VC: timeout
APPROX-VC-1: 1,2,3,4,5,6,10,11,13,14,15,16,18,20,23,28,29,30,31,33
APPROX-VC-2: 1,2,3,4,5,6,7,9,10,11,12,13,14,16,17,18,19,20,21,22,25,26,28,29,30,31,33,34,35,36,37,39
300, 0, 0, 56, 0, 26
CNF-SAT-VC: timeout
APPROX-VC-1: 1,2,3,4,5,6,10,11,13,14,15,16,18,20,23,28,29,30,31,33
APPROX-VC-2: 1,2,3,4,5,6,7,9,10,11,12,13,14,16,17,18,19,20,21,22,25,26,28,29,30,31,33,34,35,36,37,39
300, 0, 0, 24, 0, 89
CNF-SAT-VC: timeout
APPROX-VC-1: 1,2,3,4,5,6,10,11,13,14,15,16,18,20,23,28,29,30,31,33
APPROX-VC-2: 1,2,3,4,5,6,7,9,10,11,12,13,14,16,17,18,19,20,21,22,25,26,28,29,30,31,33,34,35,36,37,39
300, 0, 0, 67, 0, 62
CNF-SAT-VC: timeout
APPROX-VC-1: 1,2,3,4,5,6,10,11,13,14,15,16,18,20,23,28,29,30,31,33
APPROX-VC-2: 1,2,3,4,5,6,7,9,10,11,12,13,14,16,17,18,19,20,21,22,25,26,28,29,30,31,33,34,35,36,37,39
300, 0, 0, 24, 0, 54
CNF-SAT-VC: timeout
APPROX-VC-1: 1,2,3,4,5,6,10,11,13,14,15,16,18,20,23,28,29,30,31,33
APPROX-VC-2: 1,2,3,4,5,6,7,9,10,11,12,13,14,16,17,18,19,20,21,22,25,26,28,29,30,31,33,34,35,36,37,39
300, 0, 0, 77, 0, 74
CNF-SAT-VC: timeout
APPROX-VC-1: 1,2,3,4,5,6,10,11,13,14,15,16,18,20,23,28,29,30,31,33
APPROX-VC-2: 1,2,3,4,5,6,7,9,10,11,12,13,14,16,17,18,19,20,21,22,25,26,28,29,30,31,33,34,35,36,37,39
300, 0, 0, 55, 0, 27
CNF-SAT-VC: timeout
APPROX-VC-1: 1,2,3,4,5,6,10,11,13,14,15,16,18,20,23,28,29,30,31,33
APPROX-VC-2: 1,2,3,4,5,6,7,9,10,11,12,13,14,16,17,18,19,20,21,22,25,26,28,29,30,31,33,34,35,36,37,39
300, 0, 0, 71, 0, 69
CNF-SAT-VC: timeout
APPROX-VC-1: 1,2,3,4,5,6,10,11,13,14,15,16,18,20,23,28,29,30,31,33
APPROX-VC-2: 1,2,3,4,5,6,7,9,10,11,12,13,14,16,17,18,19,20,21,22,25,26,28,29,30,31,33,34,35,36,37,39
300, 0, 0, 76, 0, 74
CNF-SAT-VC: timeout
APPROX-VC-1: 1,2,3,6,7,8,9,10,11,13,14,16,20,22,25,27,28,30,31,40
APPROX-VC-2: 1,2,3,4,5,6,7,8,9,10,11,12,13,14,15,16,17,19,20,23,24,25,26,27,28,29,31,32,37,40
300, 0, 0, 72, 0, 69
CNF-SAT-VC: timeout
APPROX-VC-1: 1,2,3,6,7,8,9,10,11,13,14,16,20,22,25,27,28,30,31,40
APPROX-VC-2: 1,2,3,4,5,6,7,8,9,10,11,12,13,14,15,16,17,19,20,23,24,25,26,27,28,29,31,32,37,40
300, 0, 0, 60, 0, 26
CNF-SAT-VC: timeout
APPROX-VC-1: 1,2,3,6,7,8,9,10,11,13,14,16,20,22,25,27,28,30,31,40
APPROX-VC-2: 1,2,3,4,5,6,7,8,9,10,11,12,13,14,15,16,17,19,20,23,24,25,26,27,28,29,31,32,37,40
300, 0, 0, 72, 0, 67
CNF-SAT-VC: timeout
APPROX-VC-1: 1,2,3,6,7,8,9,10,11,13,14,16,20,22,25,27,28,30,31,40
APPROX-VC-2: 1,2,3,4,5,6,7,8,9,10,11,12,13,14,15,16,17,19,20,23,24,25,26,27,28,29,31,32,37,40
300, 0, 0, 58, 0, 26
CNF-SAT-VC: timeout
APPROX-VC-1: 1,2,3,6,7,8,9,10,11,13,14,16,20,22,25,27,28,30,31,40
APPROX-VC-2: 1,2,3,4,5,6,7,8,9,10,11,12,13,14,15,16,17,19,20,23,24,25,26,27,28,29,31,32,37,40
300, 0, 0, 25, 0, 57
CNF-SAT-VC: timeout
APPROX-VC-1: 1,2,3,6,7,8,9,10,11,13,14,16,20,22,25,27,28,30,31,40
APPROX-VC-2: 1,2,3,4,5,6,7,8,9,10,11,12,13,14,15,16,17,19,20,23,24,25,26,27,28,29,31,32,37,40
300, 0, 0, 55, 0, 60
CNF-SAT-VC: timeout
APPROX-VC-1: 1,2,3,6,7,8,9,10,11,13,14,16,20,22,25,27,28,30,31,40
APPROX-VC-2: 1,2,3,4,5,6,7,8,9,10,11,12,13,14,15,16,17,19,20,23,24,25,26,27,28,29,31,32,37,40
300, 0, 0, 25, 0, 56
CNF-SAT-VC: timeout
APPROX-VC-1: 1,2,3,6,7,8,9,10,11,13,14,16,20,22,25,27,28,30,31,40
APPROX-VC-2: 1,2,3,4,5,6,7,8,9,10,11,12,13,14,15,16,17,19,20,23,24,25,26,27,28,29,31,32,37,40
300, 0, 0, 78, 0, 74
CNF-SAT-VC: timeout
APPROX-VC-1: 1,2,3,6,7,8,9,10,11,13,14,16,20,22,25,27,28,30,31,40
APPROX-VC-2: 1,2,3,4,5,6,7,8,9,10,11,12,13,14,15,16,17,19,20,23,24,25,26,27,28,29,31,32,37,40
300, 0, 0, 30, 0, 57
CNF-SAT-VC: timeout
APPROX-VC-1: 1,2,3,6,7,8,9,10,11,13,14,16,20,22,25,27,28,30,31,40
APPROX-VC-2: 1,2,3,4,5,6,7,8,9,10,11,12,13,14,15,16,17,19,20,23,24,25,26,27,28,29,31,32,37,40
300, 0, 0, 55, 0, 26
CNF-SAT-VC: timeout
APPROX-VC-1: 1,3,4,7,8,10,12,15,16,17,20,21,23,24,25,26,28,30,31,34
APPROX-VC-2: 1,2,3,4,5,6,7,8,9,10,11,12,13,14,15,16,17,18,19,20,21,22,23,24,25,27,28,30,31,32,33,34,36,38,39,40
300, 0, 0, 25, 0, 61
CNF-SAT-VC: timeout
APPROX-VC-1: 1,3,4,7,8,10,12,15,16,17,20,21,23,24,25,26,28,30,31,34
APPROX-VC-2: 1,2,3,4,5,6,7,8,9,10,11,12,13,14,15,16,17,18,19,20,21,22,23,24,25,27,28,30,31,32,33,34,36,38,39,40
300, 0, 0, 73, 0, 71
CNF-SAT-VC: timeout
APPROX-VC-1: 1,3,4,7,8,10,12,15,16,17,20,21,23,24,25,26,28,30,31,34
APPROX-VC-2: 1,2,3,4,5,6,7,8,9,10,11,12,13,14,15,16,17,18,19,20,21,22,23,24,25,27,28,30,31,32,33,34,36,38,39,40
300, 0, 0, 75, 0, 75
CNF-SAT-VC: timeout
APPROX-VC-1: 1,3,4,7,8,10,12,15,16,17,20,21,23,24,25,26,28,30,31,34
APPROX-VC-2: 1,2,3,4,5,6,7,8,9,10,11,12,13,14,15,16,17,18,19,20,21,22,23,24,25,27,28,30,31,32,33,34,36,38,39,40
300, 0, 0, 78, 0, 74
CNF-SAT-VC: timeout
APPROX-VC-1: 1,3,4,7,8,10,12,15,16,17,20,21,23,24,25,26,28,30,31,34
APPROX-VC-2: 1,2,3,4,5,6,7,8,9,10,11,12,13,14,15,16,17,18,19,20,21,22,23,24,25,27,28,30,31,32,33,34,36,38,39,40
300, 0, 0, 25, 0, 57
CNF-SAT-VC: timeout
APPROX-VC-1: 1,3,4,7,8,10,12,15,16,17,20,21,23,24,25,26,28,30,31,34
APPROX-VC-2: 1,2,3,4,5,6,7,8,9,10,11,12,13,14,15,16,17,18,19,20,21,22,23,24,25,27,28,30,31,32,33,34,36,38,39,40
300, 0, 0, 68, 0, 66
CNF-SAT-VC: timeout
APPROX-VC-1: 1,3,4,7,8,10,12,15,16,17,20,21,23,24,25,26,28,30,31,34
APPROX-VC-2: 1,2,3,4,5,6,7,8,9,10,11,12,13,14,15,16,17,18,19,20,21,22,23,24,25,27,28,30,31,32,33,34,36,38,39,40
300, 0, 0, 25, 0, 56
CNF-SAT-VC: timeout
APPROX-VC-1: 1,3,4,7,8,10,12,15,16,17,20,21,23,24,25,26,28,30,31,34
APPROX-VC-2: 1,2,3,4,5,6,7,8,9,10,11,12,13,14,15,16,17,18,19,20,21,22,23,24,25,27,28,30,31,32,33,34,36,38,39,40
300, 0, 0, 79, 0, 76
CNF-SAT-VC: timeout
APPROX-VC-1: 1,3,4,7,8,10,12,15,16,17,20,21,23,24,25,26,28,30,31,34
APPROX-VC-2: 1,2,3,4,5,6,7,8,9,10,11,12,13,14,15,16,17,18,19,20,21,22,23,24,25,27,28,30,31,32,33,34,36,38,39,40
300, 0, 0, 25, 0, 53
CNF-SAT-VC: timeout
APPROX-VC-1: 1,3,4,7,8,10,12,15,16,17,20,21,23,24,25,26,28,30,31,34
APPROX-VC-2: 1,2,3,4,5,6,7,8,9,10,11,12,13,14,15,16,17,18,19,20,21,22,23,24,25,27,28,30,31,32,33,34,36,38,39,40
300, 0, 0, 25, 0, 44
CNF-SAT-VC: timeout
APPROX-VC-1: 2,3,5,7,8,12,14,16,20,21,23,24,28,30,31,37,38,39
APPROX-VC-2: 1,2,3,4,5,6,7,8,10,11,12,13,14,15,16,17,18,19,20,21,24,26,28,31,32,33,35,37,38,39
300, 0, 0, 77, 0, 72
CNF-SAT-VC: timeout
APPROX-VC-1: 2,3,5,7,8,12,14,16,20,21,23,24,28,30,31,37,38,39
APPROX-VC-2: 1,2,3,4,5,6,7,8,10,11,12,13,14,15,16,17,18,19,20,21,24,26,28,31,32,33,35,37,38,39
300, 0, 0, 75, 0, 70
CNF-SAT-VC: timeout
APPROX-VC-1: 2,3,5,7,8,12,14,16,20,21,23,24,28,30,31,37,38,39
APPROX-VC-2: 1,2,3,4,5,6,7,8,10,11,12,13,14,15,16,17,18,19,20,21,24,26,28,31,32,33,35,37,38,39
300, 0, 0, 69, 0, 30
CNF-SAT-VC: timeout
APPROX-VC-1: 2,3,5,7,8,12,14,16,20,21,23,24,28,30,31,37,38,39
APPROX-VC-2: 1,2,3,4,5,6,7,8,10,11,12,13,14,15,16,17,18,19,20,21,24,26,28,31,32,33,35,37,38,39
300, 0, 0, 54, 0, 26
CNF-SAT-VC: timeout
APPROX-VC-1: 2,3,5,7,8,12,14,16,20,21,23,24,28,30,31,37,38,39
APPROX-VC-2: 1,2,3,4,5,6,7,8,10,11,12,13,14,15,16,17,18,19,20,21,24,26,28,31,32,33,35,37,38,39
300, 0, 0, 58, 0, 26
CNF-SAT-VC: timeout
APPROX-VC-1: 2,3,5,7,8,12,14,16,20,21,23,24,28,30,31,37,38,39
APPROX-VC-2: 1,2,3,4,5,6,7,8,10,11,12,13,14,15,16,17,18,19,20,21,24,26,28,31,32,33,35,37,38,39
300, 0, 0, 24, 0, 60
CNF-SAT-VC: timeout
APPROX-VC-1: 2,3,5,7,8,12,14,16,20,21,23,24,28,30,31,37,38,39
APPROX-VC-2: 1,2,3,4,5,6,7,8,10,11,12,13,14,15,16,17,18,19,20,21,24,26,28,31,32,33,35,37,38,39
300, 0, 0, 74, 0, 27
CNF-SAT-VC: timeout
APPROX-VC-1: 2,3,5,7,8,12,14,16,20,21,23,24,28,30,31,37,38,39
APPROX-VC-2: 1,2,3,4,5,6,7,8,10,11,12,13,14,15,16,17,18,19,20,21,24,26,28,31,32,33,35,37,38,39
300, 0, 0, 67, 0, 63
CNF-SAT-VC: timeout
APPROX-VC-1: 2,3,5,7,8,12,14,16,20,21,23,24,28,30,31,37,38,39
APPROX-VC-2: 1,2,3,4,5,6,7,8,10,11,12,13,14,15,16,17,18,19,20,21,24,26,28,31,32,33,35,37,38,39
300, 0, 0, 79, 0, 73
CNF-SAT-VC: timeout
APPROX-VC-1: 2,3,5,7,8,12,14,16,20,21,23,24,28,30,31,37,38,39
APPROX-VC-2: 1,2,3,4,5,6,7,8,10,11,12,13,14,15,16,17,18,19,20,21,24,26,28,31,32,33,35,37,38,39
300, 0, 0, 70, 0, 66
CNF-SAT-VC: timeout
APPROX-VC-1: 1,2,3,5,6,7,9,10,11,12,13,14,16,17,21,22,28,34,37,38,39
APPROX-VC-2: 1,2,3,4,5,6,7,8,9,10,11,12,13,14,15,16,17,18,19,21,22,23,24,25,26,27,28,29,30,33,34,35,37,38,39,40
300, 0, 0, 76, 0, 73
CNF-SAT-VC: timeout
APPROX-VC-1: 1,2,3,5,6,7,9,10,11,12,13,14,16,17,21,22,28,34,37,38,39
APPROX-VC-2: 1,2,3,4,5,6,7,8,9,10,11,12,13,14,15,16,17,18,19,21,22,23,24,25,26,27,28,29,30,33,34,35,37,38,39,40
300, 0, 0, 75, 0, 72
CNF-SAT-VC: timeout
APPROX-VC-1: 1,2,3,5,6,7,9,10,11,12,13,14,16,17,21,22,28,34,37,38,39
APPROX-VC-2: 1,2,3,4,5,6,7,8,9,10,11,12,13,14,15,16,17,18,19,21,22,23,24,25,26,27,28,29,30,33,34,35,37,38,39,40
300, 0, 0, 75, 0, 73
CNF-SAT-VC: timeout
APPROX-VC-1: 1,2,3,5,6,7,9,10,11,12,13,14,16,17,21,22,28,34,37,38,39
APPROX-VC-2: 1,2,3,4,5,6,7,8,9,10,11,12,13,14,15,16,17,18,19,21,22,23,24,25,26,27,28,29,30,33,34,35,37,38,39,40
300, 0, 0, 83, 0, 80
CNF-SAT-VC: timeout
APPROX-VC-1: 1,2,3,5,6,7,9,10,11,12,13,14,16,17,21,22,28,34,37,38,39
APPROX-VC-2: 1,2,3,4,5,6,7,8,9,10,11,12,13,14,15,16,17,18,19,21,22,23,24,25,26,27,28,29,30,33,34,35,37,38,39,40
300, 0, 0, 75, 0, 70
CNF-SAT-VC: timeout
APPROX-VC-1: 1,2,3,5,6,7,9,10,11,12,13,14,16,17,21,22,28,34,37,38,39
APPROX-VC-2: 1,2,3,4,5,6,7,8,9,10,11,12,13,14,15,16,17,18,19,21,22,23,24,25,26,27,28,29,30,33,34,35,37,38,39,40
300, 0, 0, 75, 0, 72
CNF-SAT-VC: timeout
APPROX-VC-1: 1,2,3,5,6,7,9,10,11,12,13,14,16,17,21,22,28,34,37,38,39
APPROX-VC-2: 1,2,3,4,5,6,7,8,9,10,11,12,13,14,15,16,17,18,19,21,22,23,24,25,26,27,28,29,30,33,34,35,37,38,39,40
300, 0, 0, 74, 0, 71
CNF-SAT-VC: timeout
APPROX-VC-1: 1,2,3,5,6,7,9,10,11,12,13,14,16,17,21,22,28,34,37,38,39
APPROX-VC-2: 1,2,3,4,5,6,7,8,9,10,11,12,13,14,15,16,17,18,19,21,22,23,24,25,26,27,28,29,30,33,34,35,37,38,39,40
300, 0, 0, 76, 0, 74
CNF-SAT-VC: timeout
APPROX-VC-1: 1,2,3,5,6,7,9,10,11,12,13,14,16,17,21,22,28,34,37,38,39
APPROX-VC-2: 1,2,3,4,5,6,7,8,9,10,11,12,13,14,15,16,17,18,19,21,22,23,24,25,26,27,28,29,30,33,34,35,37,38,39,40
300, 0, 0, 75, 0, 73
CNF-SAT-VC: timeout
APPROX-VC-1: 1,2,3,5,6,7,9,10,11,12,13,14,16,17,21,22,28,34,37,38,39
APPROX-VC-2: 1,2,3,4,5,6,7,8,9,10,11,12,13,14,15,16,17,18,19,21,22,23,24,25,26,27,28,29,30,33,34,35,37,38,39,40
300, 0, 0, 79, 0, 75
