CNF-SAT-VC: timeout
APPROX-VC-1: 1,3,4,6,7,8,11,12,14,16,17,18,19,21,23,24,26,29,31,32,43,45
APPROX-VC-2: 1,2,3,4,5,6,7,8,9,10,11,12,14,16,17,18,21,22,23,24,25,26,28,29,31,32,33,35,38,39,40,43,44,45
300, 0, 0, 73, 0, 67
CNF-SAT-VC: timeout
APPROX-VC-1: 1,3,4,6,7,8,11,12,14,16,17,18,19,21,23,24,26,29,31,32,43,45
APPROX-VC-2: 1,2,3,4,5,6,7,8,9,10,11,12,14,16,17,18,21,22,23,24,25,26,28,29,31,32,33,35,38,39,40,43,44,45
300, 0, 0, 72, 0, 67
CNF-SAT-VC: timeout
APPROX-VC-1: 1,3,4,6,7,8,11,12,14,16,17,18,19,21,23,24,26,29,31,32,43,45
APPROX-VC-2: 1,2,3,4,5,6,7,8,9,10,11,12,14,16,17,18,21,22,23,24,25,26,28,29,31,32,33,35,38,39,40,43,44,45
300, 0, 0, 41, 0, 61
CNF-SAT-VC: timeout
APPROX-VC-1: 1,3,4,6,7,8,11,12,14,16,17,18,19,21,23,24,26,29,31,32,43,45
APPROX-VC-2: 1,2,3,4,5,6,7,8,9,10,11,12,14,16,17,18,21,22,23,24,25,26,28,29,31,32,33,35,38,39,40,43,44,45
300, 0, 0, 58, 0, 59
CNF-SAT-VC: timeout
APPROX-VC-1: 1,3,4,6,7,8,11,12,14,16,17,18,19,21,23,24,26,29,31,32,43,45
APPROX-VC-2: 1,2,3,4,5,6,7,8,9,10,11,12,14,16,17,18,21,22,23,24,25,26,28,29,31,32,33,35,38,39,40,43,44,45
300, 0, 0, 72, 0, 92
CNF-SAT-VC: timeout
APPROX-VC-1: 1,3,4,6,7,8,11,12,14,16,17,18,19,21,23,24,26,29,31,32,43,45
APPROX-VC-2: 1,2,3,4,5,6,7,8,9,10,11,12,14,16,17,18,21,22,23,24,25,26,28,29,31,32,33,35,38,39,40,43,44,45
300, 0, 0, 93, 0, 89
CNF-SAT-VC: timeout
APPROX-VC-1: 1,3,4,6,7,8,11,12,14,16,17,18,19,21,23,24,26,29,31,32,43,45
APPROX-VC-2: 1,2,3,4,5,6,7,8,9,10,11,12,14,16,17,18,21,22,23,24,25,26,28,29,31,32,33,35,38,39,40,43,44,45
300, 0, 0, 77, 0, 74
CNF-SAT-VC: timeout
APPROX-VC-1: 1,3,4,6,7,8,11,12,14,16,17,18,19,21,23,24,26,29,31,32,43,45
APPROX-VC-2: 1,2,3,4,5,6,7,8,9,10,11,12,14,16,17,18,21,22,23,24,25,26,28,29,31,32,33,35,38,39,40,43,44,45
300, 0, 0, 82, 0, 75
CNF-SAT-VC: timeout
APPROX-VC-1: 1,3,4,6,7,8,11,12,14,16,17,18,19,21,23,24,26,29,31,32,43,45
APPROX-VC-2: 1,2,3,4,5,6,7,8,9,10,11,12,14,16,17,18,21,22,23,24,25,26,28,29,31,32,33,35,38,39,40,43,44,45
300, 0, 0, 71, 0, 67
CNF-SAT-VC: timeout
APPROX-VC-1: 1,3,4,6,7,8,11,12,14,16,17,18,19,21,23,24,26,29,31,32,43,45
APPROX-VC-2: 1,2,3,4,5,6,7,8,9,10,11,12,14,16,17,18,21,22,23,24,25,26,28,29,31,32,33,35,38,39,40,43,44,45
300, 0, 0, 67, 0, 58
CNF-SAT-VC: timeout
APPROX-VC-1: 2,3,4,5,6,7,8,9,10,12,13,15,16,17,18,19,21,22,23,24,27,32,33,36
APPROX-VC-2: 1,2,3,4,5,6,8,9,10,11,12,13,14,15,17,18,19,20,21,22,24,26,27,30,32,33,36,38,39,41,42,44
300, 0, 0, 81, 0, 76
CNF-SAT-VC: timeout
APPROX-VC-1: 2,3,4,5,6,7,8,9,10,12,13,15,16,17,18,19,21,22,23,24,27,32,33,36
APPROX-VC-2: 1,2,3,4,5,6,8,9,10,11,12,13,14,15,17,18,19,20,21,22,24,26,27,30,32,33,36,38,39,41,42,44
300, 0, 0, 76, 0, 70
CNF-SAT-VC: timeout
APPROX-VC-1: 2,3,4,5,6,7,8,9,10,12,13,15,16,17,18,19,21,22,23,24,27,32,33,36
APPROX-VC-2: 1,2,3,4,5,6,8,9,10,11,12,13,14,15,17,18,19,20,21,22,24,26,27,30,32,33,36,38,39,41,42,44
300, 0, 0, 67, 0, 57
CNF-SAT-VC: timeout
APPROX-VC-1: 2,3,4,5,6,7,8,9,10,12,13,15,16,17,18,19,21,22,23,24,27,32,33,36
APPROX-VC-2: 1,2,3,4,5,6,8,9,10,11,12,13,14,15,17,18,19,20,21,22,24,26,27,30,32,33,36,38,39,41,42,44
300, 0, 0, 78, 0, 73
CNF-SAT-VC: timeout
APPROX-VC-1: 2,3,4,5,6,7,8,9,10,12,13,15,16,17,18,19,21,22,23,24,27,32,33,36
APPROX-VC-2: 1,2,3,4,5,6,8,9,10,11,12,13,14,15,17,18,19,20,21,22,24,26,27,30,32,33,36,38,39,41,42,44
300, 0, 0, 76, 0, 70
CNF-SAT-VC: timeout
APPROX-VC-1: 2,3,4,5,6,7,8,9,10,12,13,15,16,17,18,19,21,22,23,24,27,32,33,36
APPROX-VC-2: 1,2,3,4,5,6,8,9,10,11,12,13,14,15,17,18,19,20,21,22,24,26,27,30,32,33,36,38,39,41,42,44
300, 0, 0, 92, 0, 86
CNF-SAT-VC: timeout
APPROX-VC-1: 2,3,4,5,6,7,8,9,10,12,13,15,16,17,18,19,21,22,23,24,27,32,33,36
APPROX-VC-2: 1,2,3,4,5,6,8,9,10,11,12,13,14,15,17,18,19,20,21,22,24,26,27,30,32,33,36,38,39,41,42,44
300, 0, 0, 76, 0, 71
CNF-SAT-VC: timeout
APPROX-VC-1: 2,3,4,5,6,7,8,9,10,12,13,15,16,17,18,19,21,22,23,24,27,32,33,36
APPROX-VC-2: 1,2,3,4,5,6,8,9,10,11,12,13,14,15,17,18,19,20,21,22,24,26,27,30,32,33,36,38,39,41,42,44
300, 0, 0, 74, 0, 69
CNF-SAT-VC: timeout
APPROX-VC-1: 2,3,4,5,6,7,8,9,10,12,13,15,16,17,18,19,21,22,23,24,27,32,33,36
APPROX-VC-2: 1,2,3,4,5,6,8,9,10,11,12,13,14,15,17,18,19,20,21,22,24,26,27,30,32,33,36,38,39,41,42,44
300, 0, 0, 75, 0, 69
CNF-SAT-VC: timeout
APPROX-VC-1: 2,3,4,5,6,7,8,9,10,12,13,15,16,17,18,19,21,22,23,24,27,32,33,36
APPROX-VC-2: 1,2,3,4,5,6,8,9,10,11,12,13,14,15,17,18,19,20,21,22,24,26,27,30,32,33,36,38,39,41,42,44
300, 0, 0, 80, 0, 75
CNF-SAT-VC: timeout
APPROX-VC-1: 3,5,6,7,8,10,11,12,13,15,17,19,21,24,25,30,31,35,37,38,40,44,45
APPROX-VC-2: 1,2,3,5,6,7,8,9,10,11,12,13,14,15,16,17,18,19,21,23,24,25,26,29,30,32,33,34,35,37,38,39,40,41,42,44
300, 0, 0, 78, 0, 73
CNF-SAT-VC: timeout
APPROX-VC-1: 3,5,6,7,8,10,11,12,13,15,17,19,21,24,25,30,31,35,37,38,40,44,45
APPROX-VC-2: 1,2,3,5,6,7,8,9,10,11,12,13,14,15,16,17,18,19,21,23,24,25,26,29,30,32,33,34,35,37,38,39,40,41,42,44
300, 0, 0, 50, 0, 54
CNF-SAT-VC: timeout
APPROX-VC-1: 3,5,6,7,8,10,11,12,13,15,17,19,21,24,25,30,31,35,37,38,40,44,45
APPROX-VC-2: 1,2,3,5,6,7,8,9,10,11,12,13,14,15,16,17,18,19,21,23,24,25,26,29,30,32,33,34,35,37,38,39,40,41,42,44
300, 0, 0, 72, 0, 68
CNF-SAT-VC: timeout
APPROX-VC-1: 3,5,6,7,8,10,11,12,13,15,17,19,21,24,25,30,31,35,37,38,40,44,45
APPROX-VC-2: 1,2,3,5,6,7,8,9,10,11,12,13,14,15,16,17,18,19,21,23,24,25,26,29,30,32,33,34,35,37,38,39,40,41,42,44
300, 0, 0, 62, 0, 73
CNF-SAT-VC: timeout
APPROX-VC-1: 3,5,6,7,8,10,11,12,13,15,17,19,21,24,25,30,31,35,37,38,40,44,45
APPROX-VC-2: 1,2,3,5,6,7,8,9,10,11,12,13,14,15,16,17,18,19,21,23,24,25,26,29,30,32,33,34,35,37,38,39,40,41,42,44
300, 0, 0, 56, 0, 67
CNF-SAT-VC: timeout
APPROX-VC-1: 3,5,6,7,8,10,11,12,13,15,17,19,21,24,25,30,31,35,37,38,40,44,45
APPROX-VC-2: 1,2,3,5,6,7,8,9,10,11,12,13,14,15,16,17,18,19,21,23,24,25,26,29,30,32,33,34,35,37,38,39,40,41,42,44
300, 0, 0, 91, 0, 88
CNF-SAT-VC: timeout
APPROX-VC-1: 3,5,6,7,8,10,11,12,13,15,17,19,21,24,25,30,31,35,37,38,40,44,45
APPROX-VC-2: 1,2,3,5,6,7,8,9,10,11,12,13,14,15,16,17,18,19,21,23,24,25,26,29,30,32,33,34,35,37,38,39,40,41,42,44
300, 0, 0, 56, 0, 60
CNF-SAT-VC: timeout
APPROX-VC-1: 3,5,6,7,8,10,11,12,13,15,17,19,21,24,25,30,31,35,37,38,40,44,45
APPROX-VC-2: 1,2,3,5,6,7,8,9,10,11,12,13,14,15,16,17,18,19,21,23,24,25,26,29,30,32,33,34,35,37,38,39,40,41,42,44
300, 0, 0, 56, 0, 61
CNF-SAT-VC: timeout
APPROX-VC-1: 3,5,6,7,8,10,11,12,13,15,17,19,21,24,25,30,31,35,37,38,40,44,45
APPROX-VC-2: 1,2,3,5,6,7,8,9,10,11,12,13,14,15,16,17,18,19,21,23,24,25,26,29,30,32,33,34,35,37,38,39,40,41,42,44
300, 0, 0, 74, 0, 70
CNF-SAT-VC: timeout
APPROX-VC-1: 3,5,6,7,8,10,11,12,13,15,17,19,21,24,25,30,31,35,37,38,40,44,45
APPROX-VC-2: 1,2,3,5,6,7,8,9,10,11,12,13,14,15,16,17,18,19,21,23,24,25,26,29,30,32,33,34,35,37,38,39,40,41,42,44
300, 0, 0, 79, 0, 76
CNF-SAT-VC: timeout
APPROX-VC-1: 1,2,3,5,7,10,14,16,17,19,20,21,22,26,27,29,30,33,36,37,42
APPROX-VC-2: 1,2,3,4,5,7,8,9,10,13,14,15,17,18,19,20,21,22,23,26,30,33,37,38,40,42,43,45
300, 0, 0, 75, 0, 71
CNF-SAT-VC: timeout
APPROX-VC-1: 1,2,3,5,7,10,14,16,17,19,20,21,22,26,27,29,30,33,36,37,42
APPROX-VC-2: 1,2,3,4,5,7,8,9,10,13,14,15,17,18,19,20,21,22,23,26,30,33,37,38,40,42,43,45
300, 0, 0, 80, 0, 74
CNF-SAT-VC: timeout
APPROX-VC-1: 1,2,3,5,7,10,14,16,17,19,20,21,22,26,27,29,30,33,36,37,42
APPROX-VC-2: 1,2,3,4,5,7,8,9,10,13,14,15,17,18,19,20,21,22,23,26,30,33,37,38,40,42,43,45
300, 0, 0, 73, 0, 66
CNF-SAT-VC: timeout
APPROX-VC-1: 1,2,3,5,7,10,14,16,17,19,20,21,22,26,27,29,30,33,36,37,42
APPROX-VC-2: 1,2,3,4,5,7,8,9,10,13,14,15,17,18,19,20,21,22,23,26,30,33,37,38,40,42,43,45
300, 0, 0, 73, 0, 67
CNF-SAT-VC: timeout
APPROX-VC-1: 1,2,3,5,7,10,14,16,17,19,20,21,22,26,27,29,30,33,36,37,42
APPROX-VC-2: 1,2,3,4,5,7,8,9,10,13,14,15,17,18,19,20,21,22,23,26,30,33,37,38,40,42,43,45
300, 0, 0, 76, 0, 72
CNF-SAT-VC: timeout
APPROX-VC-1: 1,2,3,5,7,10,14,16,17,19,20,21,22,26,27,29,30,33,36,37,42
APPROX-VC-2: 1,2,3,4,5,7,8,9,10,13,14,15,17,18,19,20,21,22,23,26,30,33,37,38,40,42,43,45
300, 0, 0, 77, 0, 68
CNF-SAT-VC: timeout
APPROX-VC-1: 1,2,3,5,7,10,14,16,17,19,20,21,22,26,27,29,30,33,36,37,42
APPROX-VC-2: 1,2,3,4,5,7,8,9,10,13,14,15,17,18,19,20,21,22,23,26,30,33,37,38,40,42,43,45
300, 0, 0, 74, 0, 70
CNF-SAT-VC: timeout
APPROX-VC-1: 1,2,3,5,7,10,14,16,17,19,20,21,22,26,27,29,30,33,36,37,42
APPROX-VC-2: 1,2,3,4,5,7,8,9,10,13,14,15,17,18,19,20,21,22,23,26,30,33,37,38,40,42,43,45
300, 0, 0, 76, 0, 69
CNF-SAT-VC: timeout
APPROX-VC-1: 1,2,3,5,7,10,14,16,17,19,20,21,22,26,27,29,30,33,36,37,42
APPROX-VC-2: 1,2,3,4,5,7,8,9,10,13,14,15,17,18,19,20,21,22,23,26,30,33,37,38,40,42,43,45
300, 0, 0, 55, 0, 60
CNF-SAT-VC: timeout
APPROX-VC-1: 1,2,3,5,7,10,14,16,17,19,20,21,22,26,27,29,30,33,36,37,42
APPROX-VC-2: 1,2,3,4,5,7,8,9,10,13,14,15,17,18,19,20,21,22,23,26,30,33,37,38,40,42,43,45
300, 0, 0, 66, 0, 43
CNF-SAT-VC: timeout
APPROX-VC-1: 1,2,3,4,5,6,7,9,11,13,14,16,20,23,24,27,29,30,32,36,37,40,42
APPROX-VC-2: 1,2,3,4,5,6,7,8,9,10,11,12,13,14,16,18,19,20,21,22,24,25,27,28,29,30,32,36,37,40,42,43
300, 0, 0, 56, 0, 66
CNF-SAT-VC: timeout
APPROX-VC-1: 1,2,3,4,5,6,7,9,11,13,14,16,20,23,24,27,29,30,32,36,37,40,42
APPROX-VC-2: 1,2,3,4,5,6,7,8,9,10,11,12,13,14,16,18,19,20,21,22,24,25,27,28,29,30,32,36,37,40,42,43
300, 0, 0, 77, 0, 72
CNF-SAT-VC: timeout
APPROX-VC-1: 1,2,3,4,5,6,7,9,11,13,14,16,20,23,24,27,29,30,32,36,37,40,42
APPROX-VC-2: 1,2,3,4,5,6,7,8,9,10,11,12,13,14,16,18,19,20,21,22,24,25,27,28,29,30,32,36,37,40,42,43
300, 0, 0, 76, 0, 71
CNF-SAT-VC: timeout
APPROX-VC-1: 1,2,3,4,5,6,7,9,11,13,14,16,20,23,24,27,29,30,32,36,37,40,42
APPROX-VC-2: 1,2,3,4,5,6,7,8,9,10,11,12,13,14,16,18,19,20,21,22,24,25,27,28,29,30,32,36,37,40,42,43
300, 0, 0, 74, 0, 68
CNF-SAT-VC: timeout
APPROX-VC-1: 1,2,3,4,5,6,7,9,11,13,14,16,20,23,24,27,29,30,32,36,37,40,42
APPROX-VC-2: 1,2,3,4,5,6,7,8,9,10,11,12,13,14,16,18,19,20,21,22,24,25,27,28,29,30,32,36,37,40,42,43
300, 0, 0, 76, 0, 70
CNF-SAT-VC: timeout
APPROX-VC-1: 1,2,3,4,5,6,7,9,11,13,14,16,20,23,24,27,29,30,32,36,37,40,42
APPROX-VC-2: 1,2,3,4,5,6,7,8,9,10,11,12,13,14,16,18,19,20,21,22,24,25,27,28,29,30,32,36,37,40,42,43
300, 0, 0, 79, 0, 73
CNF-SAT-VC: timeout
APPROX-VC-1: 1,2,3,4,5,6,7,9,11,13,14,16,20,23,24,27,29,30,32,36,37,40,42
APPROX-VC-2: 1,2,3,4,5,6,7,8,9,10,11,12,13,14,16,18,19,20,21,22,24,25,27,28,29,30,32,36,37,40,42,43
300, 0, 0, 80, 0, 74
CNF-SAT-VC: timeout
APPROX-VC-1: 1,2,3,4,5,6,7,9,11,13,14,16,20,23,24,27,29,30,32,36,37,40,42
APPROX-VC-2: 1,2,3,4,5,6,7,8,9,10,11,12,13,14,16,18,19,20,21,22,24,25,27,28,29,30,32,36,37,40,42,43
300, 0, 0, 65, 0, 27
CNF-SAT-VC: timeout
APPROX-VC-1: 1,2,3,4,5,6,7,9,11,13,14,16,20,23,24,27,29,30,32,36,37,40,42
APPROX-VC-2: 1,2,3,4,5,6,7,8,9,10,11,12,13,14,16,18,19,20,21,22,24,25,27,28,29,30,32,36,37,40,42,43
300, 0, 0, 92, 0, 84
CNF-SAT-VC: timeout
APPROX-VC-1: 1,2,3,4,5,6,7,9,11,13,14,16,20,23,24,27,29,30,32,36,37,40,42
APPROX-VC-2: 1,2,3,4,5,6,7,8,9,10,11,12,13,14,16,18,19,20,21,22,24,25,27,28,29,30,32,36,37,40,42,43
300, 0, 0, 71, 0, 64
CNF-SAT-VC: timeout
APPROX-VC-1: 2,3,4,5,6,7,8,9,10,13,14,16,18,21,22,26,29,32,37,42
APPROX-VC-2: 1,2,3,4,5,6,7,8,9,10,12,13,14,15,16,17,18,20,21,22,24,26,29,30,31,32,33,36,37,41,42,45
300, 0, 0, 72, 0, 69
CNF-SAT-VC: timeout
APPROX-VC-1: 2,3,4,5,6,7,8,9,10,13,14,16,18,21,22,26,29,32,37,42
APPROX-VC-2: 1,2,3,4,5,6,7,8,9,10,12,13,14,15,16,17,18,20,21,22,24,26,29,30,31,32,33,36,37,41,42,45
300, 0, 0, 73, 0, 64
CNF-SAT-VC: timeout
APPROX-VC-1: 2,3,4,5,6,7,8,9,10,13,14,16,18,21,22,26,29,32,37,42
APPROX-VC-2: 1,2,3,4,5,6,7,8,9,10,12,13,14,15,16,17,18,20,21,22,24,26,29,30,31,32,33,36,37,41,42,45
300, 0, 0, 69, 0, 62
CNF-SAT-VC: timeout
APPROX-VC-1: 2,3,4,5,6,7,8,9,10,13,14,16,18,21,22,26,29,32,37,42
APPROX-VC-2: 1,2,3,4,5,6,7,8,9,10,12,13,14,15,16,17,18,20,21,22,24,26,29,30,31,32,33,36,37,41,42,45
300, 0, 0, 64, 0, 27
CNF-SAT-VC: timeout
APPROX-VC-1: 2,3,4,5,6,7,8,9,10,13,14,16,18,21,22,26,29,32,37,42
APPROX-VC-2: 1,2,3,4,5,6,7,8,9,10,12,13,14,15,16,17,18,20,21,22,24,26,29,30,31,32,33,36,37,41,42,45
300, 0, 0, 66, 0, 61
CNF-SAT-VC: timeout
APPROX-VC-1: 2,3,4,5,6,7,8,9,10,13,14,16,18,21,22,26,29,32,37,42
APPROX-VC-2: 1,2,3,4,5,6,7,8,9,10,12,13,14,15,16,17,18,20,21,22,24,26,29,30,31,32,33,36,37,41,42,45
300, 0, 0, 74, 0, 71
CNF-SAT-VC: timeout
APPROX-VC-1: 2,3,4,5,6,7,8,9,10,13,14,16,18,21,22,26,29,32,37,42
APPROX-VC-2: 1,2,3,4,5,6,7,8,9,10,12,13,14,15,16,17,18,20,21,22,24,26,29,30,31,32,33,36,37,41,42,45
300, 0, 0, 42, 0, 42
CNF-SAT-VC: timeout
APPROX-VC-1: 2,3,4,5,6,7,8,9,10,13,14,16,18,21,22,26,29,32,37,42
APPROX-VC-2: 1,2,3,4,5,6,7,8,9,10,12,13,14,15,16,17,18,20,21,22,24,26,29,30,31,32,33,36,37,41,42,45
300, 0, 0, 27, 0, 64
CNF-SAT-VC: timeout
APPROX-VC-1: 2,3,4,5,6,7,8,9,10,13,14,16,18,21,22,26,29,32,37,42
APPROX-VC-2: 1,2,3,4,5,6,7,8,9,10,12,13,14,15,16,17,18,20,21,22,24,26,29,30,31,32,33,36,37,41,42,45
300, 0, 0, 26, 0, 65
CNF-SAT-VC: timeout
APPROX-VC-1: 2,3,4,5,6,7,8,9,10,13,14,16,18,21,22,26,29,32,37,42
APPROX-VC-2: 1,2,3,4,5,6,7,8,9,10,12,13,14,15,16,17,18,20,21,22,24,26,29,30,31,32,33,36,37,41,42,45
300, 0, 0, 72, 0, 30
CNF-SAT-VC: timeout
APPROX-VC-1: 1,2,5,6,7,8,9,11,13,14,15,16,25,26,29,30,33,34,35,37,39
APPROX-VC-2: 1,2,3,4,5,6,7,8,9,10,11,12,13,14,15,16,18,19,20,21,22,23,24,25,26,29,30,32,33,34,35,36,37,40,43,45
300, 0, 0, 29, 0, 69
CNF-SAT-VC: timeout
APPROX-VC-1: 1,2,5,6,7,8,9,11,13,14,15,16,25,26,29,30,33,34,35,37,39
APPROX-VC-2: 1,2,3,4,5,6,7,8,9,10,11,12,13,14,15,16,18,19,20,21,22,23,24,25,26,29,30,32,33,34,35,36,37,40,43,45
300, 0, 0, 74, 0, 71
CNF-SAT-VC: timeout
APPROX-VC-1: 1,2,5,6,7,8,9,11,13,14,15,16,25,26,29,30,33,34,35,37,39
APPROX-VC-2: 1,2,3,4,5,6,7,8,9,10,11,12,13,14,15,16,18,19,20,21,22,23,24,25,26,29,30,32,33,34,35,36,37,40,43,45
300, 0, 0, 63, 0, 61
CNF-SAT-VC: timeout
APPROX-VC-1: 1,2,5,6,7,8,9,11,13,14,15,16,25,26,29,30,33,34,35,37,39
APPROX-VC-2: 1,2,3,4,5,6,7,8,9,10,11,12,13,14,15,16,18,19,20,21,22,23,24,25,26,29,30,32,33,34,35,36,37,40,43,45
300, 0, 0, 75, 0, 73
CNF-SAT-VC: timeout
APPROX-VC-1: 1,2,5,6,7,8,9,11,13,14,15,16,25,26,29,30,33,34,35,37,39
APPROX-VC-2: 1,2,3,4,5,6,7,8,9,10,11,12,13,14,15,16,18,19,20,21,22,23,24,25,26,29,30,32,33,34,35,36,37,40,43,45
300, 0, 0, 29, 0, 72
CNF-SAT-VC: timeout
APPROX-VC-1: 1,2,5,6,7,8,9,11,13,14,15,16,25,26,29,30,33,34,35,37,39
APPROX-VC-2: 1,2,3,4,5,6,7,8,9,10,11,12,13,14,15,16,18,19,20,21,22,23,24,25,26,29,30,32,33,34,35,36,37,40,43,45
300, 0, 0, 75, 0, 73
CNF-SAT-VC: timeout
APPROX-VC-1: 1,2,5,6,7,8,9,11,13,14,15,16,25,26,29,30,33,34,35,37,39
APPROX-VC-2: 1,2,3,4,5,6,7,8,9,10,11,12,13,14,15,16,18,19,20,21,22,23,24,25,26,29,30,32,33,34,35,36,37,40,43,45
300, 0, 0, 29, 0, 64
CNF-SAT-VC: timeout
APPROX-VC-1: 1,2,5,6,7,8,9,11,13,14,15,16,25,26,29,30,33,34,35,37,39
APPROX-VC-2: 1,2,3,4,5,6,7,8,9,10,11,12,13,14,15,16,18,19,20,21,22,23,24,25,26,29,30,32,33,34,35,36,37,40,43,45
300, 0, 0, 77, 0, 73
CNF-SAT-VC: timeout
APPROX-VC-1: 1,2,5,6,7,8,9,11,13,14,15,16,25,26,29,30,33,34,35,37,39
APPROX-VC-2: 1,2,3,4,5,6,7,8,9,10,11,12,13,14,15,16,18,19,20,21,22,23,24,25,26,29,30,32,33,34,35,36,37,40,43,45
300, 0, 0, 71, 0, 70
CNF-SAT-VC: timeout
APPROX-VC-1: 1,2,5,6,7,8,9,11,13,14,15,16,25,26,29,30,33,34,35,37,39
APPROX-VC-2: 1,2,3,4,5,6,7,8,9,10,11,12,13,14,15,16,18,19,20,21,22,23,24,25,26,29,30,32,33,34,35,36,37,40,43,45
300, 0, 0, 73, 0, 70
CNF-SAT-VC: timeout
APPROX-VC-1: 1,2,4,5,6,8,9,11,12,19,21,22,24,25,27,28,29,31,33,34,35,40,41,42
APPROX-VC-2: 1,2,4,5,6,7,8,9,10,11,12,13,14,15,18,19,20,21,22,23,24,25,27,28,29,32,33,34,35,36,37,38,39,40,41,42,44,45
300, 0, 0, 29, 0, 68
CNF-SAT-VC: timeout
APPROX-VC-1: 1,2,4,5,6,8,9,11,12,19,21,22,24,25,27,28,29,31,33,34,35,40,41,42
APPROX-VC-2: 1,2,4,5,6,7,8,9,10,11,12,13,14,15,18,19,20,21,22,23,24,25,27,28,29,32,33,34,35,36,37,38,39,40,41,42,44,45
300, 0, 0, 72, 0, 66
CNF-SAT-VC: timeout
APPROX-VC-1: 1,2,4,5,6,8,9,11,12,19,21,22,24,25,27,28,29,31,33,34,35,40,41,42
APPROX-VC-2: 1,2,4,5,6,7,8,9,10,11,12,13,14,15,18,19,20,21,22,23,24,25,27,28,29,32,33,34,35,36,37,38,39,40,41,42,44,45
300, 0, 0, 28, 0, 72
CNF-SAT-VC: timeout
APPROX-VC-1: 1,2,4,5,6,8,9,11,12,19,21,22,24,25,27,28,29,31,33,34,35,40,41,42
APPROX-VC-2: 1,2,4,5,6,7,8,9,10,11,12,13,14,15,18,19,20,21,22,23,24,25,27,28,29,32,33,34,35,36,37,38,39,40,41,42,44,45
300, 0, 0, 30, 0, 31
CNF-SAT-VC: timeout
APPROX-VC-1: 1,2,4,5,6,8,9,11,12,19,21,22,24,25,27,28,29,31,33,34,35,40,41,42
APPROX-VC-2: 1,2,4,5,6,7,8,9,10,11,12,13,14,15,18,19,20,21,22,23,24,25,27,28,29,32,33,34,35,36,37,38,39,40,41,42,44,45
300, 0, 0, 28, 0, 62
CNF-SAT-VC: timeout
APPROX-VC-1: 1,2,4,5,6,8,9,11,12,19,21,22,24,25,27,28,29,31,33,34,35,40,41,42
APPROX-VC-2: 1,2,4,5,6,7,8,9,10,11,12,13,14,15,18,19,20,21,22,23,24,25,27,28,29,32,33,34,35,36,37,38,39,40,41,42,44,45
300, 0, 0, 74, 0, 68
CNF-SAT-VC: timeout
APPROX-VC-1: 1,2,4,5,6,8,9,11,12,19,21,22,24,25,27,28,29,31,33,34,35,40,41,42
APPROX-VC-2: 1,2,4,5,6,7,8,9,10,11,12,13,14,15,18,19,20,21,22,23,24,25,27,28,29,32,33,34,35,36,37,38,39,40,41,42,44,45
300, 0, 0, 30, 0, 71
CNF-SAT-VC: timeout
APPROX-VC-1: 1,2,4,5,6,8,9,11,12,19,21,22,24,25,27,28,29,31,33,34,35,40,41,42
APPROX-VC-2: 1,2,4,5,6,7,8,9,10,11,12,13,14,15,18,19,20,21,22,23,24,25,27,28,29,32,33,34,35,36,37,38,39,40,41,42,44,45
300, 0, 0, 76, 0, 70
CNF-SAT-VC: timeout
APPROX-VC-1: 1,2,4,5,6,8,9,11,12,19,21,22,24,25,27,28,29,31,33,34,35,40,41,42
APPROX-VC-2: 1,2,4,5,6,7,8,9,10,11,12,13,14,15,18,19,20,21,22,23,24,25,27,28,29,32,33,34,35,36,37,38,39,40,41,42,44,45
300, 0, 0, 70, 0, 68
CNF-SAT-VC: timeout
APPROX-VC-1: 1,2,4,5,6,8,9,11,12,19,21,22,24,25,27,28,29,31,33,34,35,40,41,42
APPROX-VC-2: 1,2,4,5,6,7,8,9,10,11,12,13,14,15,18,19,20,21,22,23,24,25,27,28,29,32,33,34,35,36,37,38,39,40,41,42,44,45
300, 0, 0, 29, 0, 62
CNF-SAT-VC: timeout
APPROX-VC-1: 1,3,7,8,9,10,11,13,14,15,16,17,18,20,21,23,24,25,26,30,31,32,35,36
APPROX-VC-2: 1,2,3,4,5,6,7,8,9,10,11,12,13,14,15,16,17,18,20,21,22,23,24,26,28,29,30,31,32,33,34,35,36,38,39,41,44,45
300, 0, 0, 67, 0, 68
CNF-SAT-VC: timeout
APPROX-VC-1: 1,3,7,8,9,10,11,13,14,15,16,17,18,20,21,23,24,25,26,30,31,32,35,36
APPROX-VC-2: 1,2,3,4,5,6,7,8,9,10,11,12,13,14,15,16,17,18,20,21,22,23,24,26,28,29,30,31,32,33,34,35,36,38,39,41,44,45
300, 0, 0, 28, 0, 66
CNF-SAT-VC: timeout
APPROX-VC-1: 1,3,7,8,9,10,11,13,14,15,16,17,18,20,21,23,24,25,26,30,31,32,35,36
APPROX-VC-2: 1,2,3,4,5,6,7,8,9,10,11,12,13,14,15,16,17,18,20,21,22,23,24,26,28,29,30,31,32,33,34,35,36,38,39,41,44,45
300, 0, 0, 60, 0, 54
CNF-SAT-VC: timeout
APPROX-VC-1: 1,3,7,8,9,10,11,13,14,15,16,17,18,20,21,23,24,25,26,30,31,32,35,36
APPROX-VC-2: 1,2,3,4,5,6,7,8,9,10,11,12,13,14,15,16,17,18,20,21,22,23,24,26,28,29,30,31,32,33,34,35,36,38,39,41,44,45
300, 0, 0, 30, 0, 68
CNF-SAT-VC: timeout
APPROX-VC-1: 1,3,7,8,9,10,11,13,14,15,16,17,18,20,21,23,24,25,26,30,31,32,35,36
APPROX-VC-2: 1,2,3,4,5,6,7,8,9,10,11,12,13,14,15,16,17,18,20,21,22,23,24,26,28,29,30,31,32,33,34,35,36,38,39,41,44,45
300, 0, 0, 67, 0, 68
CNF-SAT-VC: timeout
APPROX-VC-1: 1,3,7,8,9,10,11,13,14,15,16,17,18,20,21,23,24,25,26,30,31,32,35,36
APPROX-VC-2: 1,2,3,4,5,6,7,8,9,10,11,12,13,14,15,16,17,18,20,21,22,23,24,26,28,29,30,31,32,33,34,35,36,38,39,41,44,45
300, 0, 0, 28, 0, 30
CNF-SAT-VC: timeout
APPROX-VC-1: 1,3,7,8,9,10,11,13,14,15,16,17,18,20,21,23,24,25,26,30,31,32,35,36
APPROX-VC-2: 1,2,3,4,5,6,7,8,9,10,11,12,13,14,15,16,17,18,20,21,22,23,24,26,28,29,30,31,32,33,34,35,36,38,39,41,44,45
300, 0, 0, 28, 0, 71
CNF-SAT-VC: timeout
APPROX-VC-1: 1,3,7,8,9,10,11,13,14,15,16,17,18,20,21,23,24,25,26,30,31,32,35,36
APPROX-VC-2: 1,2,3,4,5,6,7,8,9,10,11,12,13,14,15,16,17,18,20,21,22,23,24,26,28,29,30,31,32,33,34,35,36,38,39,41,44,45
300, 0, 0, 71, 0, 72
CNF-SAT-VC: timeout
APPROX-VC-1: 1,3,7,8,9,10,11,13,14,15,16,17,18,20,21,23,24,25,26,30,31,32,35,36
APPROX-VC-2: 1,2,3,4,5,6,7,8,9,10,11,12,13,14,15,16,17,18,20,21,22,23,24,26,28,29,30,31,32,33,34,35,36,38,39,41,44,45
300, 0, 0, 78, 0, 75
CNF-SAT-VC: timeout
APPROX-VC-1: 1,3,7,8,9,10,11,13,14,15,16,17,18,20,21,23,24,25,26,30,31,32,35,36
APPROX-VC-2: 1,2,3,4,5,6,7,8,9,10,11,12,13,14,15,16,17,18,20,21,22,23,24,26,28,29,30,31,32,33,34,35,36,38,39,41,44,45
300, 0, 0, 57, 0, 27
CNF-SAT-VC: timeout
APPROX-VC-1: 2,3,5,7,8,10,11,13,14,15,16,18,20,24,27,30,31,32,33,34,39,44,45
APPROX-VC-2: 1,2,3,4,5,6,7,8,9,10,11,12,13,14,15,16,17,18,19,20,21,22,23,24,26,27,29,30,31,33,34,37,39,40,41,43,44,45
300, 0, 0, 77, 0, 73
CNF-SAT-VC: timeout
APPROX-VC-1: 2,3,5,7,8,10,11,13,14,15,16,18,20,24,27,30,31,32,33,34,39,44,45
APPROX-VC-2: 1,2,3,4,5,6,7,8,9,10,11,12,13,14,15,16,17,18,19,20,21,22,23,24,26,27,29,30,31,33,34,37,39,40,41,43,44,45
300, 0, 0, 32, 0, 27
CNF-SAT-VC: timeout
APPROX-VC-1: 2,3,5,7,8,10,11,13,14,15,16,18,20,24,27,30,31,32,33,34,39,44,45
APPROX-VC-2: 1,2,3,4,5,6,7,8,9,10,11,12,13,14,15,16,17,18,19,20,21,22,23,24,26,27,29,30,31,33,34,37,39,40,41,43,44,45
300, 0, 0, 59, 0, 27
CNF-SAT-VC: timeout
APPROX-VC-1: 2,3,5,7,8,10,11,13,14,15,16,18,20,24,27,30,31,32,33,34,39,44,45
APPROX-VC-2: 1,2,3,4,5,6,7,8,9,10,11,12,13,14,15,16,17,18,19,20,21,22,23,24,26,27,29,30,31,33,34,37,39,40,41,43,44,45
300, 0, 0, 28, 0, 68
CNF-SAT-VC: timeout
APPROX-VC-1: 2,3,5,7,8,10,11,13,14,15,16,18,20,24,27,30,31,32,33,34,39,44,45
APPROX-VC-2: 1,2,3,4,5,6,7,8,9,10,11,12,13,14,15,16,17,18,19,20,21,22,23,24,26,27,29,30,31,33,34,37,39,40,41,43,44,45
300, 0, 0, 84, 0, 74
CNF-SAT-VC: timeout
APPROX-VC-1: 2,3,5,7,8,10,11,13,14,15,16,18,20,24,27,30,31,32,33,34,39,44,45
APPROX-VC-2: 1,2,3,4,5,6,7,8,9,10,11,12,13,14,15,16,17,18,19,20,21,22,23,24,26,27,29,30,31,33,34,37,39,40,41,43,44,45
300, 0, 0, 28, 0, 58
CNF-SAT-VC: timeout
APPROX-VC-1: 2,3,5,7,8,10,11,13,14,15,16,18,20,24,27,30,31,32,33,34,39,44,45
APPROX-VC-2: 1,2,3,4,5,6,7,8,9,10,11,12,13,14,15,16,17,18,19,20,21,22,23,24,26,27,29,30,31,33,34,37,39,40,41,43,44,45
300, 0, 0, 81, 0, 75
CNF-SAT-VC: timeout
APPROX-VC-1: 2,3,5,7,8,10,11,13,14,15,16,18,20,24,27,30,31,32,33,34,39,44,45
APPROX-VC-2: 1,2,3,4,5,6,7,8,9,10,11,12,13,14,15,16,17,18,19,20,21,22,23,24,26,27,29,30,31,33,34,37,39,40,41,43,44,45
300, 0, 0, 82, 0, 76
CNF-SAT-VC: timeout
APPROX-VC-1: 2,3,5,7,8,10,11,13,14,15,16,18,20,24,27,30,31,32,33,34,39,44,45
APPROX-VC-2: 1,2,3,4,5,6,7,8,9,10,11,12,13,14,15,16,17,18,19,20,21,22,23,24,26,27,29,30,31,33,34,37,39,40,41,43,44,45
300, 0, 0, 62, 0, 27
CNF-SAT-VC: timeout
APPROX-VC-1: 2,3,5,7,8,10,11,13,14,15,16,18,20,24,27,30,31,32,33,34,39,44,45
APPROX-VC-2: 1,2,3,4,5,6,7,8,9,10,11,12,13,14,15,16,17,18,19,20,21,22,23,24,26,27,29,30,31,33,34,37,39,40,41,43,44,45
300, 0, 0, 68, 0, 30
