CNF-SAT-VC: 1,2,4
APPROX-VC-1: 1,2,4
APPROX-VC-2: 1,2,3,5
0, 1111, 0, 159, 0, 136
CNF-SAT-VC: 1,2,4
APPROX-VC-1: 1,2,4
APPROX-VC-2: 1,2,3,5
0, 924, 0, 82, 0, 86
CNF-SAT-VC: 1,2,4
APPROX-VC-1: 1,2,4
APPROX-VC-2: 1,2,3,5
0, 915, 0, 80, 0, 86
CNF-SAT-VC: 1,2,4
APPROX-VC-1: 1,2,4
APPROX-VC-2: 1,2,3,5
0, 955, 0, 100, 0, 62
CNF-SAT-VC: 1,2,4
APPROX-VC-1: 1,2,4
APPROX-VC-2: 1,2,3,5
0, 615, 0, 66, 0, 67
CNF-SAT-VC: 1,2,4
APPROX-VC-1: 1,2,4
APPROX-VC-2: 1,2,3,5
0, 468, 0, 58, 0, 61
CNF-SAT-VC: 1,2,4
APPROX-VC-1: 1,2,4
APPROX-VC-2: 1,2,3,5
0, 483, 0, 58, 0, 61
CNF-SAT-VC: 1,2,4
APPROX-VC-1: 1,2,4
APPROX-VC-2: 1,2,3,5
0, 389, 0, 65, 0, 55
CNF-SAT-VC: 1,2,4
APPROX-VC-1: 1,2,4
APPROX-VC-2: 1,2,3,5
0, 357, 0, 51, 0, 57
CNF-SAT-VC: 1,2,4
APPROX-VC-1: 1,2,4
APPROX-VC-2: 1,2,3,5
0, 325, 0, 64, 0, 56
CNF-SAT-VC: 1,2,3
APPROX-VC-1: 1,2,3
APPROX-VC-2: 1,2,3,4
0, 307, 0, 62, 0, 53
CNF-SAT-VC: 1,2,3
APPROX-VC-1: 1,2,3
APPROX-VC-2: 1,2,3,4
0, 275, 0, 51, 0, 44
CNF-SAT-VC: 1,2,3
APPROX-VC-1: 1,2,3
APPROX-VC-2: 1,2,3,4
0, 280, 0, 56, 0, 48
CNF-SAT-VC: 1,2,3
APPROX-VC-1: 1,2,3
APPROX-VC-2: 1,2,3,4
0, 244, 0, 54, 0, 45
CNF-SAT-VC: 1,2,3
APPROX-VC-1: 1,2,3
APPROX-VC-2: 1,2,3,4
0, 241, 0, 53, 0, 46
CNF-SAT-VC: 1,2,3
APPROX-VC-1: 1,2,3
APPROX-VC-2: 1,2,3,4
0, 224, 0, 40, 0, 55
CNF-SAT-VC: 1,2,3
APPROX-VC-1: 1,2,3
APPROX-VC-2: 1,2,3,4
0, 220, 0, 58, 0, 53
CNF-SAT-VC: 1,2,3
APPROX-VC-1: 1,2,3
APPROX-VC-2: 1,2,3,4
0, 223, 0, 52, 0, 46
CNF-SAT-VC: 1,2,3
APPROX-VC-1: 1,2,3
APPROX-VC-2: 1,2,3,4
0, 232, 0, 57, 0, 51
CNF-SAT-VC: 1,2,3
APPROX-VC-1: 1,2,3
APPROX-VC-2: 1,2,3,4
0, 225, 0, 50, 0, 44
CNF-SAT-VC: 1,2,3
APPROX-VC-1: 1,2,3
APPROX-VC-2: 1,2,3,5
0, 173, 0, 37, 0, 43
CNF-SAT-VC: 1,2,3
APPROX-VC-1: 1,2,3
APPROX-VC-2: 1,2,3,5
0, 198, 0, 58, 0, 52
CNF-SAT-VC: 1,2,3
APPROX-VC-1: 1,2,3
APPROX-VC-2: 1,2,3,5
0, 210, 0, 42, 0, 29
CNF-SAT-VC: 1,2,3
APPROX-VC-1: 1,2,3
APPROX-VC-2: 1,2,3,5
0, 198, 0, 51, 0, 46
CNF-SAT-VC: 1,2,3
APPROX-VC-1: 1,2,3
APPROX-VC-2: 1,2,3,5
0, 199, 0, 43, 0, 11
CNF-SAT-VC: 1,2,3
APPROX-VC-1: 1,2,3
APPROX-VC-2: 1,2,3,5
0, 201, 0, 56, 0, 51
CNF-SAT-VC: 1,2,3
APPROX-VC-1: 1,2,3
APPROX-VC-2: 1,2,3,5
0, 203, 0, 52, 0, 46
CNF-SAT-VC: 1,2,3
APPROX-VC-1: 1,2,3
APPROX-VC-2: 1,2,3,5
0, 196, 0, 38, 0, 10
CNF-SAT-VC: 1,2,3
APPROX-VC-1: 1,2,3
APPROX-VC-2: 1,2,3,5
0, 202, 0, 59, 0, 53
CNF-SAT-VC: 1,2,3
APPROX-VC-1: 1,2,3
APPROX-VC-2: 1,2,3,5
0, 202, 0, 60, 0, 53
CNF-SAT-VC: 1,2,3
APPROX-VC-1: 1,2,3
APPROX-VC-2: 1,2,4,5
0, 235, 0, 53, 0, 46
CNF-SAT-VC: 1,2,3
APPROX-VC-1: 1,2,3
APPROX-VC-2: 1,2,4,5
0, 200, 0, 50, 0, 42
CNF-SAT-VC: 1,2,3
APPROX-VC-1: 1,2,3
APPROX-VC-2: 1,2,4,5
0, 199, 0, 46, 0, 10
CNF-SAT-VC: 1,2,3
APPROX-VC-1: 1,2,3
APPROX-VC-2: 1,2,4,5
0, 197, 0, 58, 0, 53
CNF-SAT-VC: 1,2,3
APPROX-VC-1: 1,2,3
APPROX-VC-2: 1,2,4,5
0, 201, 0, 53, 0, 48
CNF-SAT-VC: 1,2,3
APPROX-VC-1: 1,2,3
APPROX-VC-2: 1,2,4,5
0, 186, 0, 44, 0, 9
CNF-SAT-VC: 1,2,3
APPROX-VC-1: 1,2,3
APPROX-VC-2: 1,2,4,5
0, 197, 0, 53, 0, 45
CNF-SAT-VC: 1,2,3
APPROX-VC-1: 1,2,3
APPROX-VC-2: 1,2,4,5
0, 198, 0, 53, 0, 49
CNF-SAT-VC: 1,2,3
APPROX-VC-1: 1,2,3
APPROX-VC-2: 1,2,4,5
0, 234, 0, 48, 0, 45
CNF-SAT-VC: 1,2,3
APPROX-VC-1: 1,2,3
APPROX-VC-2: 1,2,4,5
0, 200, 0, 10, 0, 43
CNF-SAT-VC: 1,2
APPROX-VC-1: 1,2
APPROX-VC-2: 1,2
0, 181, 0, 10, 0, 36
CNF-SAT-VC: 1,2
APPROX-VC-1: 1,2
APPROX-VC-2: 1,2
0, 177, 0, 55, 0, 50
CNF-SAT-VC: 1,2
APPROX-VC-1: 1,2
APPROX-VC-2: 1,2
0, 182, 0, 46, 0, 43
CNF-SAT-VC: 1,2
APPROX-VC-1: 1,2
APPROX-VC-2: 1,2
0, 180, 0, 9, 0, 42
CNF-SAT-VC: 1,2
APPROX-VC-1: 1,2
APPROX-VC-2: 1,2
0, 148, 0, 36, 0, 48
CNF-SAT-VC: 1,2
APPROX-VC-1: 1,2
APPROX-VC-2: 1,2
0, 181, 0, 53, 0, 47
CNF-SAT-VC: 1,2
APPROX-VC-1: 1,2
APPROX-VC-2: 1,2
0, 182, 0, 46, 0, 44
CNF-SAT-VC: 1,2
APPROX-VC-1: 1,2
APPROX-VC-2: 1,2
0, 183, 0, 47, 0, 45
CNF-SAT-VC: 1,2
APPROX-VC-1: 1,2
APPROX-VC-2: 1,2
0, 181, 0, 52, 0, 49
CNF-SAT-VC: 1,2
APPROX-VC-1: 1,2
APPROX-VC-2: 1,2
0, 183, 0, 49, 0, 47
CNF-SAT-VC: 1,2
APPROX-VC-1: 1,2
APPROX-VC-2: 1,2,3,5
0, 186, 0, 9, 0, 42
CNF-SAT-VC: 1,2
APPROX-VC-1: 1,2
APPROX-VC-2: 1,2,3,5
0, 181, 0, 9, 0, 40
CNF-SAT-VC: 1,2
APPROX-VC-1: 1,2
APPROX-VC-2: 1,2,3,5
0, 181, 0, 46, 0, 45
CNF-SAT-VC: 1,2
APPROX-VC-1: 1,2
APPROX-VC-2: 1,2,3,5
0, 180, 0, 9, 0, 39
CNF-SAT-VC: 1,2
APPROX-VC-1: 1,2
APPROX-VC-2: 1,2,3,5
0, 181, 0, 8, 0, 42
CNF-SAT-VC: 1,2
APPROX-VC-1: 1,2
APPROX-VC-2: 1,2,3,5
0, 183, 0, 49, 0, 48
CNF-SAT-VC: 1,2
APPROX-VC-1: 1,2
APPROX-VC-2: 1,2,3,5
0, 181, 0, 46, 0, 44
CNF-SAT-VC: 1,2
APPROX-VC-1: 1,2
APPROX-VC-2: 1,2,3,5
0, 181, 0, 47, 0, 46
CNF-SAT-VC: 1,2
APPROX-VC-1: 1,2
APPROX-VC-2: 1,2,3,5
0, 181, 0, 8, 0, 41
CNF-SAT-VC: 1,2
APPROX-VC-1: 1,2
APPROX-VC-2: 1,2,3,5
0, 182, 0, 48, 0, 48
CNF-SAT-VC: 1,2,3
APPROX-VC-1: 1,2,3
APPROX-VC-2: 1,2,3,5
0, 196, 0, 22, 0, 23
CNF-SAT-VC: 1,2,3
APPROX-VC-1: 1,2,3
APPROX-VC-2: 1,2,3,5
0, 200, 0, 47, 0, 45
CNF-SAT-VC: 1,2,3
APPROX-VC-1: 1,2,3
APPROX-VC-2: 1,2,3,5
0, 199, 0, 9, 0, 42
CNF-SAT-VC: 1,2,3
APPROX-VC-1: 1,2,3
APPROX-VC-2: 1,2,3,5
0, 199, 0, 49, 0, 48
CNF-SAT-VC: 1,2,3
APPROX-VC-1: 1,2,3
APPROX-VC-2: 1,2,3,5
0, 204, 0, 52, 0, 51
CNF-SAT-VC: 1,2,3
APPROX-VC-1: 1,2,3
APPROX-VC-2: 1,2,3,5
0, 198, 0, 9, 0, 42
CNF-SAT-VC: 1,2,3
APPROX-VC-1: 1,2,3
APPROX-VC-2: 1,2,3,5
0, 200, 0, 50, 0, 48
CNF-SAT-VC: 1,2,3
APPROX-VC-1: 1,2,3
APPROX-VC-2: 1,2,3,5
0, 198, 0, 50, 0, 48
CNF-SAT-VC: 1,2,3
APPROX-VC-1: 1,2,3
APPROX-VC-2: 1,2,3,5
0, 194, 0, 56, 0, 51
CNF-SAT-VC: 1,2,3
APPROX-VC-1: 1,2,3
APPROX-VC-2: 1,2,3,5
0, 200, 0, 60, 0, 53
CNF-SAT-VC: 1,2,3
APPROX-VC-1: 1,2,3
APPROX-VC-2: 1,2,4,5
0, 235, 0, 56, 0, 49
CNF-SAT-VC: 1,2,3
APPROX-VC-1: 1,2,3
APPROX-VC-2: 1,2,4,5
0, 230, 0, 49, 0, 44
CNF-SAT-VC: 1,2,3
APPROX-VC-1: 1,2,3
APPROX-VC-2: 1,2,4,5
0, 203, 0, 51, 0, 44
CNF-SAT-VC: 1,2,3
APPROX-VC-1: 1,2,3
APPROX-VC-2: 1,2,4,5
0, 230, 0, 46, 0, 43
CNF-SAT-VC: 1,2,3
APPROX-VC-1: 1,2,3
APPROX-VC-2: 1,2,4,5
0, 202, 0, 53, 0, 46
CNF-SAT-VC: 1,2,3
APPROX-VC-1: 1,2,3
APPROX-VC-2: 1,2,4,5
0, 207, 0, 55, 0, 50
CNF-SAT-VC: 1,2,3
APPROX-VC-1: 1,2,3
APPROX-VC-2: 1,2,4,5
0, 253, 0, 57, 0, 53
CNF-SAT-VC: 1,2,3
APPROX-VC-1: 1,2,3
APPROX-VC-2: 1,2,4,5
0, 202, 0, 61, 0, 54
CNF-SAT-VC: 1,2,3
APPROX-VC-1: 1,2,3
APPROX-VC-2: 1,2,4,5
0, 201, 0, 52, 0, 9
CNF-SAT-VC: 1,2,3
APPROX-VC-1: 1,2,3
APPROX-VC-2: 1,2,4,5
0, 206, 0, 55, 0, 47
CNF-SAT-VC: 1,2
APPROX-VC-1: 1,2
APPROX-VC-2: 1,2,3,4
0, 183, 0, 54, 0, 50
CNF-SAT-VC: 1,2
APPROX-VC-1: 1,2
APPROX-VC-2: 1,2,3,4
0, 209, 0, 51, 0, 49
CNF-SAT-VC: 1,2
APPROX-VC-1: 1,2
APPROX-VC-2: 1,2,3,4
0, 181, 0, 52, 0, 49
CNF-SAT-VC: 1,2
APPROX-VC-1: 1,2
APPROX-VC-2: 1,2,3,4
0, 183, 0, 53, 0, 49
CNF-SAT-VC: 1,2
APPROX-VC-1: 1,2
APPROX-VC-2: 1,2,3,4
0, 181, 0, 54, 0, 51
CNF-SAT-VC: 1,2
APPROX-VC-1: 1,2
APPROX-VC-2: 1,2,3,4
0, 186, 0, 55, 0, 50
CNF-SAT-VC: 1,2
APPROX-VC-1: 1,2
APPROX-VC-2: 1,2,3,4
0, 209, 0, 52, 0, 51
CNF-SAT-VC: 1,2
APPROX-VC-1: 1,2
APPROX-VC-2: 1,2,3,4
0, 196, 0, 45, 0, 54
CNF-SAT-VC: 1,2
APPROX-VC-1: 1,2
APPROX-VC-2: 1,2,3,4
0, 183, 0, 58, 0, 52
CNF-SAT-VC: 1,2
APPROX-VC-1: 1,2
APPROX-VC-2: 1,2,3,4
0, 213, 0, 54, 0, 53
CNF-SAT-VC: 1,2
APPROX-VC-1: 1,2
APPROX-VC-2: 1,2,3,5
0, 210, 0, 54, 0, 48
CNF-SAT-VC: 1,2
APPROX-VC-1: 1,2
APPROX-VC-2: 1,2,3,5
0, 253, 0, 41, 0, 30
CNF-SAT-VC: 1,2
APPROX-VC-1: 1,2
APPROX-VC-2: 1,2,3,5
0, 182, 0, 10, 0, 42
CNF-SAT-VC: 1,2
APPROX-VC-1: 1,2
APPROX-VC-2: 1,2,3,5
0, 181, 0, 60, 0, 52
CNF-SAT-VC: 1,2
APPROX-VC-1: 1,2
APPROX-VC-2: 1,2,3,5
0, 185, 0, 58, 0, 54
CNF-SAT-VC: 1,2
APPROX-VC-1: 1,2
APPROX-VC-2: 1,2,3,5
0, 166, 0, 22, 0, 12
CNF-SAT-VC: 1,2
APPROX-VC-1: 1,2
APPROX-VC-2: 1,2,3,5
0, 180, 0, 50, 0, 9
CNF-SAT-VC: 1,2
APPROX-VC-1: 1,2
APPROX-VC-2: 1,2,3,5
0, 208, 0, 52, 0, 50
CNF-SAT-VC: 1,2
APPROX-VC-1: 1,2
APPROX-VC-2: 1,2,3,5
0, 181, 0, 54, 0, 46
CNF-SAT-VC: 1,2
APPROX-VC-1: 1,2
APPROX-VC-2: 1,2,3,5
0, 180, 0, 56, 0, 53
