CNF-SAT-VC: timeout
APPROX-VC-1: 1,2,3,4,6,8,12,13,14,15,16,19,20,21,22,23,26,30,32,34,37,39,40,45,46,48
APPROX-VC-2: 1,2,3,4,5,6,7,8,11,12,13,14,15,16,17,18,19,20,21,22,23,24,25,26,27,29,30,31,32,33,34,36,37,39,40,42,44,45,46,48,49,50
300, 0, 0, 277, 0, 263
CNF-SAT-VC: timeout
APPROX-VC-1: 1,2,3,4,6,8,12,13,14,15,16,19,20,21,22,23,26,30,32,34,37,39,40,45,46,48
APPROX-VC-2: 1,2,3,4,5,6,7,8,11,12,13,14,15,16,17,18,19,20,21,22,23,24,25,26,27,29,30,31,32,33,34,36,37,39,40,42,44,45,46,48,49,50
300, 0, 0, 197, 0, 210
CNF-SAT-VC: timeout
APPROX-VC-1: 1,2,3,4,6,8,12,13,14,15,16,19,20,21,22,23,26,30,32,34,37,39,40,45,46,48
APPROX-VC-2: 1,2,3,4,5,6,7,8,11,12,13,14,15,16,17,18,19,20,21,22,23,24,25,26,27,29,30,31,32,33,34,36,37,39,40,42,44,45,46,48,49,50
300, 0, 0, 190, 0, 219
CNF-SAT-VC: timeout
APPROX-VC-1: 1,2,3,4,6,8,12,13,14,15,16,19,20,21,22,23,26,30,32,34,37,39,40,45,46,48
APPROX-VC-2: 1,2,3,4,5,6,7,8,11,12,13,14,15,16,17,18,19,20,21,22,23,24,25,26,27,29,30,31,32,33,34,36,37,39,40,42,44,45,46,48,49,50
300, 0, 0, 111, 0, 92
CNF-SAT-VC: timeout
APPROX-VC-1: 1,2,3,4,6,8,12,13,14,15,16,19,20,21,22,23,26,30,32,34,37,39,40,45,46,48
APPROX-VC-2: 1,2,3,4,5,6,7,8,11,12,13,14,15,16,17,18,19,20,21,22,23,24,25,26,27,29,30,31,32,33,34,36,37,39,40,42,44,45,46,48,49,50
300, 0, 0, 101, 0, 77
CNF-SAT-VC: timeout
APPROX-VC-1: 1,2,3,4,6,8,12,13,14,15,16,19,20,21,22,23,26,30,32,34,37,39,40,45,46,48
APPROX-VC-2: 1,2,3,4,5,6,7,8,11,12,13,14,15,16,17,18,19,20,21,22,23,24,25,26,27,29,30,31,32,33,34,36,37,39,40,42,44,45,46,48,49,50
300, 0, 0, 66, 0, 67
CNF-SAT-VC: timeout
APPROX-VC-1: 1,2,3,4,6,8,12,13,14,15,16,19,20,21,22,23,26,30,32,34,37,39,40,45,46,48
APPROX-VC-2: 1,2,3,4,5,6,7,8,11,12,13,14,15,16,17,18,19,20,21,22,23,24,25,26,27,29,30,31,32,33,34,36,37,39,40,42,44,45,46,48,49,50
300, 0, 0, 97, 0, 88
CNF-SAT-VC: timeout
APPROX-VC-1: 1,2,3,4,6,8,12,13,14,15,16,19,20,21,22,23,26,30,32,34,37,39,40,45,46,48
APPROX-VC-2: 1,2,3,4,5,6,7,8,11,12,13,14,15,16,17,18,19,20,21,22,23,24,25,26,27,29,30,31,32,33,34,36,37,39,40,42,44,45,46,48,49,50
300, 0, 0, 43, 0, 65
CNF-SAT-VC: timeout
APPROX-VC-1: 1,2,3,4,6,8,12,13,14,15,16,19,20,21,22,23,26,30,32,34,37,39,40,45,46,48
APPROX-VC-2: 1,2,3,4,5,6,7,8,11,12,13,14,15,16,17,18,19,20,21,22,23,24,25,26,27,29,30,31,32,33,34,36,37,39,40,42,44,45,46,48,49,50
300, 0, 0, 87, 0, 80
CNF-SAT-VC: timeout
APPROX-VC-1: 1,2,3,4,6,8,12,13,14,15,16,19,20,21,22,23,26,30,32,34,37,39,40,45,46,48
APPROX-VC-2: 1,2,3,4,5,6,7,8,11,12,13,14,15,16,17,18,19,20,21,22,23,24,25,26,27,29,30,31,32,33,34,36,37,39,40,42,44,45,46,48,49,50
300, 0, 0, 73, 0, 44
CNF-SAT-VC: timeout
APPROX-VC-1: 1,2,3,4,5,6,7,8,10,12,13,17,18,24,25,26,28,29,30,33,34,38,39
APPROX-VC-2: 1,2,3,4,5,6,7,8,9,10,11,12,13,14,15,17,18,19,23,24,25,26,27,28,29,30,32,33,34,38,39,41,43,45,48,50
300, 0, 0, 76, 0, 42
CNF-SAT-VC: timeout
APPROX-VC-1: 1,2,3,4,5,6,7,8,10,12,13,17,18,24,25,26,28,29,30,33,34,38,39
APPROX-VC-2: 1,2,3,4,5,6,7,8,9,10,11,12,13,14,15,17,18,19,23,24,25,26,27,28,29,30,32,33,34,38,39,41,43,45,48,50
300, 0, 0, 93, 0, 86
CNF-SAT-VC: timeout
APPROX-VC-1: 1,2,3,4,5,6,7,8,10,12,13,17,18,24,25,26,28,29,30,33,34,38,39
APPROX-VC-2: 1,2,3,4,5,6,7,8,9,10,11,12,13,14,15,17,18,19,23,24,25,26,27,28,29,30,32,33,34,38,39,41,43,45,48,50
300, 0, 0, 96, 0, 92
CNF-SAT-VC: timeout
APPROX-VC-1: 1,2,3,4,5,6,7,8,10,12,13,17,18,24,25,26,28,29,30,33,34,38,39
APPROX-VC-2: 1,2,3,4,5,6,7,8,9,10,11,12,13,14,15,17,18,19,23,24,25,26,27,28,29,30,32,33,34,38,39,41,43,45,48,50
300, 0, 0, 67, 0, 42
CNF-SAT-VC: timeout
APPROX-VC-1: 1,2,3,4,5,6,7,8,10,12,13,17,18,24,25,26,28,29,30,33,34,38,39
APPROX-VC-2: 1,2,3,4,5,6,7,8,9,10,11,12,13,14,15,17,18,19,23,24,25,26,27,28,29,30,32,33,34,38,39,41,43,45,48,50
300, 0, 0, 76, 0, 42
CNF-SAT-VC: timeout
APPROX-VC-1: 1,2,3,4,5,6,7,8,10,12,13,17,18,24,25,26,28,29,30,33,34,38,39
APPROX-VC-2: 1,2,3,4,5,6,7,8,9,10,11,12,13,14,15,17,18,19,23,24,25,26,27,28,29,30,32,33,34,38,39,41,43,45,48,50
300, 0, 0, 90, 0, 82
CNF-SAT-VC: timeout
APPROX-VC-1: 1,2,3,4,5,6,7,8,10,12,13,17,18,24,25,26,28,29,30,33,34,38,39
APPROX-VC-2: 1,2,3,4,5,6,7,8,9,10,11,12,13,14,15,17,18,19,23,24,25,26,27,28,29,30,32,33,34,38,39,41,43,45,48,50
300, 0, 0, 66, 0, 36
CNF-SAT-VC: timeout
APPROX-VC-1: 1,2,3,4,5,6,7,8,10,12,13,17,18,24,25,26,28,29,30,33,34,38,39
APPROX-VC-2: 1,2,3,4,5,6,7,8,9,10,11,12,13,14,15,17,18,19,23,24,25,26,27,28,29,30,32,33,34,38,39,41,43,45,48,50
300, 0, 0, 74, 0, 37
CNF-SAT-VC: timeout
APPROX-VC-1: 1,2,3,4,5,6,7,8,10,12,13,17,18,24,25,26,28,29,30,33,34,38,39
APPROX-VC-2: 1,2,3,4,5,6,7,8,9,10,11,12,13,14,15,17,18,19,23,24,25,26,27,28,29,30,32,33,34,38,39,41,43,45,48,50
300, 0, 0, 74, 0, 70
CNF-SAT-VC: timeout
APPROX-VC-1: 1,2,3,4,5,6,7,8,10,12,13,17,18,24,25,26,28,29,30,33,34,38,39
APPROX-VC-2: 1,2,3,4,5,6,7,8,9,10,11,12,13,14,15,17,18,19,23,24,25,26,27,28,29,30,32,33,34,38,39,41,43,45,48,50
300, 0, 0, 68, 0, 32
CNF-SAT-VC: timeout
APPROX-VC-1: 2,6,7,8,10,11,12,14,15,16,17,18,20,21,22,27,28,31,32,33,36,40,44,48,49
APPROX-VC-2: 1,2,3,4,5,6,7,8,9,10,11,12,13,14,15,16,17,18,20,21,22,23,24,25,26,28,29,31,32,33,34,36,39,40,42,44,45,47,48,49
300, 0, 0, 77, 0, 74
CNF-SAT-VC: timeout
APPROX-VC-1: 2,6,7,8,10,11,12,14,15,16,17,18,20,21,22,27,28,31,32,33,36,40,44,48,49
APPROX-VC-2: 1,2,3,4,5,6,7,8,9,10,11,12,13,14,15,16,17,18,20,21,22,23,24,25,26,28,29,31,32,33,34,36,39,40,42,44,45,47,48,49
300, 0, 0, 64, 0, 30
CNF-SAT-VC: timeout
APPROX-VC-1: 2,6,7,8,10,11,12,14,15,16,17,18,20,21,22,27,28,31,32,33,36,40,44,48,49
APPROX-VC-2: 1,2,3,4,5,6,7,8,9,10,11,12,13,14,15,16,17,18,20,21,22,23,24,25,26,28,29,31,32,33,34,36,39,40,42,44,45,47,48,49
300, 0, 0, 60, 0, 31
CNF-SAT-VC: timeout
APPROX-VC-1: 2,6,7,8,10,11,12,14,15,16,17,18,20,21,22,27,28,31,32,33,36,40,44,48,49
APPROX-VC-2: 1,2,3,4,5,6,7,8,9,10,11,12,13,14,15,16,17,18,20,21,22,23,24,25,26,28,29,31,32,33,34,36,39,40,42,44,45,47,48,49
300, 0, 0, 67, 0, 31
CNF-SAT-VC: timeout
APPROX-VC-1: 2,6,7,8,10,11,12,14,15,16,17,18,20,21,22,27,28,31,32,33,36,40,44,48,49
APPROX-VC-2: 1,2,3,4,5,6,7,8,9,10,11,12,13,14,15,16,17,18,20,21,22,23,24,25,26,28,29,31,32,33,34,36,39,40,42,44,45,47,48,49
300, 0, 0, 95, 0, 92
CNF-SAT-VC: timeout
APPROX-VC-1: 2,6,7,8,10,11,12,14,15,16,17,18,20,21,22,27,28,31,32,33,36,40,44,48,49
APPROX-VC-2: 1,2,3,4,5,6,7,8,9,10,11,12,13,14,15,16,17,18,20,21,22,23,24,25,26,28,29,31,32,33,34,36,39,40,42,44,45,47,48,49
300, 0, 0, 74, 0, 71
CNF-SAT-VC: timeout
APPROX-VC-1: 2,6,7,8,10,11,12,14,15,16,17,18,20,21,22,27,28,31,32,33,36,40,44,48,49
APPROX-VC-2: 1,2,3,4,5,6,7,8,9,10,11,12,13,14,15,16,17,18,20,21,22,23,24,25,26,28,29,31,32,33,34,36,39,40,42,44,45,47,48,49
300, 0, 0, 70, 0, 67
CNF-SAT-VC: timeout
APPROX-VC-1: 2,6,7,8,10,11,12,14,15,16,17,18,20,21,22,27,28,31,32,33,36,40,44,48,49
APPROX-VC-2: 1,2,3,4,5,6,7,8,9,10,11,12,13,14,15,16,17,18,20,21,22,23,24,25,26,28,29,31,32,33,34,36,39,40,42,44,45,47,48,49
300, 0, 0, 28, 0, 67
CNF-SAT-VC: timeout
APPROX-VC-1: 2,6,7,8,10,11,12,14,15,16,17,18,20,21,22,27,28,31,32,33,36,40,44,48,49
APPROX-VC-2: 1,2,3,4,5,6,7,8,9,10,11,12,13,14,15,16,17,18,20,21,22,23,24,25,26,28,29,31,32,33,34,36,39,40,42,44,45,47,48,49
300, 0, 0, 27, 0, 69
CNF-SAT-VC: timeout
APPROX-VC-1: 2,6,7,8,10,11,12,14,15,16,17,18,20,21,22,27,28,31,32,33,36,40,44,48,49
APPROX-VC-2: 1,2,3,4,5,6,7,8,9,10,11,12,13,14,15,16,17,18,20,21,22,23,24,25,26,28,29,31,32,33,34,36,39,40,42,44,45,47,48,49
300, 0, 0, 81, 0, 77
CNF-SAT-VC: timeout
APPROX-VC-1: 1,2,3,4,5,7,8,17,19,20,21,23,25,26,27,29,30,35,36,38,42,44,50
APPROX-VC-2: 1,2,3,4,5,7,8,10,11,12,13,14,16,17,18,19,20,21,23,24,25,26,27,29,30,31,33,35,36,37,38,39,40,41,42,44,45,46,48,50
300, 0, 0, 74, 0, 69
CNF-SAT-VC: timeout
APPROX-VC-1: 1,2,3,4,5,7,8,17,19,20,21,23,25,26,27,29,30,35,36,38,42,44,50
APPROX-VC-2: 1,2,3,4,5,7,8,10,11,12,13,14,16,17,18,19,20,21,23,24,25,26,27,29,30,31,33,35,36,37,38,39,40,41,42,44,45,46,48,50
300, 0, 0, 78, 0, 79
CNF-SAT-VC: timeout
APPROX-VC-1: 1,2,3,4,5,7,8,17,19,20,21,23,25,26,27,29,30,35,36,38,42,44,50
APPROX-VC-2: 1,2,3,4,5,7,8,10,11,12,13,14,16,17,18,19,20,21,23,24,25,26,27,29,30,31,33,35,36,37,38,39,40,41,42,44,45,46,48,50
300, 0, 0, 76, 0, 74
CNF-SAT-VC: timeout
APPROX-VC-1: 1,2,3,4,5,7,8,17,19,20,21,23,25,26,27,29,30,35,36,38,42,44,50
APPROX-VC-2: 1,2,3,4,5,7,8,10,11,12,13,14,16,17,18,19,20,21,23,24,25,26,27,29,30,31,33,35,36,37,38,39,40,41,42,44,45,46,48,50
300, 0, 0, 30, 0, 62
CNF-SAT-VC: timeout
APPROX-VC-1: 1,2,3,4,5,7,8,17,19,20,21,23,25,26,27,29,30,35,36,38,42,44,50
APPROX-VC-2: 1,2,3,4,5,7,8,10,11,12,13,14,16,17,18,19,20,21,23,24,25,26,27,29,30,31,33,35,36,37,38,39,40,41,42,44,45,46,48,50
300, 0, 0, 76, 0, 74
CNF-SAT-VC: timeout
APPROX-VC-1: 1,2,3,4,5,7,8,17,19,20,21,23,25,26,27,29,30,35,36,38,42,44,50
APPROX-VC-2: 1,2,3,4,5,7,8,10,11,12,13,14,16,17,18,19,20,21,23,24,25,26,27,29,30,31,33,35,36,37,38,39,40,41,42,44,45,46,48,50
300, 0, 0, 29, 0, 65
CNF-SAT-VC: timeout
APPROX-VC-1: 1,2,3,4,5,7,8,17,19,20,21,23,25,26,27,29,30,35,36,38,42,44,50
APPROX-VC-2: 1,2,3,4,5,7,8,10,11,12,13,14,16,17,18,19,20,21,23,24,25,26,27,29,30,31,33,35,36,37,38,39,40,41,42,44,45,46,48,50
300, 0, 0, 33, 0, 61
CNF-SAT-VC: timeout
APPROX-VC-1: 1,2,3,4,5,7,8,17,19,20,21,23,25,26,27,29,30,35,36,38,42,44,50
APPROX-VC-2: 1,2,3,4,5,7,8,10,11,12,13,14,16,17,18,19,20,21,23,24,25,26,27,29,30,31,33,35,36,37,38,39,40,41,42,44,45,46,48,50
300, 0, 0, 82, 0, 76
CNF-SAT-VC: timeout
APPROX-VC-1: 1,2,3,4,5,7,8,17,19,20,21,23,25,26,27,29,30,35,36,38,42,44,50
APPROX-VC-2: 1,2,3,4,5,7,8,10,11,12,13,14,16,17,18,19,20,21,23,24,25,26,27,29,30,31,33,35,36,37,38,39,40,41,42,44,45,46,48,50
300, 0, 0, 80, 0, 78
CNF-SAT-VC: timeout
APPROX-VC-1: 1,2,3,4,5,7,8,17,19,20,21,23,25,26,27,29,30,35,36,38,42,44,50
APPROX-VC-2: 1,2,3,4,5,7,8,10,11,12,13,14,16,17,18,19,20,21,23,24,25,26,27,29,30,31,33,35,36,37,38,39,40,41,42,44,45,46,48,50
300, 0, 0, 78, 0, 74
CNF-SAT-VC: timeout
APPROX-VC-1: 1,2,3,5,7,9,10,11,12,16,17,19,20,22,24,28,29,30,31,32,37,40,41,44,45
APPROX-VC-2: 1,2,3,4,5,6,7,9,10,11,12,13,14,15,16,17,19,20,21,22,23,24,25,26,27,28,29,31,32,33,35,37,38,39,40,41,42,43,44,45,46,49
300, 0, 0, 30, 0, 62
CNF-SAT-VC: timeout
APPROX-VC-1: 1,2,3,5,7,9,10,11,12,16,17,19,20,22,24,28,29,30,31,32,37,40,41,44,45
APPROX-VC-2: 1,2,3,4,5,6,7,9,10,11,12,13,14,15,16,17,19,20,21,22,23,24,25,26,27,28,29,31,32,33,35,37,38,39,40,41,42,43,44,45,46,49
300, 0, 0, 63, 0, 32
CNF-SAT-VC: timeout
APPROX-VC-1: 1,2,3,5,7,9,10,11,12,16,17,19,20,22,24,28,29,30,31,32,37,40,41,44,45
APPROX-VC-2: 1,2,3,4,5,6,7,9,10,11,12,13,14,15,16,17,19,20,21,22,23,24,25,26,27,28,29,31,32,33,35,37,38,39,40,41,42,43,44,45,46,49
300, 0, 0, 80, 0, 76
CNF-SAT-VC: timeout
APPROX-VC-1: 1,2,3,5,7,9,10,11,12,16,17,19,20,22,24,28,29,30,31,32,37,40,41,44,45
APPROX-VC-2: 1,2,3,4,5,6,7,9,10,11,12,13,14,15,16,17,19,20,21,22,23,24,25,26,27,28,29,31,32,33,35,37,38,39,40,41,42,43,44,45,46,49
300, 0, 0, 58, 0, 29
CNF-SAT-VC: timeout
APPROX-VC-1: 1,2,3,5,7,9,10,11,12,16,17,19,20,22,24,28,29,30,31,32,37,40,41,44,45
APPROX-VC-2: 1,2,3,4,5,6,7,9,10,11,12,13,14,15,16,17,19,20,21,22,23,24,25,26,27,28,29,31,32,33,35,37,38,39,40,41,42,43,44,45,46,49
300, 0, 0, 78, 0, 75
CNF-SAT-VC: timeout
APPROX-VC-1: 1,2,3,5,7,9,10,11,12,16,17,19,20,22,24,28,29,30,31,32,37,40,41,44,45
APPROX-VC-2: 1,2,3,4,5,6,7,9,10,11,12,13,14,15,16,17,19,20,21,22,23,24,25,26,27,28,29,31,32,33,35,37,38,39,40,41,42,43,44,45,46,49
300, 0, 0, 81, 0, 56
CNF-SAT-VC: timeout
APPROX-VC-1: 1,2,3,5,7,9,10,11,12,16,17,19,20,22,24,28,29,30,31,32,37,40,41,44,45
APPROX-VC-2: 1,2,3,4,5,6,7,9,10,11,12,13,14,15,16,17,19,20,21,22,23,24,25,26,27,28,29,31,32,33,35,37,38,39,40,41,42,43,44,45,46,49
300, 0, 0, 92, 0, 88
CNF-SAT-VC: timeout
APPROX-VC-1: 1,2,3,5,7,9,10,11,12,16,17,19,20,22,24,28,29,30,31,32,37,40,41,44,45
APPROX-VC-2: 1,2,3,4,5,6,7,9,10,11,12,13,14,15,16,17,19,20,21,22,23,24,25,26,27,28,29,31,32,33,35,37,38,39,40,41,42,43,44,45,46,49
300, 0, 0, 30, 0, 66
CNF-SAT-VC: timeout
APPROX-VC-1: 1,2,3,5,7,9,10,11,12,16,17,19,20,22,24,28,29,30,31,32,37,40,41,44,45
APPROX-VC-2: 1,2,3,4,5,6,7,9,10,11,12,13,14,15,16,17,19,20,21,22,23,24,25,26,27,28,29,31,32,33,35,37,38,39,40,41,42,43,44,45,46,49
300, 0, 0, 29, 0, 94
CNF-SAT-VC: timeout
APPROX-VC-1: 1,2,3,5,7,9,10,11,12,16,17,19,20,22,24,28,29,30,31,32,37,40,41,44,45
APPROX-VC-2: 1,2,3,4,5,6,7,9,10,11,12,13,14,15,16,17,19,20,21,22,23,24,25,26,27,28,29,31,32,33,35,37,38,39,40,41,42,43,44,45,46,49
300, 0, 0, 29, 0, 59
CNF-SAT-VC: timeout
APPROX-VC-1: 1,2,3,5,6,7,9,10,11,12,13,14,15,16,17,18,19,20,21,24,26,27,28,30,32,39
APPROX-VC-2: 1,2,3,4,5,6,7,8,9,10,11,12,13,14,15,16,17,18,19,20,21,22,23,24,27,28,29,30,31,32,34,35,37,39,40,42,43,44
300, 0, 0, 89, 0, 84
CNF-SAT-VC: timeout
APPROX-VC-1: 1,2,3,5,6,7,9,10,11,12,13,14,15,16,17,18,19,20,21,24,26,27,28,30,32,39
APPROX-VC-2: 1,2,3,4,5,6,7,8,9,10,11,12,13,14,15,16,17,18,19,20,21,22,23,24,27,28,29,30,31,32,34,35,37,39,40,42,43,44
300, 0, 0, 62, 0, 27
CNF-SAT-VC: timeout
APPROX-VC-1: 1,2,3,5,6,7,9,10,11,12,13,14,15,16,17,18,19,20,21,24,26,27,28,30,32,39
APPROX-VC-2: 1,2,3,4,5,6,7,8,9,10,11,12,13,14,15,16,17,18,19,20,21,22,23,24,27,28,29,30,31,32,34,35,37,39,40,42,43,44
300, 0, 0, 84, 0, 76
CNF-SAT-VC: timeout
APPROX-VC-1: 1,2,3,5,6,7,9,10,11,12,13,14,15,16,17,18,19,20,21,24,26,27,28,30,32,39
APPROX-VC-2: 1,2,3,4,5,6,7,8,9,10,11,12,13,14,15,16,17,18,19,20,21,22,23,24,27,28,29,30,31,32,34,35,37,39,40,42,43,44
300, 0, 0, 29, 0, 62
CNF-SAT-VC: timeout
APPROX-VC-1: 1,2,3,5,6,7,9,10,11,12,13,14,15,16,17,18,19,20,21,24,26,27,28,30,32,39
APPROX-VC-2: 1,2,3,4,5,6,7,8,9,10,11,12,13,14,15,16,17,18,19,20,21,22,23,24,27,28,29,30,31,32,34,35,37,39,40,42,43,44
300, 0, 0, 82, 0, 75
CNF-SAT-VC: timeout
APPROX-VC-1: 1,2,3,5,6,7,9,10,11,12,13,14,15,16,17,18,19,20,21,24,26,27,28,30,32,39
APPROX-VC-2: 1,2,3,4,5,6,7,8,9,10,11,12,13,14,15,16,17,18,19,20,21,22,23,24,27,28,29,30,31,32,34,35,37,39,40,42,43,44
300, 0, 0, 29, 0, 58
CNF-SAT-VC: timeout
APPROX-VC-1: 1,2,3,5,6,7,9,10,11,12,13,14,15,16,17,18,19,20,21,24,26,27,28,30,32,39
APPROX-VC-2: 1,2,3,4,5,6,7,8,9,10,11,12,13,14,15,16,17,18,19,20,21,22,23,24,27,28,29,30,31,32,34,35,37,39,40,42,43,44
300, 0, 0, 83, 0, 75
CNF-SAT-VC: timeout
APPROX-VC-1: 1,2,3,5,6,7,9,10,11,12,13,14,15,16,17,18,19,20,21,24,26,27,28,30,32,39
APPROX-VC-2: 1,2,3,4,5,6,7,8,9,10,11,12,13,14,15,16,17,18,19,20,21,22,23,24,27,28,29,30,31,32,34,35,37,39,40,42,43,44
300, 0, 0, 57, 0, 27
CNF-SAT-VC: timeout
APPROX-VC-1: 1,2,3,5,6,7,9,10,11,12,13,14,15,16,17,18,19,20,21,24,26,27,28,30,32,39
APPROX-VC-2: 1,2,3,4,5,6,7,8,9,10,11,12,13,14,15,16,17,18,19,20,21,22,23,24,27,28,29,30,31,32,34,35,37,39,40,42,43,44
300, 0, 0, 72, 0, 67
CNF-SAT-VC: timeout
APPROX-VC-1: 1,2,3,5,6,7,9,10,11,12,13,14,15,16,17,18,19,20,21,24,26,27,28,30,32,39
APPROX-VC-2: 1,2,3,4,5,6,7,8,9,10,11,12,13,14,15,16,17,18,19,20,21,22,23,24,27,28,29,30,31,32,34,35,37,39,40,42,43,44
300, 0, 0, 75, 0, 69
CNF-SAT-VC: timeout
APPROX-VC-1: 2,3,4,7,12,13,14,16,17,19,20,21,22,23,24,26,27,31,33,36,38,40,43,49
APPROX-VC-2: 1,2,3,4,5,6,7,8,9,12,13,14,15,16,17,18,19,20,21,22,23,24,26,27,30,31,34,35,36,37,38,39,40,41,43,44,45,46,47,49
300, 0, 0, 80, 0, 76
CNF-SAT-VC: timeout
APPROX-VC-1: 2,3,4,7,12,13,14,16,17,19,20,21,22,23,24,26,27,31,33,36,38,40,43,49
APPROX-VC-2: 1,2,3,4,5,6,7,8,9,12,13,14,15,16,17,18,19,20,21,22,23,24,26,27,30,31,34,35,36,37,38,39,40,41,43,44,45,46,47,49
300, 0, 0, 62, 0, 28
CNF-SAT-VC: timeout
APPROX-VC-1: 2,3,4,7,12,13,14,16,17,19,20,21,22,23,24,26,27,31,33,36,38,40,43,49
APPROX-VC-2: 1,2,3,4,5,6,7,8,9,12,13,14,15,16,17,18,19,20,21,22,23,24,26,27,30,31,34,35,36,37,38,39,40,41,43,44,45,46,47,49
300, 0, 0, 80, 0, 76
CNF-SAT-VC: timeout
APPROX-VC-1: 2,3,4,7,12,13,14,16,17,19,20,21,22,23,24,26,27,31,33,36,38,40,43,49
APPROX-VC-2: 1,2,3,4,5,6,7,8,9,12,13,14,15,16,17,18,19,20,21,22,23,24,26,27,30,31,34,35,36,37,38,39,40,41,43,44,45,46,47,49
300, 0, 0, 78, 0, 75
CNF-SAT-VC: timeout
APPROX-VC-1: 2,3,4,7,12,13,14,16,17,19,20,21,22,23,24,26,27,31,33,36,38,40,43,49
APPROX-VC-2: 1,2,3,4,5,6,7,8,9,12,13,14,15,16,17,18,19,20,21,22,23,24,26,27,30,31,34,35,36,37,38,39,40,41,43,44,45,46,47,49
300, 0, 0, 76, 0, 74
CNF-SAT-VC: timeout
APPROX-VC-1: 2,3,4,7,12,13,14,16,17,19,20,21,22,23,24,26,27,31,33,36,38,40,43,49
APPROX-VC-2: 1,2,3,4,5,6,7,8,9,12,13,14,15,16,17,18,19,20,21,22,23,24,26,27,30,31,34,35,36,37,38,39,40,41,43,44,45,46,47,49
300, 0, 0, 58, 0, 28
CNF-SAT-VC: timeout
APPROX-VC-1: 2,3,4,7,12,13,14,16,17,19,20,21,22,23,24,26,27,31,33,36,38,40,43,49
APPROX-VC-2: 1,2,3,4,5,6,7,8,9,12,13,14,15,16,17,18,19,20,21,22,23,24,26,27,30,31,34,35,36,37,38,39,40,41,43,44,45,46,47,49
300, 0, 0, 80, 0, 79
CNF-SAT-VC: timeout
APPROX-VC-1: 2,3,4,7,12,13,14,16,17,19,20,21,22,23,24,26,27,31,33,36,38,40,43,49
APPROX-VC-2: 1,2,3,4,5,6,7,8,9,12,13,14,15,16,17,18,19,20,21,22,23,24,26,27,30,31,34,35,36,37,38,39,40,41,43,44,45,46,47,49
300, 0, 0, 59, 0, 28
CNF-SAT-VC: timeout
APPROX-VC-1: 2,3,4,7,12,13,14,16,17,19,20,21,22,23,24,26,27,31,33,36,38,40,43,49
APPROX-VC-2: 1,2,3,4,5,6,7,8,9,12,13,14,15,16,17,18,19,20,21,22,23,24,26,27,30,31,34,35,36,37,38,39,40,41,43,44,45,46,47,49
300, 0, 0, 80, 0, 76
CNF-SAT-VC: timeout
APPROX-VC-1: 2,3,4,7,12,13,14,16,17,19,20,21,22,23,24,26,27,31,33,36,38,40,43,49
APPROX-VC-2: 1,2,3,4,5,6,7,8,9,12,13,14,15,16,17,18,19,20,21,22,23,24,26,27,30,31,34,35,36,37,38,39,40,41,43,44,45,46,47,49
300, 0, 0, 29, 0, 67
CNF-SAT-VC: timeout
APPROX-VC-1: 4,5,6,7,8,10,11,16,21,22,23,24,27,28,29,30,32,33,35,36,38,41,43,46,48,49
APPROX-VC-2: 1,2,3,4,5,6,7,8,9,10,11,12,13,14,15,16,17,21,22,23,24,25,26,27,28,29,30,32,34,36,38,40,41,42,43,44,45,46,48,49
300, 0, 0, 81, 0, 74
CNF-SAT-VC: timeout
APPROX-VC-1: 4,5,6,7,8,10,11,16,21,22,23,24,27,28,29,30,32,33,35,36,38,41,43,46,48,49
APPROX-VC-2: 1,2,3,4,5,6,7,8,9,10,11,12,13,14,15,16,17,21,22,23,24,25,26,27,28,29,30,32,34,36,38,40,41,42,43,44,45,46,48,49
300, 0, 0, 79, 0, 77
CNF-SAT-VC: timeout
APPROX-VC-1: 4,5,6,7,8,10,11,16,21,22,23,24,27,28,29,30,32,33,35,36,38,41,43,46,48,49
APPROX-VC-2: 1,2,3,4,5,6,7,8,9,10,11,12,13,14,15,16,17,21,22,23,24,25,26,27,28,29,30,32,34,36,38,40,41,42,43,44,45,46,48,49
300, 0, 0, 79, 0, 75
CNF-SAT-VC: timeout
APPROX-VC-1: 4,5,6,7,8,10,11,16,21,22,23,24,27,28,29,30,32,33,35,36,38,41,43,46,48,49
APPROX-VC-2: 1,2,3,4,5,6,7,8,9,10,11,12,13,14,15,16,17,21,22,23,24,25,26,27,28,29,30,32,34,36,38,40,41,42,43,44,45,46,48,49
300, 0, 0, 60, 0, 28
CNF-SAT-VC: timeout
APPROX-VC-1: 4,5,6,7,8,10,11,16,21,22,23,24,27,28,29,30,32,33,35,36,38,41,43,46,48,49
APPROX-VC-2: 1,2,3,4,5,6,7,8,9,10,11,12,13,14,15,16,17,21,22,23,24,25,26,27,28,29,30,32,34,36,38,40,41,42,43,44,45,46,48,49
300, 0, 0, 77, 0, 74
CNF-SAT-VC: timeout
APPROX-VC-1: 4,5,6,7,8,10,11,16,21,22,23,24,27,28,29,30,32,33,35,36,38,41,43,46,48,49
APPROX-VC-2: 1,2,3,4,5,6,7,8,9,10,11,12,13,14,15,16,17,21,22,23,24,25,26,27,28,29,30,32,34,36,38,40,41,42,43,44,45,46,48,49
300, 0, 0, 34, 0, 35
CNF-SAT-VC: timeout
APPROX-VC-1: 4,5,6,7,8,10,11,16,21,22,23,24,27,28,29,30,32,33,35,36,38,41,43,46,48,49
APPROX-VC-2: 1,2,3,4,5,6,7,8,9,10,11,12,13,14,15,16,17,21,22,23,24,25,26,27,28,29,30,32,34,36,38,40,41,42,43,44,45,46,48,49
300, 0, 0, 75, 0, 71
CNF-SAT-VC: timeout
APPROX-VC-1: 4,5,6,7,8,10,11,16,21,22,23,24,27,28,29,30,32,33,35,36,38,41,43,46,48,49
APPROX-VC-2: 1,2,3,4,5,6,7,8,9,10,11,12,13,14,15,16,17,21,22,23,24,25,26,27,28,29,30,32,34,36,38,40,41,42,43,44,45,46,48,49
300, 0, 0, 63, 0, 28
CNF-SAT-VC: timeout
APPROX-VC-1: 4,5,6,7,8,10,11,16,21,22,23,24,27,28,29,30,32,33,35,36,38,41,43,46,48,49
APPROX-VC-2: 1,2,3,4,5,6,7,8,9,10,11,12,13,14,15,16,17,21,22,23,24,25,26,27,28,29,30,32,34,36,38,40,41,42,43,44,45,46,48,49
300, 0, 0, 83, 0, 80
CNF-SAT-VC: timeout
APPROX-VC-1: 4,5,6,7,8,10,11,16,21,22,23,24,27,28,29,30,32,33,35,36,38,41,43,46,48,49
APPROX-VC-2: 1,2,3,4,5,6,7,8,9,10,11,12,13,14,15,16,17,21,22,23,24,25,26,27,28,29,30,32,34,36,38,40,41,42,43,44,45,46,48,49
300, 0, 0, 64, 0, 28
CNF-SAT-VC: timeout
APPROX-VC-1: 1,2,3,4,7,12,13,14,15,16,17,20,23,25,26,27,28,31,33,36,37,38,39,43,44
APPROX-VC-2: 1,2,3,4,5,6,7,8,9,13,14,15,16,17,18,19,20,21,23,24,25,27,28,29,30,31,32,33,34,35,36,37,38,39,40,43,44,45,46,47,48,50
300, 0, 0, 107, 0, 112
CNF-SAT-VC: timeout
APPROX-VC-1: 1,2,3,4,7,12,13,14,15,16,17,20,23,25,26,27,28,31,33,36,37,38,39,43,44
APPROX-VC-2: 1,2,3,4,5,6,7,8,9,13,14,15,16,17,18,19,20,21,23,24,25,27,28,29,30,31,32,33,34,35,36,37,38,39,40,43,44,45,46,47,48,50
300, 0, 0, 78, 0, 54
CNF-SAT-VC: timeout
APPROX-VC-1: 1,2,3,4,7,12,13,14,15,16,17,20,23,25,26,27,28,31,33,36,37,38,39,43,44
APPROX-VC-2: 1,2,3,4,5,6,7,8,9,13,14,15,16,17,18,19,20,21,23,24,25,27,28,29,30,31,32,33,34,35,36,37,38,39,40,43,44,45,46,47,48,50
300, 0, 0, 70, 0, 69
CNF-SAT-VC: timeout
APPROX-VC-1: 1,2,3,4,7,12,13,14,15,16,17,20,23,25,26,27,28,31,33,36,37,38,39,43,44
APPROX-VC-2: 1,2,3,4,5,6,7,8,9,13,14,15,16,17,18,19,20,21,23,24,25,27,28,29,30,31,32,33,34,35,36,37,38,39,40,43,44,45,46,47,48,50
300, 0, 0, 30, 0, 32
CNF-SAT-VC: timeout
APPROX-VC-1: 1,2,3,4,7,12,13,14,15,16,17,20,23,25,26,27,28,31,33,36,37,38,39,43,44
APPROX-VC-2: 1,2,3,4,5,6,7,8,9,13,14,15,16,17,18,19,20,21,23,24,25,27,28,29,30,31,32,33,34,35,36,37,38,39,40,43,44,45,46,47,48,50
300, 0, 0, 59, 0, 67
CNF-SAT-VC: timeout
APPROX-VC-1: 1,2,3,4,7,12,13,14,15,16,17,20,23,25,26,27,28,31,33,36,37,38,39,43,44
APPROX-VC-2: 1,2,3,4,5,6,7,8,9,13,14,15,16,17,18,19,20,21,23,24,25,27,28,29,30,31,32,33,34,35,36,37,38,39,40,43,44,45,46,47,48,50
300, 0, 0, 79, 0, 74
CNF-SAT-VC: timeout
APPROX-VC-1: 1,2,3,4,7,12,13,14,15,16,17,20,23,25,26,27,28,31,33,36,37,38,39,43,44
APPROX-VC-2: 1,2,3,4,5,6,7,8,9,13,14,15,16,17,18,19,20,21,23,24,25,27,28,29,30,31,32,33,34,35,36,37,38,39,40,43,44,45,46,47,48,50
300, 0, 0, 53, 0, 29
CNF-SAT-VC: timeout
APPROX-VC-1: 1,2,3,4,7,12,13,14,15,16,17,20,23,25,26,27,28,31,33,36,37,38,39,43,44
APPROX-VC-2: 1,2,3,4,5,6,7,8,9,13,14,15,16,17,18,19,20,21,23,24,25,27,28,29,30,31,32,33,34,35,36,37,38,39,40,43,44,45,46,47,48,50
300, 0, 0, 31, 0, 65
CNF-SAT-VC: timeout
APPROX-VC-1: 1,2,3,4,7,12,13,14,15,16,17,20,23,25,26,27,28,31,33,36,37,38,39,43,44
APPROX-VC-2: 1,2,3,4,5,6,7,8,9,13,14,15,16,17,18,19,20,21,23,24,25,27,28,29,30,31,32,33,34,35,36,37,38,39,40,43,44,45,46,47,48,50
300, 0, 0, 73, 0, 70
CNF-SAT-VC: timeout
APPROX-VC-1: 1,2,3,4,7,12,13,14,15,16,17,20,23,25,26,27,28,31,33,36,37,38,39,43,44
APPROX-VC-2: 1,2,3,4,5,6,7,8,9,13,14,15,16,17,18,19,20,21,23,24,25,27,28,29,30,31,32,33,34,35,36,37,38,39,40,43,44,45,46,47,48,50
300, 0, 0, 62, 0, 29
CNF-SAT-VC: timeout
APPROX-VC-1: 1,3,4,5,8,10,11,12,14,15,16,18,19,20,22,24,25,27,28,29,30,31,34,40,46
APPROX-VC-2: 1,2,3,4,5,8,10,11,12,13,14,15,17,18,19,20,23,24,25,26,27,28,29,30,31,32,33,34,40,41,43,44,45,46,47,50
300, 0, 0, 77, 0, 72
CNF-SAT-VC: timeout
APPROX-VC-1: 1,3,4,5,8,10,11,12,14,15,16,18,19,20,22,24,25,27,28,29,30,31,34,40,46
APPROX-VC-2: 1,2,3,4,5,8,10,11,12,13,14,15,17,18,19,20,23,24,25,26,27,28,29,30,31,32,33,34,40,41,43,44,45,46,47,50
300, 0, 0, 65, 0, 33
CNF-SAT-VC: timeout
APPROX-VC-1: 1,3,4,5,8,10,11,12,14,15,16,18,19,20,22,24,25,27,28,29,30,31,34,40,46
APPROX-VC-2: 1,2,3,4,5,8,10,11,12,13,14,15,17,18,19,20,23,24,25,26,27,28,29,30,31,32,33,34,40,41,43,44,45,46,47,50
300, 0, 0, 59, 0, 26
CNF-SAT-VC: timeout
APPROX-VC-1: 1,3,4,5,8,10,11,12,14,15,16,18,19,20,22,24,25,27,28,29,30,31,34,40,46
APPROX-VC-2: 1,2,3,4,5,8,10,11,12,13,14,15,17,18,19,20,23,24,25,26,27,28,29,30,31,32,33,34,40,41,43,44,45,46,47,50
300, 0, 0, 59, 0, 26
CNF-SAT-VC: timeout
APPROX-VC-1: 1,3,4,5,8,10,11,12,14,15,16,18,19,20,22,24,25,27,28,29,30,31,34,40,46
APPROX-VC-2: 1,2,3,4,5,8,10,11,12,13,14,15,17,18,19,20,23,24,25,26,27,28,29,30,31,32,33,34,40,41,43,44,45,46,47,50
300, 0, 0, 76, 0, 71
CNF-SAT-VC: timeout
APPROX-VC-1: 1,3,4,5,8,10,11,12,14,15,16,18,19,20,22,24,25,27,28,29,30,31,34,40,46
APPROX-VC-2: 1,2,3,4,5,8,10,11,12,13,14,15,17,18,19,20,23,24,25,26,27,28,29,30,31,32,33,34,40,41,43,44,45,46,47,50
300, 0, 0, 77, 0, 72
CNF-SAT-VC: timeout
APPROX-VC-1: 1,3,4,5,8,10,11,12,14,15,16,18,19,20,22,24,25,27,28,29,30,31,34,40,46
APPROX-VC-2: 1,2,3,4,5,8,10,11,12,13,14,15,17,18,19,20,23,24,25,26,27,28,29,30,31,32,33,34,40,41,43,44,45,46,47,50
300, 0, 0, 77, 0, 73
CNF-SAT-VC: timeout
APPROX-VC-1: 1,3,4,5,8,10,11,12,14,15,16,18,19,20,22,24,25,27,28,29,30,31,34,40,46
APPROX-VC-2: 1,2,3,4,5,8,10,11,12,13,14,15,17,18,19,20,23,24,25,26,27,28,29,30,31,32,33,34,40,41,43,44,45,46,47,50
300, 0, 0, 61, 0, 26
CNF-SAT-VC: timeout
APPROX-VC-1: 1,3,4,5,8,10,11,12,14,15,16,18,19,20,22,24,25,27,28,29,30,31,34,40,46
APPROX-VC-2: 1,2,3,4,5,8,10,11,12,13,14,15,17,18,19,20,23,24,25,26,27,28,29,30,31,32,33,34,40,41,43,44,45,46,47,50
300, 0, 0, 81, 0, 73
CNF-SAT-VC: timeout
APPROX-VC-1: 1,3,4,5,8,10,11,12,14,15,16,18,19,20,22,24,25,27,28,29,30,31,34,40,46
APPROX-VC-2: 1,2,3,4,5,8,10,11,12,13,14,15,17,18,19,20,23,24,25,26,27,28,29,30,31,32,33,34,40,41,43,44,45,46,47,50
300, 0, 0, 61, 0, 27
